2024-03-11 15:25:51,374 - mmcls - INFO - Environment info:
------------------------------------------------------------
sys.platform: linux
Python: 3.7.16 (default, Jan 17 2023, 22:20:44) [GCC 11.2.0]
CUDA available: True
GPU 0: NVIDIA GeForce RTX 2080 Ti
CUDA_HOME: /usr/local/cuda
NVCC: Cuda compilation tools, release 11.8, V11.8.89
GCC: gcc (Ubuntu 11.4.0-1ubuntu1~22.04) 11.4.0
PyTorch: 1.7.1
PyTorch compiling details: PyTorch built with:
  - GCC 7.3
  - C++ Version: 201402
  - Intel(R) oneAPI Math Kernel Library Version 2021.4-Product Build 20210904 for Intel(R) 64 architecture applications
  - Intel(R) MKL-DNN v1.6.0 (Git Hash 5ef631a030a6f73131c77892041042805a06064f)
  - OpenMP 201511 (a.k.a. OpenMP 4.5)
  - NNPACK is enabled
  - CPU capability usage: AVX2
  - CUDA Runtime 10.1
  - NVCC architecture flags: -gencode;arch=compute_37,code=sm_37;-gencode;arch=compute_50,code=sm_50;-gencode;arch=compute_60,code=sm_60;-gencode;arch=compute_61,code=sm_61;-gencode;arch=compute_70,code=sm_70;-gencode;arch=compute_75,code=sm_75;-gencode;arch=compute_37,code=compute_37
  - CuDNN 7.6.3
  - Magma 2.5.2
  - Build settings: BLAS=MKL, BUILD_TYPE=Release, CXX_FLAGS= -Wno-deprecated -fvisibility-inlines-hidden -DUSE_PTHREADPOOL -fopenmp -DNDEBUG -DUSE_FBGEMM -DUSE_QNNPACK -DUSE_PYTORCH_QNNPACK -DUSE_XNNPACK -DUSE_VULKAN_WRAPPER -O2 -fPIC -Wno-narrowing -Wall -Wextra -Werror=return-type -Wno-missing-field-initializers -Wno-type-limits -Wno-array-bounds -Wno-unknown-pragmas -Wno-sign-compare -Wno-unused-parameter -Wno-unused-variable -Wno-unused-function -Wno-unused-result -Wno-unused-local-typedefs -Wno-strict-overflow -Wno-strict-aliasing -Wno-error=deprecated-declarations -Wno-stringop-overflow -Wno-psabi -Wno-error=pedantic -Wno-error=redundant-decls -Wno-error=old-style-cast -fdiagnostics-color=always -faligned-new -Wno-unused-but-set-variable -Wno-maybe-uninitialized -fno-math-errno -fno-trapping-math -Werror=format -Wno-stringop-overflow, PERF_WITH_AVX=1, PERF_WITH_AVX2=1, PERF_WITH_AVX512=1, USE_CUDA=ON, USE_EXCEPTION_PTR=1, USE_GFLAGS=OFF, USE_GLOG=OFF, USE_MKL=ON, USE_MKLDNN=ON, USE_MPI=OFF, USE_NCCL=ON, USE_NNPACK=ON, USE_OPENMP=ON, 

TorchVision: 0.8.2
OpenCV: 4.9.0
MMCV: 1.5.0
MMCV Compiler: GCC 11.4
MMCV CUDA Compiler: 11.8
MMClassification: 0.15.0+8da8108
------------------------------------------------------------

2024-03-11 15:25:51,375 - mmcls - INFO - Distributed training: False
2024-03-11 15:25:51,578 - mmcls - INFO - Config:
model = dict(
    type='ImageClassifier',
    backbone=dict(type='VGG', depth=13, num_classes=17),
    neck=None,
    head=dict(
        type='ClsHead',
        loss=dict(type='CrossEntropyLoss', loss_weight=1.0),
        topk=(1, 5)))
dataset_type = 'Flowers'
img_norm_cfg = dict(
    mean=[123.675, 116.28, 103.53], std=[58.395, 57.12, 57.375], to_rgb=True)
train_pipeline = [
    dict(type='LoadImageFromFile'),
    dict(type='RandomResizedCrop', size=224),
    dict(type='RandomFlip', flip_prob=0.5, direction='horizontal'),
    dict(
        type='Normalize',
        mean=[123.675, 116.28, 103.53],
        std=[58.395, 57.12, 57.375],
        to_rgb=True),
    dict(type='ImageToTensor', keys=['img']),
    dict(type='ToTensor', keys=['gt_label']),
    dict(type='Collect', keys=['img', 'gt_label'])
]
test_pipeline = [
    dict(type='LoadImageFromFile'),
    dict(type='Resize', size=(256, -1)),
    dict(type='CenterCrop', crop_size=224),
    dict(
        type='Normalize',
        mean=[123.675, 116.28, 103.53],
        std=[58.395, 57.12, 57.375],
        to_rgb=True),
    dict(type='ImageToTensor', keys=['img']),
    dict(type='Collect', keys=['img'])
]
data = dict(
    samples_per_gpu=32,
    workers_per_gpu=1,
    train=dict(
        type='Flowers',
        data_prefix='data/flowers/train',
        ann_file='data/flowers/meta/train.txt',
        pipeline=[
            dict(type='LoadImageFromFile'),
            dict(type='RandomResizedCrop', size=224),
            dict(type='RandomFlip', flip_prob=0.5, direction='horizontal'),
            dict(
                type='Normalize',
                mean=[123.675, 116.28, 103.53],
                std=[58.395, 57.12, 57.375],
                to_rgb=True),
            dict(type='ImageToTensor', keys=['img']),
            dict(type='ToTensor', keys=['gt_label']),
            dict(type='Collect', keys=['img', 'gt_label'])
        ]),
    val=dict(
        type='Flowers',
        data_prefix='data/flowers/val',
        ann_file='data/flowers/meta/val.txt',
        pipeline=[
            dict(type='LoadImageFromFile'),
            dict(type='Resize', size=(256, -1)),
            dict(type='CenterCrop', crop_size=224),
            dict(
                type='Normalize',
                mean=[123.675, 116.28, 103.53],
                std=[58.395, 57.12, 57.375],
                to_rgb=True),
            dict(type='ImageToTensor', keys=['img']),
            dict(type='Collect', keys=['img'])
        ]),
    test=dict(
        type='Flowers',
        data_prefix='data/flowers/val',
        ann_file='data/flowers/meta/val.txt',
        pipeline=[
            dict(type='LoadImageFromFile'),
            dict(type='Resize', size=(256, -1)),
            dict(type='CenterCrop', crop_size=224),
            dict(
                type='Normalize',
                mean=[123.675, 116.28, 103.53],
                std=[58.395, 57.12, 57.375],
                to_rgb=True),
            dict(type='ImageToTensor', keys=['img']),
            dict(type='Collect', keys=['img'])
        ]))
evaluation = dict(interval=1, metric='accuracy')
optimizer = dict(type='SGD', lr=0.01, momentum=0.9, weight_decay=0.0001)
optimizer_config = dict(grad_clip=None)
lr_config = dict(policy='step', step=[100, 150])
runner = dict(type='EpochBasedRunner', max_epochs=100)
checkpoint_config = dict(interval=3)
log_config = dict(interval=100, hooks=[dict(type='TextLoggerHook')])
dist_params = dict(backend='nccl')
log_level = 'INFO'
load_from = None
resume_from = None
workflow = [('train', 1)]
work_dir = 'output/vgg13_b32x8_flowers'
gpu_ids = range(0, 1)

2024-03-11 15:25:52,896 - mmcls - INFO - initialize VGG with init_cfg [{'type': 'Kaiming', 'layer': ['Conv2d']}, {'type': 'Constant', 'val': 1.0, 'layer': ['_BatchNorm']}, {'type': 'Normal', 'std': 0.01, 'layer': ['Linear']}]
Name of parameter - Initialization information

backbone.features.0.conv.weight - torch.Size([64, 3, 3, 3]): 
KaimingInit: a=0, mode=fan_out, nonlinearity=relu, distribution =normal, bias=0 

backbone.features.0.conv.bias - torch.Size([64]): 
The value is the same before and after calling `init_weights` of ImageClassifier  

backbone.features.1.conv.weight - torch.Size([64, 64, 3, 3]): 
KaimingInit: a=0, mode=fan_out, nonlinearity=relu, distribution =normal, bias=0 

backbone.features.1.conv.bias - torch.Size([64]): 
The value is the same before and after calling `init_weights` of ImageClassifier  

backbone.features.3.conv.weight - torch.Size([128, 64, 3, 3]): 
KaimingInit: a=0, mode=fan_out, nonlinearity=relu, distribution =normal, bias=0 

backbone.features.3.conv.bias - torch.Size([128]): 
The value is the same before and after calling `init_weights` of ImageClassifier  

backbone.features.4.conv.weight - torch.Size([128, 128, 3, 3]): 
KaimingInit: a=0, mode=fan_out, nonlinearity=relu, distribution =normal, bias=0 

backbone.features.4.conv.bias - torch.Size([128]): 
The value is the same before and after calling `init_weights` of ImageClassifier  

backbone.features.6.conv.weight - torch.Size([256, 128, 3, 3]): 
KaimingInit: a=0, mode=fan_out, nonlinearity=relu, distribution =normal, bias=0 

backbone.features.6.conv.bias - torch.Size([256]): 
The value is the same before and after calling `init_weights` of ImageClassifier  

backbone.features.7.conv.weight - torch.Size([256, 256, 3, 3]): 
KaimingInit: a=0, mode=fan_out, nonlinearity=relu, distribution =normal, bias=0 

backbone.features.7.conv.bias - torch.Size([256]): 
The value is the same before and after calling `init_weights` of ImageClassifier  

backbone.features.9.conv.weight - torch.Size([512, 256, 3, 3]): 
KaimingInit: a=0, mode=fan_out, nonlinearity=relu, distribution =normal, bias=0 

backbone.features.9.conv.bias - torch.Size([512]): 
The value is the same before and after calling `init_weights` of ImageClassifier  

backbone.features.10.conv.weight - torch.Size([512, 512, 3, 3]): 
KaimingInit: a=0, mode=fan_out, nonlinearity=relu, distribution =normal, bias=0 

backbone.features.10.conv.bias - torch.Size([512]): 
The value is the same before and after calling `init_weights` of ImageClassifier  

backbone.features.12.conv.weight - torch.Size([512, 512, 3, 3]): 
KaimingInit: a=0, mode=fan_out, nonlinearity=relu, distribution =normal, bias=0 

backbone.features.12.conv.bias - torch.Size([512]): 
The value is the same before and after calling `init_weights` of ImageClassifier  

backbone.features.13.conv.weight - torch.Size([512, 512, 3, 3]): 
KaimingInit: a=0, mode=fan_out, nonlinearity=relu, distribution =normal, bias=0 

backbone.features.13.conv.bias - torch.Size([512]): 
The value is the same before and after calling `init_weights` of ImageClassifier  

backbone.classifier.0.weight - torch.Size([4096, 25088]): 
NormalInit: mean=0, std=0.01, bias=0 

backbone.classifier.0.bias - torch.Size([4096]): 
NormalInit: mean=0, std=0.01, bias=0 

backbone.classifier.3.weight - torch.Size([4096, 4096]): 
NormalInit: mean=0, std=0.01, bias=0 

backbone.classifier.3.bias - torch.Size([4096]): 
NormalInit: mean=0, std=0.01, bias=0 

backbone.classifier.6.weight - torch.Size([17, 4096]): 
NormalInit: mean=0, std=0.01, bias=0 

backbone.classifier.6.bias - torch.Size([17]): 
NormalInit: mean=0, std=0.01, bias=0 
2024-03-11 15:25:57,803 - mmcls - INFO - Start running, host: robby42@gpu2-comp-102, work_dir: /userhome/cs2/robby42/anaconda3/oxford-cnn/output/vgg13_b32x8_flowers
2024-03-11 15:25:57,804 - mmcls - INFO - Hooks will be executed in the following order:
before_run:
(VERY_HIGH   ) StepLrUpdaterHook                  
(NORMAL      ) CheckpointHook                     
(NORMAL      ) EvalHook                           
(VERY_LOW    ) TextLoggerHook                     
 -------------------- 
before_train_epoch:
(VERY_HIGH   ) StepLrUpdaterHook                  
(NORMAL      ) EvalHook                           
(LOW         ) IterTimerHook                      
(VERY_LOW    ) TextLoggerHook                     
 -------------------- 
before_train_iter:
(VERY_HIGH   ) StepLrUpdaterHook                  
(NORMAL      ) EvalHook                           
(LOW         ) IterTimerHook                      
 -------------------- 
after_train_iter:
(ABOVE_NORMAL) OptimizerHook                      
(NORMAL      ) CheckpointHook                     
(NORMAL      ) EvalHook                           
(LOW         ) IterTimerHook                      
(VERY_LOW    ) TextLoggerHook                     
 -------------------- 
after_train_epoch:
(NORMAL      ) CheckpointHook                     
(NORMAL      ) EvalHook                           
(VERY_LOW    ) TextLoggerHook                     
 -------------------- 
before_val_epoch:
(LOW         ) IterTimerHook                      
(VERY_LOW    ) TextLoggerHook                     
 -------------------- 
before_val_iter:
(LOW         ) IterTimerHook                      
 -------------------- 
after_val_iter:
(LOW         ) IterTimerHook                      
 -------------------- 
after_val_epoch:
(VERY_LOW    ) TextLoggerHook                     
 -------------------- 
after_run:
(VERY_LOW    ) TextLoggerHook                     
 -------------------- 
2024-03-11 15:25:57,804 - mmcls - INFO - workflow: [('train', 1)], max: 100 epochs
2024-03-11 15:25:57,804 - mmcls - INFO - Checkpoints will be saved to /userhome/cs2/robby42/anaconda3/oxford-cnn/output/vgg13_b32x8_flowers by HardDiskBackend.
2024-03-11 15:26:14,187 - mmcls - INFO - Epoch(val) [1][6]	accuracy_top-1: 5.8824, accuracy_top-5: 40.0000
2024-03-11 15:26:26,275 - mmcls - INFO - Epoch(val) [2][6]	accuracy_top-1: 5.8824, accuracy_top-5: 30.5882
2024-03-11 15:26:37,552 - mmcls - INFO - Saving checkpoint at 3 epochs
2024-03-11 15:26:45,468 - mmcls - INFO - Epoch(val) [3][6]	accuracy_top-1: 8.8235, accuracy_top-5: 41.7647
2024-03-11 15:26:57,218 - mmcls - INFO - Epoch(val) [4][6]	accuracy_top-1: 10.5882, accuracy_top-5: 51.1765
2024-03-11 15:27:09,088 - mmcls - INFO - Epoch(val) [5][6]	accuracy_top-1: 11.7647, accuracy_top-5: 59.4118
2024-03-11 15:27:19,288 - mmcls - INFO - Saving checkpoint at 6 epochs
2024-03-11 15:27:26,738 - mmcls - INFO - Epoch(val) [6][6]	accuracy_top-1: 12.3529, accuracy_top-5: 69.4118
2024-03-11 15:27:38,475 - mmcls - INFO - Epoch(val) [7][6]	accuracy_top-1: 19.4118, accuracy_top-5: 68.8235
2024-03-11 15:27:50,304 - mmcls - INFO - Epoch(val) [8][6]	accuracy_top-1: 27.0588, accuracy_top-5: 70.0000
2024-03-11 15:28:01,194 - mmcls - INFO - Saving checkpoint at 9 epochs
2024-03-11 15:28:08,939 - mmcls - INFO - Epoch(val) [9][6]	accuracy_top-1: 28.8235, accuracy_top-5: 76.4706
2024-03-11 15:28:21,653 - mmcls - INFO - Epoch(val) [10][6]	accuracy_top-1: 27.0588, accuracy_top-5: 75.8824
2024-03-11 15:28:34,909 - mmcls - INFO - Epoch(val) [11][6]	accuracy_top-1: 6.4706, accuracy_top-5: 40.5882
2024-03-11 15:28:46,124 - mmcls - INFO - Saving checkpoint at 12 epochs
2024-03-11 15:28:55,000 - mmcls - INFO - Epoch(val) [12][6]	accuracy_top-1: 6.4706, accuracy_top-5: 42.3529
2024-03-11 15:29:07,502 - mmcls - INFO - Epoch(val) [13][6]	accuracy_top-1: 27.0588, accuracy_top-5: 80.0000
2024-03-11 15:29:20,362 - mmcls - INFO - Epoch(val) [14][6]	accuracy_top-1: 28.2353, accuracy_top-5: 76.4706
2024-03-11 15:29:31,534 - mmcls - INFO - Saving checkpoint at 15 epochs
2024-03-11 15:29:39,256 - mmcls - INFO - Epoch(val) [15][6]	accuracy_top-1: 32.3529, accuracy_top-5: 85.2941
2024-03-11 15:29:50,880 - mmcls - INFO - Epoch(val) [16][6]	accuracy_top-1: 30.0000, accuracy_top-5: 78.8235
2024-03-11 15:30:02,808 - mmcls - INFO - Epoch(val) [17][6]	accuracy_top-1: 32.3529, accuracy_top-5: 80.5882
2024-03-11 15:30:13,077 - mmcls - INFO - Saving checkpoint at 18 epochs
2024-03-11 15:30:20,909 - mmcls - INFO - Epoch(val) [18][6]	accuracy_top-1: 36.4706, accuracy_top-5: 81.7647
2024-03-11 15:30:33,644 - mmcls - INFO - Epoch(val) [19][6]	accuracy_top-1: 31.7647, accuracy_top-5: 86.4706
2024-03-11 15:30:45,653 - mmcls - INFO - Epoch(val) [20][6]	accuracy_top-1: 35.8824, accuracy_top-5: 84.1176
2024-03-11 15:30:56,453 - mmcls - INFO - Saving checkpoint at 21 epochs
2024-03-11 15:31:04,635 - mmcls - INFO - Epoch(val) [21][6]	accuracy_top-1: 42.3529, accuracy_top-5: 90.0000
2024-03-11 15:31:16,439 - mmcls - INFO - Epoch(val) [22][6]	accuracy_top-1: 8.8235, accuracy_top-5: 44.1176
2024-03-11 15:31:28,797 - mmcls - INFO - Epoch(val) [23][6]	accuracy_top-1: 21.1765, accuracy_top-5: 65.2941
2024-03-11 15:31:39,929 - mmcls - INFO - Saving checkpoint at 24 epochs
2024-03-11 15:31:47,528 - mmcls - INFO - Epoch(val) [24][6]	accuracy_top-1: 39.4118, accuracy_top-5: 82.3529
2024-03-11 15:31:59,864 - mmcls - INFO - Epoch(val) [25][6]	accuracy_top-1: 27.0588, accuracy_top-5: 78.8235
2024-03-11 15:32:11,954 - mmcls - INFO - Epoch(val) [26][6]	accuracy_top-1: 30.5882, accuracy_top-5: 82.3529
2024-03-11 15:32:22,570 - mmcls - INFO - Saving checkpoint at 27 epochs
2024-03-11 15:32:30,894 - mmcls - INFO - Epoch(val) [27][6]	accuracy_top-1: 32.9412, accuracy_top-5: 82.3529
2024-03-11 15:32:42,806 - mmcls - INFO - Epoch(val) [28][6]	accuracy_top-1: 30.0000, accuracy_top-5: 75.8824
2024-03-11 15:32:54,697 - mmcls - INFO - Epoch(val) [29][6]	accuracy_top-1: 42.3529, accuracy_top-5: 82.3529
2024-03-11 15:33:05,108 - mmcls - INFO - Saving checkpoint at 30 epochs
2024-03-11 15:33:12,519 - mmcls - INFO - Epoch(val) [30][6]	accuracy_top-1: 45.2941, accuracy_top-5: 87.0588
2024-03-11 15:33:24,610 - mmcls - INFO - Epoch(val) [31][6]	accuracy_top-1: 44.1176, accuracy_top-5: 90.5882
2024-03-11 15:33:36,566 - mmcls - INFO - Epoch(val) [32][6]	accuracy_top-1: 42.9412, accuracy_top-5: 87.0588
2024-03-11 15:33:47,084 - mmcls - INFO - Saving checkpoint at 33 epochs
2024-03-11 15:33:54,953 - mmcls - INFO - Epoch(val) [33][6]	accuracy_top-1: 43.5294, accuracy_top-5: 88.2353
2024-03-11 15:34:07,505 - mmcls - INFO - Epoch(val) [34][6]	accuracy_top-1: 38.2353, accuracy_top-5: 90.0000
2024-03-11 15:34:19,860 - mmcls - INFO - Epoch(val) [35][6]	accuracy_top-1: 41.1765, accuracy_top-5: 88.8235
2024-03-11 15:34:30,466 - mmcls - INFO - Saving checkpoint at 36 epochs
2024-03-11 15:34:38,078 - mmcls - INFO - Epoch(val) [36][6]	accuracy_top-1: 52.3529, accuracy_top-5: 91.1765
2024-03-11 15:34:50,045 - mmcls - INFO - Epoch(val) [37][6]	accuracy_top-1: 24.7059, accuracy_top-5: 68.8235
2024-03-11 15:35:02,105 - mmcls - INFO - Epoch(val) [38][6]	accuracy_top-1: 41.1765, accuracy_top-5: 90.5882
2024-03-11 15:35:12,292 - mmcls - INFO - Saving checkpoint at 39 epochs
2024-03-11 15:35:20,072 - mmcls - INFO - Epoch(val) [39][6]	accuracy_top-1: 35.2941, accuracy_top-5: 88.2353
2024-03-11 15:35:32,669 - mmcls - INFO - Epoch(val) [40][6]	accuracy_top-1: 42.3529, accuracy_top-5: 91.7647
2024-03-11 15:35:45,169 - mmcls - INFO - Epoch(val) [41][6]	accuracy_top-1: 47.0588, accuracy_top-5: 91.7647
2024-03-11 15:35:56,577 - mmcls - INFO - Saving checkpoint at 42 epochs
2024-03-11 15:36:04,475 - mmcls - INFO - Epoch(val) [42][6]	accuracy_top-1: 49.4118, accuracy_top-5: 94.1176
2024-03-11 15:36:16,283 - mmcls - INFO - Epoch(val) [43][6]	accuracy_top-1: 47.6471, accuracy_top-5: 91.7647
2024-03-11 15:36:28,514 - mmcls - INFO - Epoch(val) [44][6]	accuracy_top-1: 51.7647, accuracy_top-5: 91.7647
2024-03-11 15:36:38,934 - mmcls - INFO - Saving checkpoint at 45 epochs
2024-03-11 15:36:46,587 - mmcls - INFO - Epoch(val) [45][6]	accuracy_top-1: 61.1765, accuracy_top-5: 94.1176
2024-03-11 15:36:58,249 - mmcls - INFO - Epoch(val) [46][6]	accuracy_top-1: 51.7647, accuracy_top-5: 92.3529
2024-03-11 15:37:10,071 - mmcls - INFO - Epoch(val) [47][6]	accuracy_top-1: 59.4118, accuracy_top-5: 93.5294
2024-03-11 15:37:20,607 - mmcls - INFO - Saving checkpoint at 48 epochs
2024-03-11 15:37:28,305 - mmcls - INFO - Epoch(val) [48][6]	accuracy_top-1: 58.8235, accuracy_top-5: 95.8824
2024-03-11 15:37:40,245 - mmcls - INFO - Epoch(val) [49][6]	accuracy_top-1: 57.0588, accuracy_top-5: 96.4706
2024-03-11 15:37:51,871 - mmcls - INFO - Epoch(val) [50][6]	accuracy_top-1: 58.8235, accuracy_top-5: 95.8824
2024-03-11 15:38:01,932 - mmcls - INFO - Saving checkpoint at 51 epochs
2024-03-11 15:38:09,504 - mmcls - INFO - Epoch(val) [51][6]	accuracy_top-1: 54.7059, accuracy_top-5: 93.5294
2024-03-11 15:38:21,821 - mmcls - INFO - Epoch(val) [52][6]	accuracy_top-1: 54.1176, accuracy_top-5: 94.7059
2024-03-11 15:38:33,120 - mmcls - INFO - Epoch(val) [53][6]	accuracy_top-1: 56.4706, accuracy_top-5: 94.1176
2024-03-11 15:38:43,690 - mmcls - INFO - Saving checkpoint at 54 epochs
2024-03-11 15:38:51,526 - mmcls - INFO - Epoch(val) [54][6]	accuracy_top-1: 57.6471, accuracy_top-5: 95.8824
2024-03-11 15:39:03,472 - mmcls - INFO - Epoch(val) [55][6]	accuracy_top-1: 61.1765, accuracy_top-5: 92.9412
2024-03-11 15:39:15,537 - mmcls - INFO - Epoch(val) [56][6]	accuracy_top-1: 64.1176, accuracy_top-5: 95.8824
2024-03-11 15:39:25,713 - mmcls - INFO - Saving checkpoint at 57 epochs
2024-03-11 15:39:32,988 - mmcls - INFO - Epoch(val) [57][6]	accuracy_top-1: 57.0588, accuracy_top-5: 94.7059
2024-03-11 15:39:44,820 - mmcls - INFO - Epoch(val) [58][6]	accuracy_top-1: 61.1765, accuracy_top-5: 95.2941
2024-03-11 15:39:56,400 - mmcls - INFO - Epoch(val) [59][6]	accuracy_top-1: 61.7647, accuracy_top-5: 97.0588
2024-03-11 15:40:06,575 - mmcls - INFO - Saving checkpoint at 60 epochs
2024-03-11 15:40:14,128 - mmcls - INFO - Epoch(val) [60][6]	accuracy_top-1: 58.8235, accuracy_top-5: 95.2941
2024-03-11 15:40:25,746 - mmcls - INFO - Epoch(val) [61][6]	accuracy_top-1: 66.4706, accuracy_top-5: 97.6471
2024-03-11 15:40:38,084 - mmcls - INFO - Epoch(val) [62][6]	accuracy_top-1: 59.4118, accuracy_top-5: 95.2941
2024-03-11 15:40:48,676 - mmcls - INFO - Saving checkpoint at 63 epochs
2024-03-11 15:40:56,610 - mmcls - INFO - Epoch(val) [63][6]	accuracy_top-1: 60.0000, accuracy_top-5: 97.0588
2024-03-11 15:41:08,430 - mmcls - INFO - Epoch(val) [64][6]	accuracy_top-1: 57.6471, accuracy_top-5: 90.0000
2024-03-11 15:41:20,187 - mmcls - INFO - Epoch(val) [65][6]	accuracy_top-1: 61.1765, accuracy_top-5: 92.3529
2024-03-11 15:41:30,558 - mmcls - INFO - Saving checkpoint at 66 epochs
2024-03-11 15:41:38,235 - mmcls - INFO - Epoch(val) [66][6]	accuracy_top-1: 56.4706, accuracy_top-5: 89.4118
2024-03-11 15:41:49,950 - mmcls - INFO - Epoch(val) [67][6]	accuracy_top-1: 44.1176, accuracy_top-5: 87.0588
2024-03-11 15:42:01,470 - mmcls - INFO - Epoch(val) [68][6]	accuracy_top-1: 61.1765, accuracy_top-5: 96.4706
2024-03-11 15:42:11,655 - mmcls - INFO - Saving checkpoint at 69 epochs
2024-03-11 15:42:19,125 - mmcls - INFO - Epoch(val) [69][6]	accuracy_top-1: 65.8824, accuracy_top-5: 97.0588
2024-03-11 15:42:30,873 - mmcls - INFO - Epoch(val) [70][6]	accuracy_top-1: 61.7647, accuracy_top-5: 96.4706
2024-03-11 15:42:42,746 - mmcls - INFO - Epoch(val) [71][6]	accuracy_top-1: 61.7647, accuracy_top-5: 94.7059
2024-03-11 15:42:53,398 - mmcls - INFO - Saving checkpoint at 72 epochs
2024-03-11 15:43:00,976 - mmcls - INFO - Epoch(val) [72][6]	accuracy_top-1: 67.6471, accuracy_top-5: 97.0588
2024-03-11 15:43:13,125 - mmcls - INFO - Epoch(val) [73][6]	accuracy_top-1: 72.9412, accuracy_top-5: 97.6471
2024-03-11 15:43:25,069 - mmcls - INFO - Epoch(val) [74][6]	accuracy_top-1: 70.0000, accuracy_top-5: 97.0588
2024-03-11 15:43:35,463 - mmcls - INFO - Saving checkpoint at 75 epochs
2024-03-11 15:43:43,496 - mmcls - INFO - Epoch(val) [75][6]	accuracy_top-1: 68.2353, accuracy_top-5: 98.2353
2024-03-11 15:43:54,910 - mmcls - INFO - Epoch(val) [76][6]	accuracy_top-1: 79.4118, accuracy_top-5: 99.4118
2024-03-11 15:44:06,658 - mmcls - INFO - Epoch(val) [77][6]	accuracy_top-1: 74.7059, accuracy_top-5: 98.8235
2024-03-11 15:44:17,212 - mmcls - INFO - Saving checkpoint at 78 epochs
2024-03-11 15:44:24,772 - mmcls - INFO - Epoch(val) [78][6]	accuracy_top-1: 80.0000, accuracy_top-5: 99.4118
2024-03-11 15:44:36,703 - mmcls - INFO - Epoch(val) [79][6]	accuracy_top-1: 82.3529, accuracy_top-5: 99.4118
2024-03-11 15:44:49,265 - mmcls - INFO - Epoch(val) [80][6]	accuracy_top-1: 76.4706, accuracy_top-5: 98.8235
2024-03-11 15:44:59,859 - mmcls - INFO - Saving checkpoint at 81 epochs
2024-03-11 15:45:07,441 - mmcls - INFO - Epoch(val) [81][6]	accuracy_top-1: 65.8824, accuracy_top-5: 97.6471
2024-03-11 15:45:19,150 - mmcls - INFO - Epoch(val) [82][6]	accuracy_top-1: 67.6471, accuracy_top-5: 96.4706
2024-03-11 15:45:30,733 - mmcls - INFO - Epoch(val) [83][6]	accuracy_top-1: 75.2941, accuracy_top-5: 97.6471
2024-03-11 15:45:41,076 - mmcls - INFO - Saving checkpoint at 84 epochs
2024-03-11 15:45:48,978 - mmcls - INFO - Epoch(val) [84][6]	accuracy_top-1: 77.0588, accuracy_top-5: 99.4118
2024-03-11 15:46:01,344 - mmcls - INFO - Epoch(val) [85][6]	accuracy_top-1: 75.2941, accuracy_top-5: 97.6471
2024-03-11 15:46:13,043 - mmcls - INFO - Epoch(val) [86][6]	accuracy_top-1: 83.5294, accuracy_top-5: 100.0000
2024-03-11 15:46:23,397 - mmcls - INFO - Saving checkpoint at 87 epochs
2024-03-11 15:46:30,882 - mmcls - INFO - Epoch(val) [87][6]	accuracy_top-1: 73.5294, accuracy_top-5: 98.2353
2024-03-11 15:46:42,756 - mmcls - INFO - Epoch(val) [88][6]	accuracy_top-1: 81.1765, accuracy_top-5: 99.4118
2024-03-11 15:46:54,630 - mmcls - INFO - Epoch(val) [89][6]	accuracy_top-1: 78.2353, accuracy_top-5: 98.8235
2024-03-11 15:47:04,925 - mmcls - INFO - Saving checkpoint at 90 epochs
2024-03-11 15:47:12,830 - mmcls - INFO - Epoch(val) [90][6]	accuracy_top-1: 78.8235, accuracy_top-5: 98.2353
2024-03-11 15:47:24,761 - mmcls - INFO - Epoch(val) [91][6]	accuracy_top-1: 82.9412, accuracy_top-5: 99.4118
2024-03-11 15:47:37,463 - mmcls - INFO - Epoch(val) [92][6]	accuracy_top-1: 68.8235, accuracy_top-5: 98.8235
2024-03-11 15:47:48,610 - mmcls - INFO - Saving checkpoint at 93 epochs
2024-03-11 15:47:56,232 - mmcls - INFO - Epoch(val) [93][6]	accuracy_top-1: 74.1176, accuracy_top-5: 97.0588
2024-03-11 15:48:08,058 - mmcls - INFO - Epoch(val) [94][6]	accuracy_top-1: 78.8235, accuracy_top-5: 98.2353
2024-03-11 15:48:19,563 - mmcls - INFO - Epoch(val) [95][6]	accuracy_top-1: 81.7647, accuracy_top-5: 99.4118
2024-03-11 15:48:30,154 - mmcls - INFO - Saving checkpoint at 96 epochs
2024-03-11 15:48:38,136 - mmcls - INFO - Epoch(val) [96][6]	accuracy_top-1: 79.4118, accuracy_top-5: 98.8235
2024-03-11 15:48:49,790 - mmcls - INFO - Epoch(val) [97][6]	accuracy_top-1: 80.5882, accuracy_top-5: 100.0000
2024-03-11 15:49:01,934 - mmcls - INFO - Epoch(val) [98][6]	accuracy_top-1: 80.5882, accuracy_top-5: 99.4118
2024-03-11 15:49:12,766 - mmcls - INFO - Saving checkpoint at 99 epochs
2024-03-11 15:49:20,399 - mmcls - INFO - Epoch(val) [99][6]	accuracy_top-1: 74.1176, accuracy_top-5: 98.8235
2024-03-11 15:49:31,148 - mmcls - INFO - Saving checkpoint at 100 epochs
2024-03-11 15:49:38,973 - mmcls - INFO - Epoch(val) [100][6]	accuracy_top-1: 84.1176, accuracy_top-5: 100.0000
