2024-03-06 13:32:23,314 - mmcls - INFO - Environment info:
------------------------------------------------------------
sys.platform: linux
Python: 3.7.16 (default, Jan 17 2023, 22:20:44) [GCC 11.2.0]
CUDA available: True
GPU 0: NVIDIA GeForce RTX 2080 Ti
CUDA_HOME: /usr/local/cuda
NVCC: Cuda compilation tools, release 11.8, V11.8.89
GCC: gcc (Ubuntu 11.4.0-1ubuntu1~22.04) 11.4.0
PyTorch: 1.7.1
PyTorch compiling details: PyTorch built with:
  - GCC 7.3
  - C++ Version: 201402
  - Intel(R) oneAPI Math Kernel Library Version 2021.4-Product Build 20210904 for Intel(R) 64 architecture applications
  - Intel(R) MKL-DNN v1.6.0 (Git Hash 5ef631a030a6f73131c77892041042805a06064f)
  - OpenMP 201511 (a.k.a. OpenMP 4.5)
  - NNPACK is enabled
  - CPU capability usage: AVX2
  - CUDA Runtime 10.1
  - NVCC architecture flags: -gencode;arch=compute_37,code=sm_37;-gencode;arch=compute_50,code=sm_50;-gencode;arch=compute_60,code=sm_60;-gencode;arch=compute_61,code=sm_61;-gencode;arch=compute_70,code=sm_70;-gencode;arch=compute_75,code=sm_75;-gencode;arch=compute_37,code=compute_37
  - CuDNN 7.6.3
  - Magma 2.5.2
  - Build settings: BLAS=MKL, BUILD_TYPE=Release, CXX_FLAGS= -Wno-deprecated -fvisibility-inlines-hidden -DUSE_PTHREADPOOL -fopenmp -DNDEBUG -DUSE_FBGEMM -DUSE_QNNPACK -DUSE_PYTORCH_QNNPACK -DUSE_XNNPACK -DUSE_VULKAN_WRAPPER -O2 -fPIC -Wno-narrowing -Wall -Wextra -Werror=return-type -Wno-missing-field-initializers -Wno-type-limits -Wno-array-bounds -Wno-unknown-pragmas -Wno-sign-compare -Wno-unused-parameter -Wno-unused-variable -Wno-unused-function -Wno-unused-result -Wno-unused-local-typedefs -Wno-strict-overflow -Wno-strict-aliasing -Wno-error=deprecated-declarations -Wno-stringop-overflow -Wno-psabi -Wno-error=pedantic -Wno-error=redundant-decls -Wno-error=old-style-cast -fdiagnostics-color=always -faligned-new -Wno-unused-but-set-variable -Wno-maybe-uninitialized -fno-math-errno -fno-trapping-math -Werror=format -Wno-stringop-overflow, PERF_WITH_AVX=1, PERF_WITH_AVX2=1, PERF_WITH_AVX512=1, USE_CUDA=ON, USE_EXCEPTION_PTR=1, USE_GFLAGS=OFF, USE_GLOG=OFF, USE_MKL=ON, USE_MKLDNN=ON, USE_MPI=OFF, USE_NCCL=ON, USE_NNPACK=ON, USE_OPENMP=ON, 

TorchVision: 0.8.2
OpenCV: 4.9.0
MMCV: 1.5.0
MMCV Compiler: GCC 11.4
MMCV CUDA Compiler: 11.8
MMClassification: 0.15.0+06ac604
------------------------------------------------------------

2024-03-06 13:32:23,315 - mmcls - INFO - Distributed training: False
2024-03-06 13:32:23,459 - mmcls - INFO - Config:
model = dict(
    type='ImageClassifier',
    backbone=dict(type='VGG', depth=11, num_classes=17),
    neck=None,
    head=dict(
        type='ClsHead',
        loss=dict(type='CrossEntropyLoss', loss_weight=1.0),
        topk=(1, 5)))
dataset_type = 'Flowers'
img_norm_cfg = dict(
    mean=[123.675, 116.28, 103.53], std=[58.395, 57.12, 57.375], to_rgb=True)
train_pipeline = [
    dict(type='LoadImageFromFile'),
    dict(type='RandomResizedCrop', size=224),
    dict(type='RandomFlip', flip_prob=0.5, direction='horizontal'),
    dict(
        type='Normalize',
        mean=[123.675, 116.28, 103.53],
        std=[58.395, 57.12, 57.375],
        to_rgb=True),
    dict(type='ImageToTensor', keys=['img']),
    dict(type='ToTensor', keys=['gt_label']),
    dict(type='Collect', keys=['img', 'gt_label'])
]
test_pipeline = [
    dict(type='LoadImageFromFile'),
    dict(type='Resize', size=(256, -1)),
    dict(type='CenterCrop', crop_size=224),
    dict(
        type='Normalize',
        mean=[123.675, 116.28, 103.53],
        std=[58.395, 57.12, 57.375],
        to_rgb=True),
    dict(type='ImageToTensor', keys=['img']),
    dict(type='Collect', keys=['img'])
]
data = dict(
    samples_per_gpu=32,
    workers_per_gpu=1,
    train=dict(
        type='Flowers',
        data_prefix='data/flowers/train',
        ann_file='data/flowers/meta/train.txt',
        pipeline=[
            dict(type='LoadImageFromFile'),
            dict(type='RandomResizedCrop', size=224),
            dict(type='RandomFlip', flip_prob=0.5, direction='horizontal'),
            dict(
                type='Normalize',
                mean=[123.675, 116.28, 103.53],
                std=[58.395, 57.12, 57.375],
                to_rgb=True),
            dict(type='ImageToTensor', keys=['img']),
            dict(type='ToTensor', keys=['gt_label']),
            dict(type='Collect', keys=['img', 'gt_label'])
        ]),
    val=dict(
        type='Flowers',
        data_prefix='data/flowers/val',
        ann_file='data/flowers/meta/val.txt',
        pipeline=[
            dict(type='LoadImageFromFile'),
            dict(type='Resize', size=(256, -1)),
            dict(type='CenterCrop', crop_size=224),
            dict(
                type='Normalize',
                mean=[123.675, 116.28, 103.53],
                std=[58.395, 57.12, 57.375],
                to_rgb=True),
            dict(type='ImageToTensor', keys=['img']),
            dict(type='Collect', keys=['img'])
        ]),
    test=dict(
        type='Flowers',
        data_prefix='data/flowers/val',
        ann_file='data/flowers/meta/val.txt',
        pipeline=[
            dict(type='LoadImageFromFile'),
            dict(type='Resize', size=(256, -1)),
            dict(type='CenterCrop', crop_size=224),
            dict(
                type='Normalize',
                mean=[123.675, 116.28, 103.53],
                std=[58.395, 57.12, 57.375],
                to_rgb=True),
            dict(type='ImageToTensor', keys=['img']),
            dict(type='Collect', keys=['img'])
        ]))
evaluation = dict(interval=1, metric='accuracy')
optimizer = dict(type='SGD', lr=0.01, momentum=0.9, weight_decay=0.0001)
optimizer_config = dict(grad_clip=None)
lr_config = dict(policy='step', step=[100, 150])
runner = dict(type='EpochBasedRunner', max_epochs=100)
checkpoint_config = dict(interval=33)
log_config = dict(interval=100, hooks=[dict(type='TextLoggerHook')])
dist_params = dict(backend='nccl')
log_level = 'INFO'
load_from = None
resume_from = None
workflow = [('train', 1)]
work_dir = 'output/vgg11_b32x8_flowers'
gpu_ids = range(0, 1)

2024-03-06 13:32:24,799 - mmcls - INFO - initialize VGG with init_cfg [{'type': 'Kaiming', 'layer': ['Conv2d']}, {'type': 'Constant', 'val': 1.0, 'layer': ['_BatchNorm']}, {'type': 'Normal', 'std': 0.01, 'layer': ['Linear']}]
Name of parameter - Initialization information

backbone.features.0.conv.weight - torch.Size([64, 3, 3, 3]): 
KaimingInit: a=0, mode=fan_out, nonlinearity=relu, distribution =normal, bias=0 

backbone.features.0.conv.bias - torch.Size([64]): 
The value is the same before and after calling `init_weights` of ImageClassifier  

backbone.features.2.conv.weight - torch.Size([128, 64, 3, 3]): 
KaimingInit: a=0, mode=fan_out, nonlinearity=relu, distribution =normal, bias=0 

backbone.features.2.conv.bias - torch.Size([128]): 
The value is the same before and after calling `init_weights` of ImageClassifier  

backbone.features.4.conv.weight - torch.Size([256, 128, 3, 3]): 
KaimingInit: a=0, mode=fan_out, nonlinearity=relu, distribution =normal, bias=0 

backbone.features.4.conv.bias - torch.Size([256]): 
The value is the same before and after calling `init_weights` of ImageClassifier  

backbone.features.5.conv.weight - torch.Size([256, 256, 3, 3]): 
KaimingInit: a=0, mode=fan_out, nonlinearity=relu, distribution =normal, bias=0 

backbone.features.5.conv.bias - torch.Size([256]): 
The value is the same before and after calling `init_weights` of ImageClassifier  

backbone.features.7.conv.weight - torch.Size([512, 256, 3, 3]): 
KaimingInit: a=0, mode=fan_out, nonlinearity=relu, distribution =normal, bias=0 

backbone.features.7.conv.bias - torch.Size([512]): 
The value is the same before and after calling `init_weights` of ImageClassifier  

backbone.features.8.conv.weight - torch.Size([512, 512, 3, 3]): 
KaimingInit: a=0, mode=fan_out, nonlinearity=relu, distribution =normal, bias=0 

backbone.features.8.conv.bias - torch.Size([512]): 
The value is the same before and after calling `init_weights` of ImageClassifier  

backbone.features.10.conv.weight - torch.Size([512, 512, 3, 3]): 
KaimingInit: a=0, mode=fan_out, nonlinearity=relu, distribution =normal, bias=0 

backbone.features.10.conv.bias - torch.Size([512]): 
The value is the same before and after calling `init_weights` of ImageClassifier  

backbone.features.11.conv.weight - torch.Size([512, 512, 3, 3]): 
KaimingInit: a=0, mode=fan_out, nonlinearity=relu, distribution =normal, bias=0 

backbone.features.11.conv.bias - torch.Size([512]): 
The value is the same before and after calling `init_weights` of ImageClassifier  

backbone.classifier.0.weight - torch.Size([4096, 25088]): 
NormalInit: mean=0, std=0.01, bias=0 

backbone.classifier.0.bias - torch.Size([4096]): 
NormalInit: mean=0, std=0.01, bias=0 

backbone.classifier.3.weight - torch.Size([4096, 4096]): 
NormalInit: mean=0, std=0.01, bias=0 

backbone.classifier.3.bias - torch.Size([4096]): 
NormalInit: mean=0, std=0.01, bias=0 

backbone.classifier.6.weight - torch.Size([17, 4096]): 
NormalInit: mean=0, std=0.01, bias=0 

backbone.classifier.6.bias - torch.Size([17]): 
NormalInit: mean=0, std=0.01, bias=0 
2024-03-06 13:32:30,053 - mmcls - INFO - Start running, host: robby42@gpu2-comp-103, work_dir: /userhome/cs2/robby42/anaconda3/oxford-cnn/output/vgg11_b32x8_flowers
2024-03-06 13:32:30,054 - mmcls - INFO - Hooks will be executed in the following order:
before_run:
(VERY_HIGH   ) StepLrUpdaterHook                  
(NORMAL      ) CheckpointHook                     
(NORMAL      ) EvalHook                           
(VERY_LOW    ) TextLoggerHook                     
 -------------------- 
before_train_epoch:
(VERY_HIGH   ) StepLrUpdaterHook                  
(NORMAL      ) EvalHook                           
(LOW         ) IterTimerHook                      
(VERY_LOW    ) TextLoggerHook                     
 -------------------- 
before_train_iter:
(VERY_HIGH   ) StepLrUpdaterHook                  
(NORMAL      ) EvalHook                           
(LOW         ) IterTimerHook                      
 -------------------- 
after_train_iter:
(ABOVE_NORMAL) OptimizerHook                      
(NORMAL      ) CheckpointHook                     
(NORMAL      ) EvalHook                           
(LOW         ) IterTimerHook                      
(VERY_LOW    ) TextLoggerHook                     
 -------------------- 
after_train_epoch:
(NORMAL      ) CheckpointHook                     
(NORMAL      ) EvalHook                           
(VERY_LOW    ) TextLoggerHook                     
 -------------------- 
before_val_epoch:
(LOW         ) IterTimerHook                      
(VERY_LOW    ) TextLoggerHook                     
 -------------------- 
before_val_iter:
(LOW         ) IterTimerHook                      
 -------------------- 
after_val_iter:
(LOW         ) IterTimerHook                      
 -------------------- 
after_val_epoch:
(VERY_LOW    ) TextLoggerHook                     
 -------------------- 
after_run:
(VERY_LOW    ) TextLoggerHook                     
 -------------------- 
2024-03-06 13:32:30,054 - mmcls - INFO - workflow: [('train', 1)], max: 100 epochs
2024-03-06 13:32:30,054 - mmcls - INFO - Checkpoints will be saved to /userhome/cs2/robby42/anaconda3/oxford-cnn/output/vgg11_b32x8_flowers by HardDiskBackend.
2024-03-06 13:32:46,309 - mmcls - INFO - Epoch(val) [1][6]	accuracy_top-1: 11.1765, accuracy_top-5: 55.8824
2024-03-06 13:32:58,369 - mmcls - INFO - Epoch(val) [2][6]	accuracy_top-1: 12.9412, accuracy_top-5: 63.5294
2024-03-06 13:33:11,539 - mmcls - INFO - Epoch(val) [3][6]	accuracy_top-1: 11.7647, accuracy_top-5: 64.7059
2024-03-06 13:33:24,230 - mmcls - INFO - Epoch(val) [4][6]	accuracy_top-1: 13.5294, accuracy_top-5: 70.5882
2024-03-06 13:33:36,520 - mmcls - INFO - Epoch(val) [5][6]	accuracy_top-1: 21.1765, accuracy_top-5: 66.4706
2024-03-06 13:33:50,091 - mmcls - INFO - Epoch(val) [6][6]	accuracy_top-1: 25.2941, accuracy_top-5: 80.0000
2024-03-06 13:34:02,219 - mmcls - INFO - Epoch(val) [7][6]	accuracy_top-1: 27.6471, accuracy_top-5: 77.0588
2024-03-06 13:34:15,120 - mmcls - INFO - Epoch(val) [8][6]	accuracy_top-1: 31.1765, accuracy_top-5: 81.1765
2024-03-06 13:34:27,910 - mmcls - INFO - Epoch(val) [9][6]	accuracy_top-1: 36.4706, accuracy_top-5: 82.9412
2024-03-06 13:34:40,333 - mmcls - INFO - Epoch(val) [10][6]	accuracy_top-1: 38.2353, accuracy_top-5: 87.6471
2024-03-06 13:34:53,138 - mmcls - INFO - Epoch(val) [11][6]	accuracy_top-1: 35.2941, accuracy_top-5: 87.6471
2024-03-06 13:35:05,871 - mmcls - INFO - Epoch(val) [12][6]	accuracy_top-1: 40.0000, accuracy_top-5: 92.9412
2024-03-06 13:35:18,445 - mmcls - INFO - Epoch(val) [13][6]	accuracy_top-1: 40.5882, accuracy_top-5: 86.4706
2024-03-06 13:35:31,191 - mmcls - INFO - Epoch(val) [14][6]	accuracy_top-1: 45.2941, accuracy_top-5: 91.1765
2024-03-06 13:35:43,548 - mmcls - INFO - Epoch(val) [15][6]	accuracy_top-1: 31.7647, accuracy_top-5: 77.0588
2024-03-06 13:35:56,146 - mmcls - INFO - Epoch(val) [16][6]	accuracy_top-1: 30.5882, accuracy_top-5: 84.7059
2024-03-06 13:36:08,853 - mmcls - INFO - Epoch(val) [17][6]	accuracy_top-1: 28.2353, accuracy_top-5: 70.0000
2024-03-06 13:36:20,778 - mmcls - INFO - Epoch(val) [18][6]	accuracy_top-1: 30.5882, accuracy_top-5: 75.8824
2024-03-06 13:36:33,159 - mmcls - INFO - Epoch(val) [19][6]	accuracy_top-1: 36.4706, accuracy_top-5: 85.8824
2024-03-06 13:36:45,485 - mmcls - INFO - Epoch(val) [20][6]	accuracy_top-1: 38.2353, accuracy_top-5: 91.1765
2024-03-06 13:36:57,595 - mmcls - INFO - Epoch(val) [21][6]	accuracy_top-1: 40.0000, accuracy_top-5: 92.9412
2024-03-06 13:37:10,059 - mmcls - INFO - Epoch(val) [22][6]	accuracy_top-1: 45.8824, accuracy_top-5: 92.3529
2024-03-06 13:37:22,498 - mmcls - INFO - Epoch(val) [23][6]	accuracy_top-1: 42.9412, accuracy_top-5: 90.0000
2024-03-06 13:37:35,385 - mmcls - INFO - Epoch(val) [24][6]	accuracy_top-1: 44.1176, accuracy_top-5: 88.8235
2024-03-06 13:37:47,423 - mmcls - INFO - Epoch(val) [25][6]	accuracy_top-1: 47.6471, accuracy_top-5: 94.1176
2024-03-06 13:38:00,443 - mmcls - INFO - Epoch(val) [26][6]	accuracy_top-1: 41.7647, accuracy_top-5: 91.7647
2024-03-06 13:38:13,438 - mmcls - INFO - Epoch(val) [27][6]	accuracy_top-1: 31.7647, accuracy_top-5: 80.5882
2024-03-06 13:38:25,511 - mmcls - INFO - Epoch(val) [28][6]	accuracy_top-1: 48.2353, accuracy_top-5: 89.4118
2024-03-06 13:38:38,409 - mmcls - INFO - Epoch(val) [29][6]	accuracy_top-1: 51.7647, accuracy_top-5: 91.7647
2024-03-06 13:38:51,180 - mmcls - INFO - Epoch(val) [30][6]	accuracy_top-1: 44.7059, accuracy_top-5: 96.4706
2024-03-06 13:39:03,214 - mmcls - INFO - Epoch(val) [31][6]	accuracy_top-1: 47.0588, accuracy_top-5: 92.9412
2024-03-06 13:39:15,509 - mmcls - INFO - Epoch(val) [32][6]	accuracy_top-1: 47.0588, accuracy_top-5: 90.0000
2024-03-06 13:39:26,310 - mmcls - INFO - Saving checkpoint at 33 epochs
2024-03-06 13:39:34,701 - mmcls - INFO - Epoch(val) [33][6]	accuracy_top-1: 41.1765, accuracy_top-5: 91.7647
2024-03-06 13:39:47,448 - mmcls - INFO - Epoch(val) [34][6]	accuracy_top-1: 52.9412, accuracy_top-5: 96.4706
2024-03-06 13:39:59,894 - mmcls - INFO - Epoch(val) [35][6]	accuracy_top-1: 49.4118, accuracy_top-5: 90.0000
2024-03-06 13:40:12,192 - mmcls - INFO - Epoch(val) [36][6]	accuracy_top-1: 44.1176, accuracy_top-5: 87.0588
2024-03-06 13:40:24,918 - mmcls - INFO - Epoch(val) [37][6]	accuracy_top-1: 40.0000, accuracy_top-5: 90.5882
2024-03-06 13:40:37,439 - mmcls - INFO - Epoch(val) [38][6]	accuracy_top-1: 48.2353, accuracy_top-5: 90.0000
2024-03-06 13:40:49,808 - mmcls - INFO - Epoch(val) [39][6]	accuracy_top-1: 45.8824, accuracy_top-5: 95.2941
2024-03-06 13:41:01,637 - mmcls - INFO - Epoch(val) [40][6]	accuracy_top-1: 57.6471, accuracy_top-5: 96.4706
2024-03-06 13:41:13,982 - mmcls - INFO - Epoch(val) [41][6]	accuracy_top-1: 45.8824, accuracy_top-5: 91.1765
2024-03-06 13:41:26,420 - mmcls - INFO - Epoch(val) [42][6]	accuracy_top-1: 59.4118, accuracy_top-5: 97.0588
2024-03-06 13:41:38,830 - mmcls - INFO - Epoch(val) [43][6]	accuracy_top-1: 55.2941, accuracy_top-5: 96.4706
2024-03-06 13:41:50,932 - mmcls - INFO - Epoch(val) [44][6]	accuracy_top-1: 54.1176, accuracy_top-5: 94.7059
2024-03-06 13:42:03,395 - mmcls - INFO - Epoch(val) [45][6]	accuracy_top-1: 65.2941, accuracy_top-5: 97.0588
2024-03-06 13:42:15,952 - mmcls - INFO - Epoch(val) [46][6]	accuracy_top-1: 60.5882, accuracy_top-5: 96.4706
2024-03-06 13:42:28,322 - mmcls - INFO - Epoch(val) [47][6]	accuracy_top-1: 57.6471, accuracy_top-5: 97.6471
2024-03-06 13:42:40,436 - mmcls - INFO - Epoch(val) [48][6]	accuracy_top-1: 54.7059, accuracy_top-5: 92.3529
2024-03-06 13:42:52,743 - mmcls - INFO - Epoch(val) [49][6]	accuracy_top-1: 65.2941, accuracy_top-5: 95.8824
2024-03-06 13:43:05,087 - mmcls - INFO - Epoch(val) [50][6]	accuracy_top-1: 58.2353, accuracy_top-5: 97.0588
2024-03-06 13:43:17,883 - mmcls - INFO - Epoch(val) [51][6]	accuracy_top-1: 60.0000, accuracy_top-5: 98.2353
2024-03-06 13:43:30,055 - mmcls - INFO - Epoch(val) [52][6]	accuracy_top-1: 65.2941, accuracy_top-5: 97.0588
2024-03-06 13:43:42,350 - mmcls - INFO - Epoch(val) [53][6]	accuracy_top-1: 60.5882, accuracy_top-5: 94.7059
2024-03-06 13:43:54,775 - mmcls - INFO - Epoch(val) [54][6]	accuracy_top-1: 67.0588, accuracy_top-5: 97.6471
2024-03-06 13:44:06,921 - mmcls - INFO - Epoch(val) [55][6]	accuracy_top-1: 57.6471, accuracy_top-5: 93.5294
2024-03-06 13:44:19,622 - mmcls - INFO - Epoch(val) [56][6]	accuracy_top-1: 49.4118, accuracy_top-5: 71.1765
2024-03-06 13:44:31,902 - mmcls - INFO - Epoch(val) [57][6]	accuracy_top-1: 54.1176, accuracy_top-5: 97.0588
2024-03-06 13:44:44,691 - mmcls - INFO - Epoch(val) [58][6]	accuracy_top-1: 62.9412, accuracy_top-5: 95.8824
2024-03-06 13:44:57,464 - mmcls - INFO - Epoch(val) [59][6]	accuracy_top-1: 67.0588, accuracy_top-5: 98.8235
2024-03-06 13:45:09,636 - mmcls - INFO - Epoch(val) [60][6]	accuracy_top-1: 62.3529, accuracy_top-5: 98.2353
2024-03-06 13:45:21,988 - mmcls - INFO - Epoch(val) [61][6]	accuracy_top-1: 58.2353, accuracy_top-5: 96.4706
2024-03-06 13:45:33,964 - mmcls - INFO - Epoch(val) [62][6]	accuracy_top-1: 61.7647, accuracy_top-5: 95.8824
2024-03-06 13:45:46,033 - mmcls - INFO - Epoch(val) [63][6]	accuracy_top-1: 62.9412, accuracy_top-5: 98.2353
2024-03-06 13:45:58,632 - mmcls - INFO - Epoch(val) [64][6]	accuracy_top-1: 36.4706, accuracy_top-5: 77.6471
2024-03-06 13:46:11,702 - mmcls - INFO - Epoch(val) [65][6]	accuracy_top-1: 51.1765, accuracy_top-5: 90.0000
2024-03-06 13:46:22,820 - mmcls - INFO - Saving checkpoint at 66 epochs
2024-03-06 13:46:30,750 - mmcls - INFO - Epoch(val) [66][6]	accuracy_top-1: 54.1176, accuracy_top-5: 92.9412
2024-03-06 13:46:43,099 - mmcls - INFO - Epoch(val) [67][6]	accuracy_top-1: 57.0588, accuracy_top-5: 93.5294
2024-03-06 13:46:55,156 - mmcls - INFO - Epoch(val) [68][6]	accuracy_top-1: 50.0000, accuracy_top-5: 88.8235
2024-03-06 13:47:07,688 - mmcls - INFO - Epoch(val) [69][6]	accuracy_top-1: 54.7059, accuracy_top-5: 93.5294
2024-03-06 13:47:20,090 - mmcls - INFO - Epoch(val) [70][6]	accuracy_top-1: 54.7059, accuracy_top-5: 90.5882
2024-03-06 13:47:32,448 - mmcls - INFO - Epoch(val) [71][6]	accuracy_top-1: 62.3529, accuracy_top-5: 97.0588
2024-03-06 13:47:45,059 - mmcls - INFO - Epoch(val) [72][6]	accuracy_top-1: 63.5294, accuracy_top-5: 97.0588
2024-03-06 13:47:57,289 - mmcls - INFO - Epoch(val) [73][6]	accuracy_top-1: 65.2941, accuracy_top-5: 91.7647
2024-03-06 13:48:09,708 - mmcls - INFO - Epoch(val) [74][6]	accuracy_top-1: 61.1765, accuracy_top-5: 94.1176
2024-03-06 13:48:21,936 - mmcls - INFO - Epoch(val) [75][6]	accuracy_top-1: 61.7647, accuracy_top-5: 95.8824
2024-03-06 13:48:34,329 - mmcls - INFO - Epoch(val) [76][6]	accuracy_top-1: 64.1176, accuracy_top-5: 96.4706
2024-03-06 13:48:46,828 - mmcls - INFO - Epoch(val) [77][6]	accuracy_top-1: 70.0000, accuracy_top-5: 95.8824
2024-03-06 13:48:59,435 - mmcls - INFO - Epoch(val) [78][6]	accuracy_top-1: 70.0000, accuracy_top-5: 95.2941
2024-03-06 13:49:12,086 - mmcls - INFO - Epoch(val) [79][6]	accuracy_top-1: 69.4118, accuracy_top-5: 97.0588
2024-03-06 13:49:25,310 - mmcls - INFO - Epoch(val) [80][6]	accuracy_top-1: 71.7647, accuracy_top-5: 97.0588
2024-03-06 13:49:37,949 - mmcls - INFO - Epoch(val) [81][6]	accuracy_top-1: 69.4118, accuracy_top-5: 97.0588
2024-03-06 13:49:50,437 - mmcls - INFO - Epoch(val) [82][6]	accuracy_top-1: 56.4706, accuracy_top-5: 93.5294
2024-03-06 13:50:02,892 - mmcls - INFO - Epoch(val) [83][6]	accuracy_top-1: 56.4706, accuracy_top-5: 94.7059
2024-03-06 13:50:16,026 - mmcls - INFO - Epoch(val) [84][6]	accuracy_top-1: 64.7059, accuracy_top-5: 98.8235
2024-03-06 13:50:28,249 - mmcls - INFO - Epoch(val) [85][6]	accuracy_top-1: 72.3529, accuracy_top-5: 98.8235
2024-03-06 13:50:40,341 - mmcls - INFO - Epoch(val) [86][6]	accuracy_top-1: 68.2353, accuracy_top-5: 98.2353
2024-03-06 13:50:52,692 - mmcls - INFO - Epoch(val) [87][6]	accuracy_top-1: 72.3529, accuracy_top-5: 96.4706
2024-03-06 13:51:05,265 - mmcls - INFO - Epoch(val) [88][6]	accuracy_top-1: 60.5882, accuracy_top-5: 96.4706
2024-03-06 13:51:17,666 - mmcls - INFO - Epoch(val) [89][6]	accuracy_top-1: 70.5882, accuracy_top-5: 98.2353
2024-03-06 13:51:30,492 - mmcls - INFO - Epoch(val) [90][6]	accuracy_top-1: 74.1176, accuracy_top-5: 94.7059
2024-03-06 13:51:43,889 - mmcls - INFO - Epoch(val) [91][6]	accuracy_top-1: 64.7059, accuracy_top-5: 98.2353
2024-03-06 13:51:56,766 - mmcls - INFO - Epoch(val) [92][6]	accuracy_top-1: 68.8235, accuracy_top-5: 99.4118
2024-03-06 13:52:09,543 - mmcls - INFO - Epoch(val) [93][6]	accuracy_top-1: 68.8235, accuracy_top-5: 97.0588
2024-03-06 13:52:22,018 - mmcls - INFO - Epoch(val) [94][6]	accuracy_top-1: 72.3529, accuracy_top-5: 98.8235
2024-03-06 13:52:34,917 - mmcls - INFO - Epoch(val) [95][6]	accuracy_top-1: 70.5882, accuracy_top-5: 96.4706
2024-03-06 13:52:47,944 - mmcls - INFO - Epoch(val) [96][6]	accuracy_top-1: 65.2941, accuracy_top-5: 97.6471
2024-03-06 13:52:59,885 - mmcls - INFO - Epoch(val) [97][6]	accuracy_top-1: 75.2941, accuracy_top-5: 98.2353
2024-03-06 13:53:11,960 - mmcls - INFO - Epoch(val) [98][6]	accuracy_top-1: 75.2941, accuracy_top-5: 98.2353
2024-03-06 13:53:23,289 - mmcls - INFO - Saving checkpoint at 99 epochs
2024-03-06 13:53:31,010 - mmcls - INFO - Epoch(val) [99][6]	accuracy_top-1: 65.2941, accuracy_top-5: 100.0000
2024-03-06 13:53:41,822 - mmcls - INFO - Saving checkpoint at 100 epochs
2024-03-06 13:53:49,810 - mmcls - INFO - Epoch(val) [100][6]	accuracy_top-1: 62.3529, accuracy_top-5: 97.0588
