2024-03-11 11:33:11,813 - mmcls - INFO - Environment info:
------------------------------------------------------------
sys.platform: linux
Python: 3.7.16 (default, Jan 17 2023, 22:20:44) [GCC 11.2.0]
CUDA available: True
GPU 0: NVIDIA GeForce RTX 2080 Ti
CUDA_HOME: /usr/local/cuda
NVCC: Cuda compilation tools, release 11.8, V11.8.89
GCC: gcc (Ubuntu 11.4.0-1ubuntu1~22.04) 11.4.0
PyTorch: 1.7.1
PyTorch compiling details: PyTorch built with:
  - GCC 7.3
  - C++ Version: 201402
  - Intel(R) oneAPI Math Kernel Library Version 2021.4-Product Build 20210904 for Intel(R) 64 architecture applications
  - Intel(R) MKL-DNN v1.6.0 (Git Hash 5ef631a030a6f73131c77892041042805a06064f)
  - OpenMP 201511 (a.k.a. OpenMP 4.5)
  - NNPACK is enabled
  - CPU capability usage: AVX2
  - CUDA Runtime 10.1
  - NVCC architecture flags: -gencode;arch=compute_37,code=sm_37;-gencode;arch=compute_50,code=sm_50;-gencode;arch=compute_60,code=sm_60;-gencode;arch=compute_61,code=sm_61;-gencode;arch=compute_70,code=sm_70;-gencode;arch=compute_75,code=sm_75;-gencode;arch=compute_37,code=compute_37
  - CuDNN 7.6.3
  - Magma 2.5.2
  - Build settings: BLAS=MKL, BUILD_TYPE=Release, CXX_FLAGS= -Wno-deprecated -fvisibility-inlines-hidden -DUSE_PTHREADPOOL -fopenmp -DNDEBUG -DUSE_FBGEMM -DUSE_QNNPACK -DUSE_PYTORCH_QNNPACK -DUSE_XNNPACK -DUSE_VULKAN_WRAPPER -O2 -fPIC -Wno-narrowing -Wall -Wextra -Werror=return-type -Wno-missing-field-initializers -Wno-type-limits -Wno-array-bounds -Wno-unknown-pragmas -Wno-sign-compare -Wno-unused-parameter -Wno-unused-variable -Wno-unused-function -Wno-unused-result -Wno-unused-local-typedefs -Wno-strict-overflow -Wno-strict-aliasing -Wno-error=deprecated-declarations -Wno-stringop-overflow -Wno-psabi -Wno-error=pedantic -Wno-error=redundant-decls -Wno-error=old-style-cast -fdiagnostics-color=always -faligned-new -Wno-unused-but-set-variable -Wno-maybe-uninitialized -fno-math-errno -fno-trapping-math -Werror=format -Wno-stringop-overflow, PERF_WITH_AVX=1, PERF_WITH_AVX2=1, PERF_WITH_AVX512=1, USE_CUDA=ON, USE_EXCEPTION_PTR=1, USE_GFLAGS=OFF, USE_GLOG=OFF, USE_MKL=ON, USE_MKLDNN=ON, USE_MPI=OFF, USE_NCCL=ON, USE_NNPACK=ON, USE_OPENMP=ON, 

TorchVision: 0.8.2
OpenCV: 4.9.0
MMCV: 1.5.0
MMCV Compiler: GCC 11.4
MMCV CUDA Compiler: 11.8
MMClassification: 0.15.0+8da8108
------------------------------------------------------------

2024-03-11 11:33:11,815 - mmcls - INFO - Distributed training: False
2024-03-11 11:33:12,016 - mmcls - INFO - Config:
model = dict(
    type='ImageClassifier',
    backbone=dict(type='VGG', depth=11, num_classes=17),
    neck=None,
    head=dict(
        type='ClsHead',
        loss=dict(type='CrossEntropyLoss', loss_weight=1.0),
        topk=(1, 5)))
dataset_type = 'Flowers'
img_norm_cfg = dict(
    mean=[123.675, 116.28, 103.53], std=[58.395, 57.12, 57.375], to_rgb=True)
train_pipeline = [
    dict(type='LoadImageFromFile'),
    dict(type='RandomResizedCrop', size=224),
    dict(type='RandomFlip', flip_prob=0.5, direction='horizontal'),
    dict(
        type='Normalize',
        mean=[123.675, 116.28, 103.53],
        std=[58.395, 57.12, 57.375],
        to_rgb=True),
    dict(type='ImageToTensor', keys=['img']),
    dict(type='ToTensor', keys=['gt_label']),
    dict(type='Collect', keys=['img', 'gt_label'])
]
test_pipeline = [
    dict(type='LoadImageFromFile'),
    dict(type='Resize', size=(256, -1)),
    dict(type='CenterCrop', crop_size=224),
    dict(
        type='Normalize',
        mean=[123.675, 116.28, 103.53],
        std=[58.395, 57.12, 57.375],
        to_rgb=True),
    dict(type='ImageToTensor', keys=['img']),
    dict(type='Collect', keys=['img'])
]
data = dict(
    samples_per_gpu=32,
    workers_per_gpu=1,
    train=dict(
        type='Flowers',
        data_prefix='data/flowers/train',
        ann_file='data/flowers/meta/train.txt',
        pipeline=[
            dict(type='LoadImageFromFile'),
            dict(type='RandomResizedCrop', size=224),
            dict(type='RandomFlip', flip_prob=0.5, direction='horizontal'),
            dict(
                type='Normalize',
                mean=[123.675, 116.28, 103.53],
                std=[58.395, 57.12, 57.375],
                to_rgb=True),
            dict(type='ImageToTensor', keys=['img']),
            dict(type='ToTensor', keys=['gt_label']),
            dict(type='Collect', keys=['img', 'gt_label'])
        ]),
    val=dict(
        type='Flowers',
        data_prefix='data/flowers/val',
        ann_file='data/flowers/meta/val.txt',
        pipeline=[
            dict(type='LoadImageFromFile'),
            dict(type='Resize', size=(256, -1)),
            dict(type='CenterCrop', crop_size=224),
            dict(
                type='Normalize',
                mean=[123.675, 116.28, 103.53],
                std=[58.395, 57.12, 57.375],
                to_rgb=True),
            dict(type='ImageToTensor', keys=['img']),
            dict(type='Collect', keys=['img'])
        ]),
    test=dict(
        type='Flowers',
        data_prefix='data/flowers/val',
        ann_file='data/flowers/meta/val.txt',
        pipeline=[
            dict(type='LoadImageFromFile'),
            dict(type='Resize', size=(256, -1)),
            dict(type='CenterCrop', crop_size=224),
            dict(
                type='Normalize',
                mean=[123.675, 116.28, 103.53],
                std=[58.395, 57.12, 57.375],
                to_rgb=True),
            dict(type='ImageToTensor', keys=['img']),
            dict(type='Collect', keys=['img'])
        ]))
evaluation = dict(interval=1, metric='accuracy')
optimizer = dict(type='SGD', lr=0.01, momentum=0.9, weight_decay=0.0001)
optimizer_config = dict(grad_clip=None)
lr_config = dict(policy='step', step=[100, 150])
runner = dict(type='EpochBasedRunner', max_epochs=100)
checkpoint_config = dict(interval=3)
log_config = dict(interval=100, hooks=[dict(type='TextLoggerHook')])
dist_params = dict(backend='nccl')
log_level = 'INFO'
load_from = None
resume_from = None
workflow = [('train', 1)]
work_dir = 'output/vgg11_b32x8_flowers'
gpu_ids = range(0, 1)

2024-03-11 11:33:13,432 - mmcls - INFO - initialize VGG with init_cfg [{'type': 'Kaiming', 'layer': ['Conv2d']}, {'type': 'Constant', 'val': 1.0, 'layer': ['_BatchNorm']}, {'type': 'Normal', 'std': 0.01, 'layer': ['Linear']}]
Name of parameter - Initialization information

backbone.features.0.conv.weight - torch.Size([64, 3, 3, 3]): 
KaimingInit: a=0, mode=fan_out, nonlinearity=relu, distribution =normal, bias=0 

backbone.features.0.conv.bias - torch.Size([64]): 
The value is the same before and after calling `init_weights` of ImageClassifier  

backbone.features.2.conv.weight - torch.Size([128, 64, 3, 3]): 
KaimingInit: a=0, mode=fan_out, nonlinearity=relu, distribution =normal, bias=0 

backbone.features.2.conv.bias - torch.Size([128]): 
The value is the same before and after calling `init_weights` of ImageClassifier  

backbone.features.4.conv.weight - torch.Size([256, 128, 3, 3]): 
KaimingInit: a=0, mode=fan_out, nonlinearity=relu, distribution =normal, bias=0 

backbone.features.4.conv.bias - torch.Size([256]): 
The value is the same before and after calling `init_weights` of ImageClassifier  

backbone.features.5.conv.weight - torch.Size([256, 256, 3, 3]): 
KaimingInit: a=0, mode=fan_out, nonlinearity=relu, distribution =normal, bias=0 

backbone.features.5.conv.bias - torch.Size([256]): 
The value is the same before and after calling `init_weights` of ImageClassifier  

backbone.features.7.conv.weight - torch.Size([512, 256, 3, 3]): 
KaimingInit: a=0, mode=fan_out, nonlinearity=relu, distribution =normal, bias=0 

backbone.features.7.conv.bias - torch.Size([512]): 
The value is the same before and after calling `init_weights` of ImageClassifier  

backbone.features.8.conv.weight - torch.Size([512, 512, 3, 3]): 
KaimingInit: a=0, mode=fan_out, nonlinearity=relu, distribution =normal, bias=0 

backbone.features.8.conv.bias - torch.Size([512]): 
The value is the same before and after calling `init_weights` of ImageClassifier  

backbone.features.10.conv.weight - torch.Size([512, 512, 3, 3]): 
KaimingInit: a=0, mode=fan_out, nonlinearity=relu, distribution =normal, bias=0 

backbone.features.10.conv.bias - torch.Size([512]): 
The value is the same before and after calling `init_weights` of ImageClassifier  

backbone.features.11.conv.weight - torch.Size([512, 512, 3, 3]): 
KaimingInit: a=0, mode=fan_out, nonlinearity=relu, distribution =normal, bias=0 

backbone.features.11.conv.bias - torch.Size([512]): 
The value is the same before and after calling `init_weights` of ImageClassifier  

backbone.classifier.0.weight - torch.Size([4096, 25088]): 
NormalInit: mean=0, std=0.01, bias=0 

backbone.classifier.0.bias - torch.Size([4096]): 
NormalInit: mean=0, std=0.01, bias=0 

backbone.classifier.3.weight - torch.Size([4096, 4096]): 
NormalInit: mean=0, std=0.01, bias=0 

backbone.classifier.3.bias - torch.Size([4096]): 
NormalInit: mean=0, std=0.01, bias=0 

backbone.classifier.6.weight - torch.Size([17, 4096]): 
NormalInit: mean=0, std=0.01, bias=0 

backbone.classifier.6.bias - torch.Size([17]): 
NormalInit: mean=0, std=0.01, bias=0 
2024-03-11 11:33:18,574 - mmcls - INFO - Start running, host: robby42@gpu2-comp-102, work_dir: /userhome/cs2/robby42/anaconda3/oxford-cnn/output/vgg11_b32x8_flowers
2024-03-11 11:33:18,575 - mmcls - INFO - Hooks will be executed in the following order:
before_run:
(VERY_HIGH   ) StepLrUpdaterHook                  
(NORMAL      ) CheckpointHook                     
(NORMAL      ) EvalHook                           
(VERY_LOW    ) TextLoggerHook                     
 -------------------- 
before_train_epoch:
(VERY_HIGH   ) StepLrUpdaterHook                  
(NORMAL      ) EvalHook                           
(LOW         ) IterTimerHook                      
(VERY_LOW    ) TextLoggerHook                     
 -------------------- 
before_train_iter:
(VERY_HIGH   ) StepLrUpdaterHook                  
(NORMAL      ) EvalHook                           
(LOW         ) IterTimerHook                      
 -------------------- 
after_train_iter:
(ABOVE_NORMAL) OptimizerHook                      
(NORMAL      ) CheckpointHook                     
(NORMAL      ) EvalHook                           
(LOW         ) IterTimerHook                      
(VERY_LOW    ) TextLoggerHook                     
 -------------------- 
after_train_epoch:
(NORMAL      ) CheckpointHook                     
(NORMAL      ) EvalHook                           
(VERY_LOW    ) TextLoggerHook                     
 -------------------- 
before_val_epoch:
(LOW         ) IterTimerHook                      
(VERY_LOW    ) TextLoggerHook                     
 -------------------- 
before_val_iter:
(LOW         ) IterTimerHook                      
 -------------------- 
after_val_iter:
(LOW         ) IterTimerHook                      
 -------------------- 
after_val_epoch:
(VERY_LOW    ) TextLoggerHook                     
 -------------------- 
after_run:
(VERY_LOW    ) TextLoggerHook                     
 -------------------- 
2024-03-11 11:33:18,575 - mmcls - INFO - workflow: [('train', 1)], max: 100 epochs
2024-03-11 11:33:18,576 - mmcls - INFO - Checkpoints will be saved to /userhome/cs2/robby42/anaconda3/oxford-cnn/output/vgg11_b32x8_flowers by HardDiskBackend.
2024-03-11 11:33:35,396 - mmcls - INFO - Epoch(val) [1][6]	accuracy_top-1: 11.7647, accuracy_top-5: 57.6471
2024-03-11 11:33:47,684 - mmcls - INFO - Epoch(val) [2][6]	accuracy_top-1: 7.0588, accuracy_top-5: 49.4118
2024-03-11 11:33:58,876 - mmcls - INFO - Saving checkpoint at 3 epochs
2024-03-11 11:34:06,707 - mmcls - INFO - Epoch(val) [3][6]	accuracy_top-1: 17.0588, accuracy_top-5: 58.8235
2024-03-11 11:34:19,506 - mmcls - INFO - Epoch(val) [4][6]	accuracy_top-1: 21.7647, accuracy_top-5: 71.7647
2024-03-11 11:34:31,626 - mmcls - INFO - Epoch(val) [5][6]	accuracy_top-1: 17.6471, accuracy_top-5: 68.8235
2024-03-11 11:34:42,411 - mmcls - INFO - Saving checkpoint at 6 epochs
2024-03-11 11:34:50,205 - mmcls - INFO - Epoch(val) [6][6]	accuracy_top-1: 25.2941, accuracy_top-5: 79.4118
2024-03-11 11:35:02,282 - mmcls - INFO - Epoch(val) [7][6]	accuracy_top-1: 21.7647, accuracy_top-5: 70.0000
2024-03-11 11:35:14,952 - mmcls - INFO - Epoch(val) [8][6]	accuracy_top-1: 34.7059, accuracy_top-5: 81.1765
2024-03-11 11:35:25,387 - mmcls - INFO - Saving checkpoint at 9 epochs
2024-03-11 11:35:32,898 - mmcls - INFO - Epoch(val) [9][6]	accuracy_top-1: 25.8824, accuracy_top-5: 86.4706
2024-03-11 11:35:45,866 - mmcls - INFO - Epoch(val) [10][6]	accuracy_top-1: 34.7059, accuracy_top-5: 87.0588
2024-03-11 11:35:57,287 - mmcls - INFO - Epoch(val) [11][6]	accuracy_top-1: 37.0588, accuracy_top-5: 86.4706
2024-03-11 11:36:07,983 - mmcls - INFO - Saving checkpoint at 12 epochs
2024-03-11 11:36:15,773 - mmcls - INFO - Epoch(val) [12][6]	accuracy_top-1: 45.2941, accuracy_top-5: 83.5294
2024-03-11 11:36:27,959 - mmcls - INFO - Epoch(val) [13][6]	accuracy_top-1: 32.9412, accuracy_top-5: 90.5882
2024-03-11 11:36:41,575 - mmcls - INFO - Epoch(val) [14][6]	accuracy_top-1: 29.4118, accuracy_top-5: 80.0000
2024-03-11 11:36:52,350 - mmcls - INFO - Saving checkpoint at 15 epochs
2024-03-11 11:37:00,130 - mmcls - INFO - Epoch(val) [15][6]	accuracy_top-1: 44.7059, accuracy_top-5: 88.2353
2024-03-11 11:37:12,198 - mmcls - INFO - Epoch(val) [16][6]	accuracy_top-1: 44.7059, accuracy_top-5: 89.4118
2024-03-11 11:37:25,422 - mmcls - INFO - Epoch(val) [17][6]	accuracy_top-1: 34.7059, accuracy_top-5: 85.8824
2024-03-11 11:37:36,236 - mmcls - INFO - Saving checkpoint at 18 epochs
2024-03-11 11:37:44,243 - mmcls - INFO - Epoch(val) [18][6]	accuracy_top-1: 41.7647, accuracy_top-5: 86.4706
2024-03-11 11:37:56,460 - mmcls - INFO - Epoch(val) [19][6]	accuracy_top-1: 44.7059, accuracy_top-5: 89.4118
2024-03-11 11:38:09,049 - mmcls - INFO - Epoch(val) [20][6]	accuracy_top-1: 45.8824, accuracy_top-5: 88.8235
2024-03-11 11:38:20,166 - mmcls - INFO - Saving checkpoint at 21 epochs
2024-03-11 11:38:27,791 - mmcls - INFO - Epoch(val) [21][6]	accuracy_top-1: 45.8824, accuracy_top-5: 95.2941
2024-03-11 11:38:39,721 - mmcls - INFO - Epoch(val) [22][6]	accuracy_top-1: 47.6471, accuracy_top-5: 92.9412
2024-03-11 11:38:51,726 - mmcls - INFO - Epoch(val) [23][6]	accuracy_top-1: 51.7647, accuracy_top-5: 94.7059
2024-03-11 11:39:02,077 - mmcls - INFO - Saving checkpoint at 24 epochs
2024-03-11 11:39:09,920 - mmcls - INFO - Epoch(val) [24][6]	accuracy_top-1: 50.0000, accuracy_top-5: 93.5294
2024-03-11 11:39:22,737 - mmcls - INFO - Epoch(val) [25][6]	accuracy_top-1: 54.7059, accuracy_top-5: 97.0588
2024-03-11 11:39:34,420 - mmcls - INFO - Epoch(val) [26][6]	accuracy_top-1: 57.6471, accuracy_top-5: 94.1176
2024-03-11 11:39:45,291 - mmcls - INFO - Saving checkpoint at 27 epochs
2024-03-11 11:39:52,792 - mmcls - INFO - Epoch(val) [27][6]	accuracy_top-1: 52.3529, accuracy_top-5: 93.5294
2024-03-11 11:40:04,621 - mmcls - INFO - Epoch(val) [28][6]	accuracy_top-1: 52.9412, accuracy_top-5: 97.0588
2024-03-11 11:40:17,362 - mmcls - INFO - Epoch(val) [29][6]	accuracy_top-1: 64.1176, accuracy_top-5: 94.1176
2024-03-11 11:40:27,886 - mmcls - INFO - Saving checkpoint at 30 epochs
2024-03-11 11:40:36,291 - mmcls - INFO - Epoch(val) [30][6]	accuracy_top-1: 64.7059, accuracy_top-5: 95.8824
2024-03-11 11:40:48,515 - mmcls - INFO - Epoch(val) [31][6]	accuracy_top-1: 62.9412, accuracy_top-5: 97.6471
2024-03-11 11:41:00,674 - mmcls - INFO - Epoch(val) [32][6]	accuracy_top-1: 56.4706, accuracy_top-5: 97.0588
2024-03-11 11:41:11,384 - mmcls - INFO - Saving checkpoint at 33 epochs
2024-03-11 11:41:19,050 - mmcls - INFO - Epoch(val) [33][6]	accuracy_top-1: 54.1176, accuracy_top-5: 94.7059
2024-03-11 11:41:32,154 - mmcls - INFO - Epoch(val) [34][6]	accuracy_top-1: 59.4118, accuracy_top-5: 93.5294
2024-03-11 11:41:44,279 - mmcls - INFO - Epoch(val) [35][6]	accuracy_top-1: 60.5882, accuracy_top-5: 97.6471
2024-03-11 11:41:54,916 - mmcls - INFO - Saving checkpoint at 36 epochs
2024-03-11 11:42:02,877 - mmcls - INFO - Epoch(val) [36][6]	accuracy_top-1: 60.0000, accuracy_top-5: 96.4706
2024-03-11 11:42:14,734 - mmcls - INFO - Epoch(val) [37][6]	accuracy_top-1: 64.7059, accuracy_top-5: 98.2353
2024-03-11 11:42:27,145 - mmcls - INFO - Epoch(val) [38][6]	accuracy_top-1: 65.2941, accuracy_top-5: 94.7059
2024-03-11 11:42:38,120 - mmcls - INFO - Saving checkpoint at 39 epochs
2024-03-11 11:42:45,691 - mmcls - INFO - Epoch(val) [39][6]	accuracy_top-1: 51.1765, accuracy_top-5: 94.7059
2024-03-11 11:42:57,870 - mmcls - INFO - Epoch(val) [40][6]	accuracy_top-1: 56.4706, accuracy_top-5: 94.7059
2024-03-11 11:43:10,806 - mmcls - INFO - Epoch(val) [41][6]	accuracy_top-1: 60.0000, accuracy_top-5: 94.1176
2024-03-11 11:43:22,382 - mmcls - INFO - Saving checkpoint at 42 epochs
2024-03-11 11:43:30,299 - mmcls - INFO - Epoch(val) [42][6]	accuracy_top-1: 64.7059, accuracy_top-5: 95.8824
2024-03-11 11:43:42,866 - mmcls - INFO - Epoch(val) [43][6]	accuracy_top-1: 65.8824, accuracy_top-5: 92.9412
2024-03-11 11:43:55,855 - mmcls - INFO - Epoch(val) [44][6]	accuracy_top-1: 64.7059, accuracy_top-5: 97.6471
2024-03-11 11:44:06,920 - mmcls - INFO - Saving checkpoint at 45 epochs
2024-03-11 11:44:14,860 - mmcls - INFO - Epoch(val) [45][6]	accuracy_top-1: 65.8824, accuracy_top-5: 97.0588
2024-03-11 11:44:26,824 - mmcls - INFO - Epoch(val) [46][6]	accuracy_top-1: 64.7059, accuracy_top-5: 96.4706
2024-03-11 11:44:39,786 - mmcls - INFO - Epoch(val) [47][6]	accuracy_top-1: 74.1176, accuracy_top-5: 98.8235
2024-03-11 11:44:50,770 - mmcls - INFO - Saving checkpoint at 48 epochs
2024-03-11 11:44:58,316 - mmcls - INFO - Epoch(val) [48][6]	accuracy_top-1: 71.7647, accuracy_top-5: 98.8235
2024-03-11 11:45:10,894 - mmcls - INFO - Epoch(val) [49][6]	accuracy_top-1: 73.5294, accuracy_top-5: 97.6471
2024-03-11 11:45:23,478 - mmcls - INFO - Epoch(val) [50][6]	accuracy_top-1: 72.9412, accuracy_top-5: 98.8235
2024-03-11 11:45:34,697 - mmcls - INFO - Saving checkpoint at 51 epochs
2024-03-11 11:45:42,183 - mmcls - INFO - Epoch(val) [51][6]	accuracy_top-1: 70.0000, accuracy_top-5: 96.4706
2024-03-11 11:45:54,623 - mmcls - INFO - Epoch(val) [52][6]	accuracy_top-1: 74.7059, accuracy_top-5: 99.4118
2024-03-11 11:46:07,152 - mmcls - INFO - Epoch(val) [53][6]	accuracy_top-1: 79.4118, accuracy_top-5: 98.8235
2024-03-11 11:46:17,781 - mmcls - INFO - Saving checkpoint at 54 epochs
2024-03-11 11:46:25,485 - mmcls - INFO - Epoch(val) [54][6]	accuracy_top-1: 80.5882, accuracy_top-5: 99.4118
2024-03-11 11:46:38,347 - mmcls - INFO - Epoch(val) [55][6]	accuracy_top-1: 74.1176, accuracy_top-5: 98.2353
2024-03-11 11:46:51,880 - mmcls - INFO - Epoch(val) [56][6]	accuracy_top-1: 70.5882, accuracy_top-5: 99.4118
2024-03-11 11:47:02,805 - mmcls - INFO - Saving checkpoint at 57 epochs
2024-03-11 11:47:10,224 - mmcls - INFO - Epoch(val) [57][6]	accuracy_top-1: 80.0000, accuracy_top-5: 98.8235
2024-03-11 11:47:22,275 - mmcls - INFO - Epoch(val) [58][6]	accuracy_top-1: 67.0588, accuracy_top-5: 98.2353
2024-03-11 11:47:34,748 - mmcls - INFO - Epoch(val) [59][6]	accuracy_top-1: 66.4706, accuracy_top-5: 95.2941
2024-03-11 11:47:45,725 - mmcls - INFO - Saving checkpoint at 60 epochs
2024-03-11 11:47:53,424 - mmcls - INFO - Epoch(val) [60][6]	accuracy_top-1: 71.1765, accuracy_top-5: 98.2353
2024-03-11 11:48:06,167 - mmcls - INFO - Epoch(val) [61][6]	accuracy_top-1: 80.5882, accuracy_top-5: 99.4118
2024-03-11 11:48:18,774 - mmcls - INFO - Epoch(val) [62][6]	accuracy_top-1: 77.6471, accuracy_top-5: 98.2353
2024-03-11 11:48:29,452 - mmcls - INFO - Saving checkpoint at 63 epochs
2024-03-11 11:48:37,463 - mmcls - INFO - Epoch(val) [63][6]	accuracy_top-1: 78.8235, accuracy_top-5: 98.8235
2024-03-11 11:48:49,879 - mmcls - INFO - Epoch(val) [64][6]	accuracy_top-1: 81.7647, accuracy_top-5: 99.4118
2024-03-11 11:49:02,028 - mmcls - INFO - Epoch(val) [65][6]	accuracy_top-1: 82.9412, accuracy_top-5: 97.6471
2024-03-11 11:49:12,935 - mmcls - INFO - Saving checkpoint at 66 epochs
2024-03-11 11:49:21,144 - mmcls - INFO - Epoch(val) [66][6]	accuracy_top-1: 85.2941, accuracy_top-5: 99.4118
2024-03-11 11:49:33,099 - mmcls - INFO - Epoch(val) [67][6]	accuracy_top-1: 80.0000, accuracy_top-5: 98.8235
2024-03-11 11:49:45,088 - mmcls - INFO - Epoch(val) [68][6]	accuracy_top-1: 80.0000, accuracy_top-5: 98.2353
2024-03-11 11:49:55,508 - mmcls - INFO - Saving checkpoint at 69 epochs
2024-03-11 11:50:03,077 - mmcls - INFO - Epoch(val) [69][6]	accuracy_top-1: 81.7647, accuracy_top-5: 100.0000
2024-03-11 11:50:15,247 - mmcls - INFO - Epoch(val) [70][6]	accuracy_top-1: 87.6471, accuracy_top-5: 99.4118
2024-03-11 11:50:28,049 - mmcls - INFO - Epoch(val) [71][6]	accuracy_top-1: 87.6471, accuracy_top-5: 99.4118
2024-03-11 11:50:39,199 - mmcls - INFO - Saving checkpoint at 72 epochs
2024-03-11 11:50:47,035 - mmcls - INFO - Epoch(val) [72][6]	accuracy_top-1: 78.2353, accuracy_top-5: 98.8235
2024-03-11 11:50:59,862 - mmcls - INFO - Epoch(val) [73][6]	accuracy_top-1: 82.3529, accuracy_top-5: 99.4118
2024-03-11 11:51:11,871 - mmcls - INFO - Epoch(val) [74][6]	accuracy_top-1: 81.1765, accuracy_top-5: 100.0000
2024-03-11 11:51:23,058 - mmcls - INFO - Saving checkpoint at 75 epochs
2024-03-11 11:51:31,289 - mmcls - INFO - Epoch(val) [75][6]	accuracy_top-1: 81.1765, accuracy_top-5: 98.8235
2024-03-11 11:51:43,190 - mmcls - INFO - Epoch(val) [76][6]	accuracy_top-1: 76.4706, accuracy_top-5: 97.0588
2024-03-11 11:51:55,249 - mmcls - INFO - Epoch(val) [77][6]	accuracy_top-1: 84.1176, accuracy_top-5: 98.8235
2024-03-11 11:52:05,650 - mmcls - INFO - Saving checkpoint at 78 epochs
2024-03-11 11:52:13,748 - mmcls - INFO - Epoch(val) [78][6]	accuracy_top-1: 87.0588, accuracy_top-5: 100.0000
2024-03-11 11:52:25,732 - mmcls - INFO - Epoch(val) [79][6]	accuracy_top-1: 75.8824, accuracy_top-5: 97.6471
2024-03-11 11:52:37,659 - mmcls - INFO - Epoch(val) [80][6]	accuracy_top-1: 82.9412, accuracy_top-5: 100.0000
2024-03-11 11:52:48,456 - mmcls - INFO - Saving checkpoint at 81 epochs
2024-03-11 11:52:56,670 - mmcls - INFO - Epoch(val) [81][6]	accuracy_top-1: 85.2941, accuracy_top-5: 100.0000
2024-03-11 11:53:08,519 - mmcls - INFO - Epoch(val) [82][6]	accuracy_top-1: 84.7059, accuracy_top-5: 100.0000
2024-03-11 11:53:20,717 - mmcls - INFO - Epoch(val) [83][6]	accuracy_top-1: 85.8824, accuracy_top-5: 99.4118
2024-03-11 11:53:31,259 - mmcls - INFO - Saving checkpoint at 84 epochs
2024-03-11 11:53:39,558 - mmcls - INFO - Epoch(val) [84][6]	accuracy_top-1: 86.4706, accuracy_top-5: 100.0000
2024-03-11 11:53:51,189 - mmcls - INFO - Epoch(val) [85][6]	accuracy_top-1: 89.4118, accuracy_top-5: 100.0000
2024-03-11 11:54:03,040 - mmcls - INFO - Epoch(val) [86][6]	accuracy_top-1: 90.5882, accuracy_top-5: 100.0000
2024-03-11 11:54:13,797 - mmcls - INFO - Saving checkpoint at 87 epochs
2024-03-11 11:54:21,947 - mmcls - INFO - Epoch(val) [87][6]	accuracy_top-1: 87.0588, accuracy_top-5: 100.0000
2024-03-11 11:54:34,700 - mmcls - INFO - Epoch(val) [88][6]	accuracy_top-1: 89.4118, accuracy_top-5: 100.0000
2024-03-11 11:54:46,536 - mmcls - INFO - Epoch(val) [89][6]	accuracy_top-1: 90.5882, accuracy_top-5: 100.0000
2024-03-11 11:54:57,154 - mmcls - INFO - Saving checkpoint at 90 epochs
2024-03-11 11:55:05,192 - mmcls - INFO - Epoch(val) [90][6]	accuracy_top-1: 89.4118, accuracy_top-5: 99.4118
2024-03-11 11:55:18,152 - mmcls - INFO - Epoch(val) [91][6]	accuracy_top-1: 90.0000, accuracy_top-5: 100.0000
2024-03-11 11:55:30,299 - mmcls - INFO - Epoch(val) [92][6]	accuracy_top-1: 77.0588, accuracy_top-5: 97.0588
2024-03-11 11:55:41,039 - mmcls - INFO - Saving checkpoint at 93 epochs
2024-03-11 11:55:49,103 - mmcls - INFO - Epoch(val) [93][6]	accuracy_top-1: 78.8235, accuracy_top-5: 99.4118
2024-03-11 11:56:01,222 - mmcls - INFO - Epoch(val) [94][6]	accuracy_top-1: 73.5294, accuracy_top-5: 96.4706
2024-03-11 11:56:13,178 - mmcls - INFO - Epoch(val) [95][6]	accuracy_top-1: 80.5882, accuracy_top-5: 100.0000
2024-03-11 11:56:23,840 - mmcls - INFO - Saving checkpoint at 96 epochs
2024-03-11 11:56:31,836 - mmcls - INFO - Epoch(val) [96][6]	accuracy_top-1: 88.2353, accuracy_top-5: 100.0000
2024-03-11 11:56:43,837 - mmcls - INFO - Epoch(val) [97][6]	accuracy_top-1: 79.4118, accuracy_top-5: 98.2353
2024-03-11 11:56:56,150 - mmcls - INFO - Epoch(val) [98][6]	accuracy_top-1: 84.1176, accuracy_top-5: 100.0000
2024-03-11 11:57:06,402 - mmcls - INFO - Saving checkpoint at 99 epochs
2024-03-11 11:57:14,183 - mmcls - INFO - Epoch(val) [99][6]	accuracy_top-1: 82.9412, accuracy_top-5: 98.2353
2024-03-11 11:57:25,458 - mmcls - INFO - Saving checkpoint at 100 epochs
2024-03-11 11:57:33,640 - mmcls - INFO - Epoch(val) [100][6]	accuracy_top-1: 88.2353, accuracy_top-5: 99.4118
