2024-03-11 16:11:16,168 - mmcls - INFO - Environment info:
------------------------------------------------------------
sys.platform: linux
Python: 3.7.16 (default, Jan 17 2023, 22:20:44) [GCC 11.2.0]
CUDA available: True
GPU 0: NVIDIA GeForce RTX 2080 Ti
CUDA_HOME: /usr/local/cuda
NVCC: Cuda compilation tools, release 11.8, V11.8.89
GCC: gcc (Ubuntu 11.4.0-1ubuntu1~22.04) 11.4.0
PyTorch: 1.7.1
PyTorch compiling details: PyTorch built with:
  - GCC 7.3
  - C++ Version: 201402
  - Intel(R) oneAPI Math Kernel Library Version 2021.4-Product Build 20210904 for Intel(R) 64 architecture applications
  - Intel(R) MKL-DNN v1.6.0 (Git Hash 5ef631a030a6f73131c77892041042805a06064f)
  - OpenMP 201511 (a.k.a. OpenMP 4.5)
  - NNPACK is enabled
  - CPU capability usage: AVX2
  - CUDA Runtime 10.1
  - NVCC architecture flags: -gencode;arch=compute_37,code=sm_37;-gencode;arch=compute_50,code=sm_50;-gencode;arch=compute_60,code=sm_60;-gencode;arch=compute_61,code=sm_61;-gencode;arch=compute_70,code=sm_70;-gencode;arch=compute_75,code=sm_75;-gencode;arch=compute_37,code=compute_37
  - CuDNN 7.6.3
  - Magma 2.5.2
  - Build settings: BLAS=MKL, BUILD_TYPE=Release, CXX_FLAGS= -Wno-deprecated -fvisibility-inlines-hidden -DUSE_PTHREADPOOL -fopenmp -DNDEBUG -DUSE_FBGEMM -DUSE_QNNPACK -DUSE_PYTORCH_QNNPACK -DUSE_XNNPACK -DUSE_VULKAN_WRAPPER -O2 -fPIC -Wno-narrowing -Wall -Wextra -Werror=return-type -Wno-missing-field-initializers -Wno-type-limits -Wno-array-bounds -Wno-unknown-pragmas -Wno-sign-compare -Wno-unused-parameter -Wno-unused-variable -Wno-unused-function -Wno-unused-result -Wno-unused-local-typedefs -Wno-strict-overflow -Wno-strict-aliasing -Wno-error=deprecated-declarations -Wno-stringop-overflow -Wno-psabi -Wno-error=pedantic -Wno-error=redundant-decls -Wno-error=old-style-cast -fdiagnostics-color=always -faligned-new -Wno-unused-but-set-variable -Wno-maybe-uninitialized -fno-math-errno -fno-trapping-math -Werror=format -Wno-stringop-overflow, PERF_WITH_AVX=1, PERF_WITH_AVX2=1, PERF_WITH_AVX512=1, USE_CUDA=ON, USE_EXCEPTION_PTR=1, USE_GFLAGS=OFF, USE_GLOG=OFF, USE_MKL=ON, USE_MKLDNN=ON, USE_MPI=OFF, USE_NCCL=ON, USE_NNPACK=ON, USE_OPENMP=ON, 

TorchVision: 0.8.2
OpenCV: 4.9.0
MMCV: 1.5.0
MMCV Compiler: GCC 11.4
MMCV CUDA Compiler: 11.8
MMClassification: 0.15.0+8da8108
------------------------------------------------------------

2024-03-11 16:11:16,170 - mmcls - INFO - Distributed training: False
2024-03-11 16:11:16,358 - mmcls - INFO - Config:
model = dict(
    type='ImageClassifier',
    backbone=dict(type='VGG', depth=16, num_classes=17),
    neck=None,
    head=dict(
        type='ClsHead',
        loss=dict(type='CrossEntropyLoss', loss_weight=1.0),
        topk=(1, 5)))
dataset_type = 'Flowers'
img_norm_cfg = dict(
    mean=[123.675, 116.28, 103.53], std=[58.395, 57.12, 57.375], to_rgb=True)
train_pipeline = [
    dict(type='LoadImageFromFile'),
    dict(type='RandomResizedCrop', size=224),
    dict(type='RandomFlip', flip_prob=0.5, direction='horizontal'),
    dict(
        type='Normalize',
        mean=[123.675, 116.28, 103.53],
        std=[58.395, 57.12, 57.375],
        to_rgb=True),
    dict(type='ImageToTensor', keys=['img']),
    dict(type='ToTensor', keys=['gt_label']),
    dict(type='Collect', keys=['img', 'gt_label'])
]
test_pipeline = [
    dict(type='LoadImageFromFile'),
    dict(type='Resize', size=(256, -1)),
    dict(type='CenterCrop', crop_size=224),
    dict(
        type='Normalize',
        mean=[123.675, 116.28, 103.53],
        std=[58.395, 57.12, 57.375],
        to_rgb=True),
    dict(type='ImageToTensor', keys=['img']),
    dict(type='Collect', keys=['img'])
]
data = dict(
    samples_per_gpu=32,
    workers_per_gpu=1,
    train=dict(
        type='Flowers',
        data_prefix='data/flowers/train',
        ann_file='data/flowers/meta/train.txt',
        pipeline=[
            dict(type='LoadImageFromFile'),
            dict(type='RandomResizedCrop', size=224),
            dict(type='RandomFlip', flip_prob=0.5, direction='horizontal'),
            dict(
                type='Normalize',
                mean=[123.675, 116.28, 103.53],
                std=[58.395, 57.12, 57.375],
                to_rgb=True),
            dict(type='ImageToTensor', keys=['img']),
            dict(type='ToTensor', keys=['gt_label']),
            dict(type='Collect', keys=['img', 'gt_label'])
        ]),
    val=dict(
        type='Flowers',
        data_prefix='data/flowers/val',
        ann_file='data/flowers/meta/val.txt',
        pipeline=[
            dict(type='LoadImageFromFile'),
            dict(type='Resize', size=(256, -1)),
            dict(type='CenterCrop', crop_size=224),
            dict(
                type='Normalize',
                mean=[123.675, 116.28, 103.53],
                std=[58.395, 57.12, 57.375],
                to_rgb=True),
            dict(type='ImageToTensor', keys=['img']),
            dict(type='Collect', keys=['img'])
        ]),
    test=dict(
        type='Flowers',
        data_prefix='data/flowers/val',
        ann_file='data/flowers/meta/val.txt',
        pipeline=[
            dict(type='LoadImageFromFile'),
            dict(type='Resize', size=(256, -1)),
            dict(type='CenterCrop', crop_size=224),
            dict(
                type='Normalize',
                mean=[123.675, 116.28, 103.53],
                std=[58.395, 57.12, 57.375],
                to_rgb=True),
            dict(type='ImageToTensor', keys=['img']),
            dict(type='Collect', keys=['img'])
        ]))
evaluation = dict(interval=1, metric='accuracy')
optimizer = dict(type='SGD', lr=0.01, momentum=0.9, weight_decay=0.0001)
optimizer_config = dict(grad_clip=None)
lr_config = dict(policy='step', step=[100, 150])
runner = dict(type='EpochBasedRunner', max_epochs=100)
checkpoint_config = dict(interval=3)
log_config = dict(interval=100, hooks=[dict(type='TextLoggerHook')])
dist_params = dict(backend='nccl')
log_level = 'INFO'
load_from = None
resume_from = None
workflow = [('train', 1)]
work_dir = 'output/vgg16_b32x8_flowers'
gpu_ids = range(0, 1)

2024-03-11 16:11:17,828 - mmcls - INFO - initialize VGG with init_cfg [{'type': 'Kaiming', 'layer': ['Conv2d']}, {'type': 'Constant', 'val': 1.0, 'layer': ['_BatchNorm']}, {'type': 'Normal', 'std': 0.01, 'layer': ['Linear']}]
Name of parameter - Initialization information

backbone.features.0.conv.weight - torch.Size([64, 3, 3, 3]): 
KaimingInit: a=0, mode=fan_out, nonlinearity=relu, distribution =normal, bias=0 

backbone.features.0.conv.bias - torch.Size([64]): 
The value is the same before and after calling `init_weights` of ImageClassifier  

backbone.features.1.conv.weight - torch.Size([64, 64, 3, 3]): 
KaimingInit: a=0, mode=fan_out, nonlinearity=relu, distribution =normal, bias=0 

backbone.features.1.conv.bias - torch.Size([64]): 
The value is the same before and after calling `init_weights` of ImageClassifier  

backbone.features.3.conv.weight - torch.Size([128, 64, 3, 3]): 
KaimingInit: a=0, mode=fan_out, nonlinearity=relu, distribution =normal, bias=0 

backbone.features.3.conv.bias - torch.Size([128]): 
The value is the same before and after calling `init_weights` of ImageClassifier  

backbone.features.4.conv.weight - torch.Size([128, 128, 3, 3]): 
KaimingInit: a=0, mode=fan_out, nonlinearity=relu, distribution =normal, bias=0 

backbone.features.4.conv.bias - torch.Size([128]): 
The value is the same before and after calling `init_weights` of ImageClassifier  

backbone.features.6.conv.weight - torch.Size([256, 128, 3, 3]): 
KaimingInit: a=0, mode=fan_out, nonlinearity=relu, distribution =normal, bias=0 

backbone.features.6.conv.bias - torch.Size([256]): 
The value is the same before and after calling `init_weights` of ImageClassifier  

backbone.features.7.conv.weight - torch.Size([256, 256, 3, 3]): 
KaimingInit: a=0, mode=fan_out, nonlinearity=relu, distribution =normal, bias=0 

backbone.features.7.conv.bias - torch.Size([256]): 
The value is the same before and after calling `init_weights` of ImageClassifier  

backbone.features.8.conv.weight - torch.Size([256, 256, 3, 3]): 
KaimingInit: a=0, mode=fan_out, nonlinearity=relu, distribution =normal, bias=0 

backbone.features.8.conv.bias - torch.Size([256]): 
The value is the same before and after calling `init_weights` of ImageClassifier  

backbone.features.10.conv.weight - torch.Size([512, 256, 3, 3]): 
KaimingInit: a=0, mode=fan_out, nonlinearity=relu, distribution =normal, bias=0 

backbone.features.10.conv.bias - torch.Size([512]): 
The value is the same before and after calling `init_weights` of ImageClassifier  

backbone.features.11.conv.weight - torch.Size([512, 512, 3, 3]): 
KaimingInit: a=0, mode=fan_out, nonlinearity=relu, distribution =normal, bias=0 

backbone.features.11.conv.bias - torch.Size([512]): 
The value is the same before and after calling `init_weights` of ImageClassifier  

backbone.features.12.conv.weight - torch.Size([512, 512, 3, 3]): 
KaimingInit: a=0, mode=fan_out, nonlinearity=relu, distribution =normal, bias=0 

backbone.features.12.conv.bias - torch.Size([512]): 
The value is the same before and after calling `init_weights` of ImageClassifier  

backbone.features.14.conv.weight - torch.Size([512, 512, 3, 3]): 
KaimingInit: a=0, mode=fan_out, nonlinearity=relu, distribution =normal, bias=0 

backbone.features.14.conv.bias - torch.Size([512]): 
The value is the same before and after calling `init_weights` of ImageClassifier  

backbone.features.15.conv.weight - torch.Size([512, 512, 3, 3]): 
KaimingInit: a=0, mode=fan_out, nonlinearity=relu, distribution =normal, bias=0 

backbone.features.15.conv.bias - torch.Size([512]): 
The value is the same before and after calling `init_weights` of ImageClassifier  

backbone.features.16.conv.weight - torch.Size([512, 512, 3, 3]): 
KaimingInit: a=0, mode=fan_out, nonlinearity=relu, distribution =normal, bias=0 

backbone.features.16.conv.bias - torch.Size([512]): 
The value is the same before and after calling `init_weights` of ImageClassifier  

backbone.classifier.0.weight - torch.Size([4096, 25088]): 
NormalInit: mean=0, std=0.01, bias=0 

backbone.classifier.0.bias - torch.Size([4096]): 
NormalInit: mean=0, std=0.01, bias=0 

backbone.classifier.3.weight - torch.Size([4096, 4096]): 
NormalInit: mean=0, std=0.01, bias=0 

backbone.classifier.3.bias - torch.Size([4096]): 
NormalInit: mean=0, std=0.01, bias=0 

backbone.classifier.6.weight - torch.Size([17, 4096]): 
NormalInit: mean=0, std=0.01, bias=0 

backbone.classifier.6.bias - torch.Size([17]): 
NormalInit: mean=0, std=0.01, bias=0 
2024-03-11 16:11:22,824 - mmcls - INFO - Start running, host: robby42@gpu2-comp-102, work_dir: /userhome/cs2/robby42/anaconda3/oxford-cnn/output/vgg16_b32x8_flowers
2024-03-11 16:11:22,824 - mmcls - INFO - Hooks will be executed in the following order:
before_run:
(VERY_HIGH   ) StepLrUpdaterHook                  
(NORMAL      ) CheckpointHook                     
(NORMAL      ) EvalHook                           
(VERY_LOW    ) TextLoggerHook                     
 -------------------- 
before_train_epoch:
(VERY_HIGH   ) StepLrUpdaterHook                  
(NORMAL      ) EvalHook                           
(LOW         ) IterTimerHook                      
(VERY_LOW    ) TextLoggerHook                     
 -------------------- 
before_train_iter:
(VERY_HIGH   ) StepLrUpdaterHook                  
(NORMAL      ) EvalHook                           
(LOW         ) IterTimerHook                      
 -------------------- 
after_train_iter:
(ABOVE_NORMAL) OptimizerHook                      
(NORMAL      ) CheckpointHook                     
(NORMAL      ) EvalHook                           
(LOW         ) IterTimerHook                      
(VERY_LOW    ) TextLoggerHook                     
 -------------------- 
after_train_epoch:
(NORMAL      ) CheckpointHook                     
(NORMAL      ) EvalHook                           
(VERY_LOW    ) TextLoggerHook                     
 -------------------- 
before_val_epoch:
(LOW         ) IterTimerHook                      
(VERY_LOW    ) TextLoggerHook                     
 -------------------- 
before_val_iter:
(LOW         ) IterTimerHook                      
 -------------------- 
after_val_iter:
(LOW         ) IterTimerHook                      
 -------------------- 
after_val_epoch:
(VERY_LOW    ) TextLoggerHook                     
 -------------------- 
after_run:
(VERY_LOW    ) TextLoggerHook                     
 -------------------- 
2024-03-11 16:11:22,825 - mmcls - INFO - workflow: [('train', 1)], max: 100 epochs
2024-03-11 16:11:22,825 - mmcls - INFO - Checkpoints will be saved to /userhome/cs2/robby42/anaconda3/oxford-cnn/output/vgg16_b32x8_flowers by HardDiskBackend.
2024-03-11 16:11:40,134 - mmcls - INFO - Epoch(val) [1][6]	accuracy_top-1: 5.8824, accuracy_top-5: 29.4118
2024-03-11 16:11:52,410 - mmcls - INFO - Epoch(val) [2][6]	accuracy_top-1: 5.8824, accuracy_top-5: 29.4118
2024-03-11 16:12:03,945 - mmcls - INFO - Saving checkpoint at 3 epochs
2024-03-11 16:12:11,852 - mmcls - INFO - Epoch(val) [3][6]	accuracy_top-1: 11.1765, accuracy_top-5: 51.1765
2024-03-11 16:12:24,506 - mmcls - INFO - Epoch(val) [4][6]	accuracy_top-1: 5.8824, accuracy_top-5: 47.6471
2024-03-11 16:12:37,518 - mmcls - INFO - Epoch(val) [5][6]	accuracy_top-1: 12.3529, accuracy_top-5: 64.7059
2024-03-11 16:12:48,653 - mmcls - INFO - Saving checkpoint at 6 epochs
2024-03-11 16:12:56,529 - mmcls - INFO - Epoch(val) [6][6]	accuracy_top-1: 13.5294, accuracy_top-5: 58.2353
2024-03-11 16:13:09,130 - mmcls - INFO - Epoch(val) [7][6]	accuracy_top-1: 16.4706, accuracy_top-5: 63.5294
2024-03-11 16:13:23,032 - mmcls - INFO - Epoch(val) [8][6]	accuracy_top-1: 21.1765, accuracy_top-5: 69.4118
2024-03-11 16:13:34,241 - mmcls - INFO - Saving checkpoint at 9 epochs
2024-03-11 16:13:42,015 - mmcls - INFO - Epoch(val) [9][6]	accuracy_top-1: 12.9412, accuracy_top-5: 68.2353
2024-03-11 16:13:54,655 - mmcls - INFO - Epoch(val) [10][6]	accuracy_top-1: 16.4706, accuracy_top-5: 67.0588
2024-03-11 16:14:07,253 - mmcls - INFO - Epoch(val) [11][6]	accuracy_top-1: 20.5882, accuracy_top-5: 68.2353
2024-03-11 16:14:18,312 - mmcls - INFO - Saving checkpoint at 12 epochs
2024-03-11 16:14:26,271 - mmcls - INFO - Epoch(val) [12][6]	accuracy_top-1: 19.4118, accuracy_top-5: 67.0588
2024-03-11 16:14:38,483 - mmcls - INFO - Epoch(val) [13][6]	accuracy_top-1: 18.2353, accuracy_top-5: 67.0588
2024-03-11 16:14:50,975 - mmcls - INFO - Epoch(val) [14][6]	accuracy_top-1: 24.7059, accuracy_top-5: 70.5882
2024-03-11 16:15:01,892 - mmcls - INFO - Saving checkpoint at 15 epochs
2024-03-11 16:15:09,981 - mmcls - INFO - Epoch(val) [15][6]	accuracy_top-1: 26.4706, accuracy_top-5: 68.8235
2024-03-11 16:15:22,501 - mmcls - INFO - Epoch(val) [16][6]	accuracy_top-1: 21.1765, accuracy_top-5: 74.7059
2024-03-11 16:15:34,991 - mmcls - INFO - Epoch(val) [17][6]	accuracy_top-1: 25.8824, accuracy_top-5: 71.7647
2024-03-11 16:15:46,174 - mmcls - INFO - Saving checkpoint at 18 epochs
2024-03-11 16:15:54,087 - mmcls - INFO - Epoch(val) [18][6]	accuracy_top-1: 24.7059, accuracy_top-5: 74.7059
2024-03-11 16:16:07,327 - mmcls - INFO - Epoch(val) [19][6]	accuracy_top-1: 24.7059, accuracy_top-5: 73.5294
2024-03-11 16:16:20,623 - mmcls - INFO - Epoch(val) [20][6]	accuracy_top-1: 31.1765, accuracy_top-5: 79.4118
2024-03-11 16:16:32,018 - mmcls - INFO - Saving checkpoint at 21 epochs
2024-03-11 16:16:39,948 - mmcls - INFO - Epoch(val) [21][6]	accuracy_top-1: 30.0000, accuracy_top-5: 81.1765
2024-03-11 16:16:53,594 - mmcls - INFO - Epoch(val) [22][6]	accuracy_top-1: 30.0000, accuracy_top-5: 78.2353
2024-03-11 16:17:06,778 - mmcls - INFO - Epoch(val) [23][6]	accuracy_top-1: 38.8235, accuracy_top-5: 83.5294
2024-03-11 16:17:17,717 - mmcls - INFO - Saving checkpoint at 24 epochs
2024-03-11 16:17:25,585 - mmcls - INFO - Epoch(val) [24][6]	accuracy_top-1: 38.2353, accuracy_top-5: 88.8235
2024-03-11 16:17:38,246 - mmcls - INFO - Epoch(val) [25][6]	accuracy_top-1: 38.2353, accuracy_top-5: 86.4706
2024-03-11 16:17:51,256 - mmcls - INFO - Epoch(val) [26][6]	accuracy_top-1: 37.0588, accuracy_top-5: 90.0000
2024-03-11 16:18:02,407 - mmcls - INFO - Saving checkpoint at 27 epochs
2024-03-11 16:18:10,606 - mmcls - INFO - Epoch(val) [27][6]	accuracy_top-1: 33.5294, accuracy_top-5: 85.8824
2024-03-11 16:18:23,859 - mmcls - INFO - Epoch(val) [28][6]	accuracy_top-1: 40.5882, accuracy_top-5: 85.2941
2024-03-11 16:18:36,827 - mmcls - INFO - Epoch(val) [29][6]	accuracy_top-1: 42.9412, accuracy_top-5: 87.0588
2024-03-11 16:18:48,654 - mmcls - INFO - Saving checkpoint at 30 epochs
2024-03-11 16:18:56,933 - mmcls - INFO - Epoch(val) [30][6]	accuracy_top-1: 47.6471, accuracy_top-5: 91.7647
2024-03-11 16:19:09,511 - mmcls - INFO - Epoch(val) [31][6]	accuracy_top-1: 40.5882, accuracy_top-5: 90.0000
2024-03-11 16:19:22,120 - mmcls - INFO - Epoch(val) [32][6]	accuracy_top-1: 34.7059, accuracy_top-5: 78.2353
2024-03-11 16:19:33,769 - mmcls - INFO - Saving checkpoint at 33 epochs
2024-03-11 16:19:42,290 - mmcls - INFO - Epoch(val) [33][6]	accuracy_top-1: 38.2353, accuracy_top-5: 90.0000
2024-03-11 16:20:01,288 - mmcls - INFO - Epoch(val) [34][6]	accuracy_top-1: 37.0588, accuracy_top-5: 90.0000
2024-03-11 16:20:14,759 - mmcls - INFO - Epoch(val) [35][6]	accuracy_top-1: 32.3529, accuracy_top-5: 83.5294
2024-03-11 16:20:26,823 - mmcls - INFO - Saving checkpoint at 36 epochs
2024-03-11 16:20:35,052 - mmcls - INFO - Epoch(val) [36][6]	accuracy_top-1: 41.7647, accuracy_top-5: 88.8235
2024-03-11 16:20:47,969 - mmcls - INFO - Epoch(val) [37][6]	accuracy_top-1: 41.1765, accuracy_top-5: 89.4118
2024-03-11 16:21:00,919 - mmcls - INFO - Epoch(val) [38][6]	accuracy_top-1: 39.4118, accuracy_top-5: 87.6471
2024-03-11 16:21:12,449 - mmcls - INFO - Saving checkpoint at 39 epochs
2024-03-11 16:21:20,602 - mmcls - INFO - Epoch(val) [39][6]	accuracy_top-1: 45.2941, accuracy_top-5: 91.7647
2024-03-11 16:21:33,501 - mmcls - INFO - Epoch(val) [40][6]	accuracy_top-1: 45.2941, accuracy_top-5: 94.1176
2024-03-11 16:21:47,212 - mmcls - INFO - Epoch(val) [41][6]	accuracy_top-1: 46.4706, accuracy_top-5: 89.4118
2024-03-11 16:21:59,512 - mmcls - INFO - Saving checkpoint at 42 epochs
2024-03-11 16:22:07,621 - mmcls - INFO - Epoch(val) [42][6]	accuracy_top-1: 48.8235, accuracy_top-5: 93.5294
2024-03-11 16:22:21,146 - mmcls - INFO - Epoch(val) [43][6]	accuracy_top-1: 45.2941, accuracy_top-5: 95.2941
2024-03-11 16:22:34,128 - mmcls - INFO - Epoch(val) [44][6]	accuracy_top-1: 45.8824, accuracy_top-5: 93.5294
2024-03-11 16:22:46,177 - mmcls - INFO - Saving checkpoint at 45 epochs
2024-03-11 16:22:54,196 - mmcls - INFO - Epoch(val) [45][6]	accuracy_top-1: 42.3529, accuracy_top-5: 94.7059
2024-03-11 16:23:09,154 - mmcls - INFO - Epoch(val) [46][6]	accuracy_top-1: 52.3529, accuracy_top-5: 95.8824
2024-03-11 16:23:22,643 - mmcls - INFO - Epoch(val) [47][6]	accuracy_top-1: 47.0588, accuracy_top-5: 94.7059
2024-03-11 16:23:35,381 - mmcls - INFO - Saving checkpoint at 48 epochs
2024-03-11 16:23:43,562 - mmcls - INFO - Epoch(val) [48][6]	accuracy_top-1: 55.2941, accuracy_top-5: 95.2941
2024-03-11 16:23:56,976 - mmcls - INFO - Epoch(val) [49][6]	accuracy_top-1: 52.9412, accuracy_top-5: 98.2353
2024-03-11 16:24:10,230 - mmcls - INFO - Epoch(val) [50][6]	accuracy_top-1: 47.6471, accuracy_top-5: 93.5294
2024-03-11 16:24:22,018 - mmcls - INFO - Saving checkpoint at 51 epochs
2024-03-11 16:24:30,062 - mmcls - INFO - Epoch(val) [51][6]	accuracy_top-1: 52.3529, accuracy_top-5: 96.4706
2024-03-11 16:24:43,364 - mmcls - INFO - Epoch(val) [52][6]	accuracy_top-1: 45.2941, accuracy_top-5: 91.7647
2024-03-11 16:24:56,619 - mmcls - INFO - Epoch(val) [53][6]	accuracy_top-1: 58.2353, accuracy_top-5: 95.2941
2024-03-11 16:25:08,171 - mmcls - INFO - Saving checkpoint at 54 epochs
2024-03-11 16:25:16,315 - mmcls - INFO - Epoch(val) [54][6]	accuracy_top-1: 58.8235, accuracy_top-5: 96.4706
2024-03-11 16:25:28,771 - mmcls - INFO - Epoch(val) [55][6]	accuracy_top-1: 61.1765, accuracy_top-5: 98.8235
2024-03-11 16:25:41,375 - mmcls - INFO - Epoch(val) [56][6]	accuracy_top-1: 62.3529, accuracy_top-5: 97.6471
2024-03-11 16:25:53,460 - mmcls - INFO - Saving checkpoint at 57 epochs
2024-03-11 16:26:02,073 - mmcls - INFO - Epoch(val) [57][6]	accuracy_top-1: 62.3529, accuracy_top-5: 94.7059
2024-03-11 16:26:17,296 - mmcls - INFO - Epoch(val) [58][6]	accuracy_top-1: 58.8235, accuracy_top-5: 93.5294
2024-03-11 16:26:30,746 - mmcls - INFO - Epoch(val) [59][6]	accuracy_top-1: 62.3529, accuracy_top-5: 98.2353
2024-03-11 16:26:42,798 - mmcls - INFO - Saving checkpoint at 60 epochs
2024-03-11 16:26:51,222 - mmcls - INFO - Epoch(val) [60][6]	accuracy_top-1: 60.0000, accuracy_top-5: 97.0588
2024-03-11 16:27:04,704 - mmcls - INFO - Epoch(val) [61][6]	accuracy_top-1: 43.5294, accuracy_top-5: 81.7647
2024-03-11 16:27:17,625 - mmcls - INFO - Epoch(val) [62][6]	accuracy_top-1: 44.1176, accuracy_top-5: 85.2941
2024-03-11 16:27:29,507 - mmcls - INFO - Saving checkpoint at 63 epochs
2024-03-11 16:27:37,567 - mmcls - INFO - Epoch(val) [63][6]	accuracy_top-1: 43.5294, accuracy_top-5: 90.5882
2024-03-11 16:27:50,591 - mmcls - INFO - Epoch(val) [64][6]	accuracy_top-1: 54.7059, accuracy_top-5: 93.5294
2024-03-11 16:28:04,418 - mmcls - INFO - Epoch(val) [65][6]	accuracy_top-1: 56.4706, accuracy_top-5: 93.5294
2024-03-11 16:28:16,182 - mmcls - INFO - Saving checkpoint at 66 epochs
2024-03-11 16:28:24,032 - mmcls - INFO - Epoch(val) [66][6]	accuracy_top-1: 54.7059, accuracy_top-5: 94.7059
2024-03-11 16:28:37,408 - mmcls - INFO - Epoch(val) [67][6]	accuracy_top-1: 60.0000, accuracy_top-5: 92.9412
2024-03-11 16:28:51,787 - mmcls - INFO - Epoch(val) [68][6]	accuracy_top-1: 52.9412, accuracy_top-5: 86.4706
2024-03-11 16:29:02,949 - mmcls - INFO - Saving checkpoint at 69 epochs
2024-03-11 16:29:11,693 - mmcls - INFO - Epoch(val) [69][6]	accuracy_top-1: 65.2941, accuracy_top-5: 97.6471
2024-03-11 16:29:24,165 - mmcls - INFO - Epoch(val) [70][6]	accuracy_top-1: 64.7059, accuracy_top-5: 97.0588
2024-03-11 16:29:36,499 - mmcls - INFO - Epoch(val) [71][6]	accuracy_top-1: 50.5882, accuracy_top-5: 90.0000
2024-03-11 16:29:47,640 - mmcls - INFO - Saving checkpoint at 72 epochs
2024-03-11 16:29:55,917 - mmcls - INFO - Epoch(val) [72][6]	accuracy_top-1: 61.1765, accuracy_top-5: 97.0588
2024-03-11 16:30:09,212 - mmcls - INFO - Epoch(val) [73][6]	accuracy_top-1: 62.3529, accuracy_top-5: 97.6471
2024-03-11 16:30:21,929 - mmcls - INFO - Epoch(val) [74][6]	accuracy_top-1: 66.4706, accuracy_top-5: 95.8824
2024-03-11 16:30:33,185 - mmcls - INFO - Saving checkpoint at 75 epochs
2024-03-11 16:30:41,669 - mmcls - INFO - Epoch(val) [75][6]	accuracy_top-1: 59.4118, accuracy_top-5: 95.8824
2024-03-11 16:30:54,405 - mmcls - INFO - Epoch(val) [76][6]	accuracy_top-1: 70.0000, accuracy_top-5: 97.0588
2024-03-11 16:31:06,941 - mmcls - INFO - Epoch(val) [77][6]	accuracy_top-1: 63.5294, accuracy_top-5: 97.0588
2024-03-11 16:31:18,340 - mmcls - INFO - Saving checkpoint at 78 epochs
2024-03-11 16:31:26,518 - mmcls - INFO - Epoch(val) [78][6]	accuracy_top-1: 71.7647, accuracy_top-5: 97.6471
2024-03-11 16:31:39,087 - mmcls - INFO - Epoch(val) [79][6]	accuracy_top-1: 56.4706, accuracy_top-5: 94.7059
2024-03-11 16:31:51,766 - mmcls - INFO - Epoch(val) [80][6]	accuracy_top-1: 66.4706, accuracy_top-5: 96.4706
2024-03-11 16:32:02,733 - mmcls - INFO - Saving checkpoint at 81 epochs
2024-03-11 16:32:11,315 - mmcls - INFO - Epoch(val) [81][6]	accuracy_top-1: 71.1765, accuracy_top-5: 95.8824
2024-03-11 16:32:23,760 - mmcls - INFO - Epoch(val) [82][6]	accuracy_top-1: 71.7647, accuracy_top-5: 96.4706
2024-03-11 16:32:36,087 - mmcls - INFO - Epoch(val) [83][6]	accuracy_top-1: 67.6471, accuracy_top-5: 98.8235
2024-03-11 16:32:47,002 - mmcls - INFO - Saving checkpoint at 84 epochs
2024-03-11 16:32:55,345 - mmcls - INFO - Epoch(val) [84][6]	accuracy_top-1: 71.7647, accuracy_top-5: 98.8235
2024-03-11 16:33:08,066 - mmcls - INFO - Epoch(val) [85][6]	accuracy_top-1: 70.5882, accuracy_top-5: 97.0588
2024-03-11 16:33:20,694 - mmcls - INFO - Epoch(val) [86][6]	accuracy_top-1: 74.7059, accuracy_top-5: 97.6471
2024-03-11 16:33:33,844 - mmcls - INFO - Saving checkpoint at 87 epochs
2024-03-11 16:33:42,289 - mmcls - INFO - Epoch(val) [87][6]	accuracy_top-1: 74.7059, accuracy_top-5: 100.0000
2024-03-11 16:33:54,565 - mmcls - INFO - Epoch(val) [88][6]	accuracy_top-1: 80.0000, accuracy_top-5: 98.8235
2024-03-11 16:34:07,241 - mmcls - INFO - Epoch(val) [89][6]	accuracy_top-1: 77.0588, accuracy_top-5: 98.8235
2024-03-11 16:34:18,297 - mmcls - INFO - Saving checkpoint at 90 epochs
2024-03-11 16:34:26,571 - mmcls - INFO - Epoch(val) [90][6]	accuracy_top-1: 81.1765, accuracy_top-5: 99.4118
2024-03-11 16:34:38,998 - mmcls - INFO - Epoch(val) [91][6]	accuracy_top-1: 69.4118, accuracy_top-5: 97.0588
2024-03-11 16:34:51,383 - mmcls - INFO - Epoch(val) [92][6]	accuracy_top-1: 61.1765, accuracy_top-5: 97.0588
2024-03-11 16:35:02,103 - mmcls - INFO - Saving checkpoint at 93 epochs
2024-03-11 16:35:10,334 - mmcls - INFO - Epoch(val) [93][6]	accuracy_top-1: 71.7647, accuracy_top-5: 97.0588
2024-03-11 16:35:22,345 - mmcls - INFO - Epoch(val) [94][6]	accuracy_top-1: 74.1176, accuracy_top-5: 98.8235
2024-03-11 16:35:34,452 - mmcls - INFO - Epoch(val) [95][6]	accuracy_top-1: 74.7059, accuracy_top-5: 98.2353
2024-03-11 16:35:45,024 - mmcls - INFO - Saving checkpoint at 96 epochs
2024-03-11 16:35:53,312 - mmcls - INFO - Epoch(val) [96][6]	accuracy_top-1: 78.2353, accuracy_top-5: 98.8235
2024-03-11 16:36:05,950 - mmcls - INFO - Epoch(val) [97][6]	accuracy_top-1: 78.8235, accuracy_top-5: 98.2353
2024-03-11 16:36:18,393 - mmcls - INFO - Epoch(val) [98][6]	accuracy_top-1: 76.4706, accuracy_top-5: 98.2353
2024-03-11 16:36:29,549 - mmcls - INFO - Saving checkpoint at 99 epochs
2024-03-11 16:36:37,634 - mmcls - INFO - Epoch(val) [99][6]	accuracy_top-1: 80.5882, accuracy_top-5: 98.8235
2024-03-11 16:36:48,528 - mmcls - INFO - Saving checkpoint at 100 epochs
2024-03-11 16:36:56,575 - mmcls - INFO - Epoch(val) [100][6]	accuracy_top-1: 64.7059, accuracy_top-5: 92.9412
