2024-03-07 23:26:23,624 - mmcls - INFO - Environment info:
------------------------------------------------------------
sys.platform: linux
Python: 3.7.16 (default, Jan 17 2023, 22:20:44) [GCC 11.2.0]
CUDA available: True
GPU 0: NVIDIA GeForce RTX 2080 Ti
CUDA_HOME: /usr/local/cuda
NVCC: Cuda compilation tools, release 11.8, V11.8.89
GCC: gcc (Ubuntu 11.4.0-1ubuntu1~22.04) 11.4.0
PyTorch: 1.7.1
PyTorch compiling details: PyTorch built with:
  - GCC 7.3
  - C++ Version: 201402
  - Intel(R) oneAPI Math Kernel Library Version 2021.4-Product Build 20210904 for Intel(R) 64 architecture applications
  - Intel(R) MKL-DNN v1.6.0 (Git Hash 5ef631a030a6f73131c77892041042805a06064f)
  - OpenMP 201511 (a.k.a. OpenMP 4.5)
  - NNPACK is enabled
  - CPU capability usage: AVX2
  - CUDA Runtime 10.1
  - NVCC architecture flags: -gencode;arch=compute_37,code=sm_37;-gencode;arch=compute_50,code=sm_50;-gencode;arch=compute_60,code=sm_60;-gencode;arch=compute_61,code=sm_61;-gencode;arch=compute_70,code=sm_70;-gencode;arch=compute_75,code=sm_75;-gencode;arch=compute_37,code=compute_37
  - CuDNN 7.6.3
  - Magma 2.5.2
  - Build settings: BLAS=MKL, BUILD_TYPE=Release, CXX_FLAGS= -Wno-deprecated -fvisibility-inlines-hidden -DUSE_PTHREADPOOL -fopenmp -DNDEBUG -DUSE_FBGEMM -DUSE_QNNPACK -DUSE_PYTORCH_QNNPACK -DUSE_XNNPACK -DUSE_VULKAN_WRAPPER -O2 -fPIC -Wno-narrowing -Wall -Wextra -Werror=return-type -Wno-missing-field-initializers -Wno-type-limits -Wno-array-bounds -Wno-unknown-pragmas -Wno-sign-compare -Wno-unused-parameter -Wno-unused-variable -Wno-unused-function -Wno-unused-result -Wno-unused-local-typedefs -Wno-strict-overflow -Wno-strict-aliasing -Wno-error=deprecated-declarations -Wno-stringop-overflow -Wno-psabi -Wno-error=pedantic -Wno-error=redundant-decls -Wno-error=old-style-cast -fdiagnostics-color=always -faligned-new -Wno-unused-but-set-variable -Wno-maybe-uninitialized -fno-math-errno -fno-trapping-math -Werror=format -Wno-stringop-overflow, PERF_WITH_AVX=1, PERF_WITH_AVX2=1, PERF_WITH_AVX512=1, USE_CUDA=ON, USE_EXCEPTION_PTR=1, USE_GFLAGS=OFF, USE_GLOG=OFF, USE_MKL=ON, USE_MKLDNN=ON, USE_MPI=OFF, USE_NCCL=ON, USE_NNPACK=ON, USE_OPENMP=ON, 

TorchVision: 0.8.2
OpenCV: 4.9.0
MMCV: 1.5.0
MMCV Compiler: GCC 11.4
MMCV CUDA Compiler: 11.8
MMClassification: 0.15.0+2d2583a
------------------------------------------------------------

2024-03-07 23:26:23,626 - mmcls - INFO - Distributed training: False
2024-03-07 23:26:23,825 - mmcls - INFO - Config:
model = dict(
    type='ImageClassifier',
    backbone=dict(
        type='ResNet',
        depth=18,
        num_stages=4,
        out_indices=(3, ),
        style='pytorch'),
    neck=dict(type='GlobalAveragePooling'),
    head=dict(
        type='LinearClsHead',
        num_classes=17,
        in_channels=512,
        loss=dict(type='CrossEntropyLoss', loss_weight=1.0)))
dataset_type = 'Flowers'
img_norm_cfg = dict(
    mean=[123.675, 116.28, 103.53], std=[58.395, 57.12, 57.375], to_rgb=True)
train_pipeline = [
    dict(type='LoadImageFromFile'),
    dict(type='RandomResizedCrop', size=224),
    dict(type='RandomFlip', flip_prob=0.5, direction='horizontal'),
    dict(
        type='Normalize',
        mean=[123.675, 116.28, 103.53],
        std=[58.395, 57.12, 57.375],
        to_rgb=True),
    dict(type='ImageToTensor', keys=['img']),
    dict(type='ToTensor', keys=['gt_label']),
    dict(type='Collect', keys=['img', 'gt_label'])
]
test_pipeline = [
    dict(type='LoadImageFromFile'),
    dict(type='Resize', size=(256, -1)),
    dict(type='CenterCrop', crop_size=224),
    dict(
        type='Normalize',
        mean=[123.675, 116.28, 103.53],
        std=[58.395, 57.12, 57.375],
        to_rgb=True),
    dict(type='ImageToTensor', keys=['img']),
    dict(type='Collect', keys=['img'])
]
data = dict(
    samples_per_gpu=32,
    workers_per_gpu=1,
    train=dict(
        type='Flowers',
        data_prefix='data/flowers/train',
        ann_file='data/flowers/meta/train.txt',
        pipeline=[
            dict(type='LoadImageFromFile'),
            dict(type='RandomResizedCrop', size=224),
            dict(type='RandomFlip', flip_prob=0.5, direction='horizontal'),
            dict(
                type='Normalize',
                mean=[123.675, 116.28, 103.53],
                std=[58.395, 57.12, 57.375],
                to_rgb=True),
            dict(type='ImageToTensor', keys=['img']),
            dict(type='ToTensor', keys=['gt_label']),
            dict(type='Collect', keys=['img', 'gt_label'])
        ]),
    val=dict(
        type='Flowers',
        data_prefix='data/flowers/val',
        ann_file='data/flowers/meta/val.txt',
        pipeline=[
            dict(type='LoadImageFromFile'),
            dict(type='Resize', size=(256, -1)),
            dict(type='CenterCrop', crop_size=224),
            dict(
                type='Normalize',
                mean=[123.675, 116.28, 103.53],
                std=[58.395, 57.12, 57.375],
                to_rgb=True),
            dict(type='ImageToTensor', keys=['img']),
            dict(type='Collect', keys=['img'])
        ]),
    test=dict(
        type='Flowers',
        data_prefix='data/flowers/val',
        ann_file='data/flowers/meta/val.txt',
        pipeline=[
            dict(type='LoadImageFromFile'),
            dict(type='Resize', size=(256, -1)),
            dict(type='CenterCrop', crop_size=224),
            dict(
                type='Normalize',
                mean=[123.675, 116.28, 103.53],
                std=[58.395, 57.12, 57.375],
                to_rgb=True),
            dict(type='ImageToTensor', keys=['img']),
            dict(type='Collect', keys=['img'])
        ]))
evaluation = dict(interval=1, metric='accuracy')
optimizer = dict(type='SGD', lr=0.1, momentum=0.9, weight_decay=0.0001)
optimizer_config = dict(grad_clip=None)
lr_config = dict(policy='step', step=[100, 150])
runner = dict(type='EpochBasedRunner', max_epochs=200)
checkpoint_config = dict(interval=1)
log_config = dict(interval=100, hooks=[dict(type='TextLoggerHook')])
dist_params = dict(backend='nccl')
log_level = 'INFO'
load_from = None
resume_from = None
workflow = [('train', 1)]
work_dir = 'output/resnet18_flowers_bs128'
gpu_ids = range(0, 1)

2024-03-07 23:26:24,153 - mmcls - INFO - initialize ResNet with init_cfg [{'type': 'Kaiming', 'layer': ['Conv2d']}, {'type': 'Constant', 'val': 1, 'layer': ['_BatchNorm', 'GroupNorm']}]
2024-03-07 23:26:24,349 - mmcls - INFO - initialize LinearClsHead with init_cfg {'type': 'Normal', 'layer': 'Linear', 'std': 0.01}
Name of parameter - Initialization information

backbone.conv1.weight - torch.Size([64, 3, 7, 7]): 
KaimingInit: a=0, mode=fan_out, nonlinearity=relu, distribution =normal, bias=0 

backbone.bn1.weight - torch.Size([64]): 
The value is the same before and after calling `init_weights` of ImageClassifier  

backbone.bn1.bias - torch.Size([64]): 
The value is the same before and after calling `init_weights` of ImageClassifier  

backbone.layer1.0.conv1.weight - torch.Size([64, 64, 3, 3]): 
KaimingInit: a=0, mode=fan_out, nonlinearity=relu, distribution =normal, bias=0 

backbone.layer1.0.bn1.weight - torch.Size([64]): 
The value is the same before and after calling `init_weights` of ImageClassifier  

backbone.layer1.0.bn1.bias - torch.Size([64]): 
The value is the same before and after calling `init_weights` of ImageClassifier  

backbone.layer1.0.conv2.weight - torch.Size([64, 64, 3, 3]): 
KaimingInit: a=0, mode=fan_out, nonlinearity=relu, distribution =normal, bias=0 

backbone.layer1.0.bn2.weight - torch.Size([64]): 
Initialized by user-defined `init_weights` in ResNet  

backbone.layer1.0.bn2.bias - torch.Size([64]): 
The value is the same before and after calling `init_weights` of ImageClassifier  

backbone.layer1.1.conv1.weight - torch.Size([64, 64, 3, 3]): 
KaimingInit: a=0, mode=fan_out, nonlinearity=relu, distribution =normal, bias=0 

backbone.layer1.1.bn1.weight - torch.Size([64]): 
The value is the same before and after calling `init_weights` of ImageClassifier  

backbone.layer1.1.bn1.bias - torch.Size([64]): 
The value is the same before and after calling `init_weights` of ImageClassifier  

backbone.layer1.1.conv2.weight - torch.Size([64, 64, 3, 3]): 
KaimingInit: a=0, mode=fan_out, nonlinearity=relu, distribution =normal, bias=0 

backbone.layer1.1.bn2.weight - torch.Size([64]): 
Initialized by user-defined `init_weights` in ResNet  

backbone.layer1.1.bn2.bias - torch.Size([64]): 
The value is the same before and after calling `init_weights` of ImageClassifier  

backbone.layer2.0.conv1.weight - torch.Size([128, 64, 3, 3]): 
KaimingInit: a=0, mode=fan_out, nonlinearity=relu, distribution =normal, bias=0 

backbone.layer2.0.bn1.weight - torch.Size([128]): 
The value is the same before and after calling `init_weights` of ImageClassifier  

backbone.layer2.0.bn1.bias - torch.Size([128]): 
The value is the same before and after calling `init_weights` of ImageClassifier  

backbone.layer2.0.conv2.weight - torch.Size([128, 128, 3, 3]): 
KaimingInit: a=0, mode=fan_out, nonlinearity=relu, distribution =normal, bias=0 

backbone.layer2.0.bn2.weight - torch.Size([128]): 
Initialized by user-defined `init_weights` in ResNet  

backbone.layer2.0.bn2.bias - torch.Size([128]): 
The value is the same before and after calling `init_weights` of ImageClassifier  

backbone.layer2.0.downsample.0.weight - torch.Size([128, 64, 1, 1]): 
KaimingInit: a=0, mode=fan_out, nonlinearity=relu, distribution =normal, bias=0 

backbone.layer2.0.downsample.1.weight - torch.Size([128]): 
The value is the same before and after calling `init_weights` of ImageClassifier  

backbone.layer2.0.downsample.1.bias - torch.Size([128]): 
The value is the same before and after calling `init_weights` of ImageClassifier  

backbone.layer2.1.conv1.weight - torch.Size([128, 128, 3, 3]): 
KaimingInit: a=0, mode=fan_out, nonlinearity=relu, distribution =normal, bias=0 

backbone.layer2.1.bn1.weight - torch.Size([128]): 
The value is the same before and after calling `init_weights` of ImageClassifier  

backbone.layer2.1.bn1.bias - torch.Size([128]): 
The value is the same before and after calling `init_weights` of ImageClassifier  

backbone.layer2.1.conv2.weight - torch.Size([128, 128, 3, 3]): 
KaimingInit: a=0, mode=fan_out, nonlinearity=relu, distribution =normal, bias=0 

backbone.layer2.1.bn2.weight - torch.Size([128]): 
Initialized by user-defined `init_weights` in ResNet  

backbone.layer2.1.bn2.bias - torch.Size([128]): 
The value is the same before and after calling `init_weights` of ImageClassifier  

backbone.layer3.0.conv1.weight - torch.Size([256, 128, 3, 3]): 
KaimingInit: a=0, mode=fan_out, nonlinearity=relu, distribution =normal, bias=0 

backbone.layer3.0.bn1.weight - torch.Size([256]): 
The value is the same before and after calling `init_weights` of ImageClassifier  

backbone.layer3.0.bn1.bias - torch.Size([256]): 
The value is the same before and after calling `init_weights` of ImageClassifier  

backbone.layer3.0.conv2.weight - torch.Size([256, 256, 3, 3]): 
KaimingInit: a=0, mode=fan_out, nonlinearity=relu, distribution =normal, bias=0 

backbone.layer3.0.bn2.weight - torch.Size([256]): 
Initialized by user-defined `init_weights` in ResNet  

backbone.layer3.0.bn2.bias - torch.Size([256]): 
The value is the same before and after calling `init_weights` of ImageClassifier  

backbone.layer3.0.downsample.0.weight - torch.Size([256, 128, 1, 1]): 
KaimingInit: a=0, mode=fan_out, nonlinearity=relu, distribution =normal, bias=0 

backbone.layer3.0.downsample.1.weight - torch.Size([256]): 
The value is the same before and after calling `init_weights` of ImageClassifier  

backbone.layer3.0.downsample.1.bias - torch.Size([256]): 
The value is the same before and after calling `init_weights` of ImageClassifier  

backbone.layer3.1.conv1.weight - torch.Size([256, 256, 3, 3]): 
KaimingInit: a=0, mode=fan_out, nonlinearity=relu, distribution =normal, bias=0 

backbone.layer3.1.bn1.weight - torch.Size([256]): 
The value is the same before and after calling `init_weights` of ImageClassifier  

backbone.layer3.1.bn1.bias - torch.Size([256]): 
The value is the same before and after calling `init_weights` of ImageClassifier  

backbone.layer3.1.conv2.weight - torch.Size([256, 256, 3, 3]): 
KaimingInit: a=0, mode=fan_out, nonlinearity=relu, distribution =normal, bias=0 

backbone.layer3.1.bn2.weight - torch.Size([256]): 
Initialized by user-defined `init_weights` in ResNet  

backbone.layer3.1.bn2.bias - torch.Size([256]): 
The value is the same before and after calling `init_weights` of ImageClassifier  

backbone.layer4.0.conv1.weight - torch.Size([512, 256, 3, 3]): 
KaimingInit: a=0, mode=fan_out, nonlinearity=relu, distribution =normal, bias=0 

backbone.layer4.0.bn1.weight - torch.Size([512]): 
The value is the same before and after calling `init_weights` of ImageClassifier  

backbone.layer4.0.bn1.bias - torch.Size([512]): 
The value is the same before and after calling `init_weights` of ImageClassifier  

backbone.layer4.0.conv2.weight - torch.Size([512, 512, 3, 3]): 
KaimingInit: a=0, mode=fan_out, nonlinearity=relu, distribution =normal, bias=0 

backbone.layer4.0.bn2.weight - torch.Size([512]): 
Initialized by user-defined `init_weights` in ResNet  

backbone.layer4.0.bn2.bias - torch.Size([512]): 
The value is the same before and after calling `init_weights` of ImageClassifier  

backbone.layer4.0.downsample.0.weight - torch.Size([512, 256, 1, 1]): 
KaimingInit: a=0, mode=fan_out, nonlinearity=relu, distribution =normal, bias=0 

backbone.layer4.0.downsample.1.weight - torch.Size([512]): 
The value is the same before and after calling `init_weights` of ImageClassifier  

backbone.layer4.0.downsample.1.bias - torch.Size([512]): 
The value is the same before and after calling `init_weights` of ImageClassifier  

backbone.layer4.1.conv1.weight - torch.Size([512, 512, 3, 3]): 
KaimingInit: a=0, mode=fan_out, nonlinearity=relu, distribution =normal, bias=0 

backbone.layer4.1.bn1.weight - torch.Size([512]): 
The value is the same before and after calling `init_weights` of ImageClassifier  

backbone.layer4.1.bn1.bias - torch.Size([512]): 
The value is the same before and after calling `init_weights` of ImageClassifier  

backbone.layer4.1.conv2.weight - torch.Size([512, 512, 3, 3]): 
KaimingInit: a=0, mode=fan_out, nonlinearity=relu, distribution =normal, bias=0 

backbone.layer4.1.bn2.weight - torch.Size([512]): 
Initialized by user-defined `init_weights` in ResNet  

backbone.layer4.1.bn2.bias - torch.Size([512]): 
The value is the same before and after calling `init_weights` of ImageClassifier  

head.fc.weight - torch.Size([17, 512]): 
NormalInit: mean=0, std=0.01, bias=0 

head.fc.bias - torch.Size([17]): 
NormalInit: mean=0, std=0.01, bias=0 
2024-03-07 23:26:39,735 - mmcls - INFO - Start running, host: hzhao11@gpu2-comp-113, work_dir: /userhome/cs2/hzhao11/training/oxford-cnn/output/resnet18_flowers_bs128
2024-03-07 23:26:39,736 - mmcls - INFO - Hooks will be executed in the following order:
before_run:
(VERY_HIGH   ) StepLrUpdaterHook                  
(NORMAL      ) CheckpointHook                     
(NORMAL      ) EvalHook                           
(VERY_LOW    ) TextLoggerHook                     
 -------------------- 
before_train_epoch:
(VERY_HIGH   ) StepLrUpdaterHook                  
(NORMAL      ) EvalHook                           
(LOW         ) IterTimerHook                      
(VERY_LOW    ) TextLoggerHook                     
 -------------------- 
before_train_iter:
(VERY_HIGH   ) StepLrUpdaterHook                  
(NORMAL      ) EvalHook                           
(LOW         ) IterTimerHook                      
 -------------------- 
after_train_iter:
(ABOVE_NORMAL) OptimizerHook                      
(NORMAL      ) CheckpointHook                     
(NORMAL      ) EvalHook                           
(LOW         ) IterTimerHook                      
(VERY_LOW    ) TextLoggerHook                     
 -------------------- 
after_train_epoch:
(NORMAL      ) CheckpointHook                     
(NORMAL      ) EvalHook                           
(VERY_LOW    ) TextLoggerHook                     
 -------------------- 
before_val_epoch:
(LOW         ) IterTimerHook                      
(VERY_LOW    ) TextLoggerHook                     
 -------------------- 
before_val_iter:
(LOW         ) IterTimerHook                      
 -------------------- 
after_val_iter:
(LOW         ) IterTimerHook                      
 -------------------- 
after_val_epoch:
(VERY_LOW    ) TextLoggerHook                     
 -------------------- 
after_run:
(VERY_LOW    ) TextLoggerHook                     
 -------------------- 
2024-03-07 23:26:39,736 - mmcls - INFO - workflow: [('train', 1)], max: 200 epochs
2024-03-07 23:26:39,736 - mmcls - INFO - Checkpoints will be saved to /userhome/cs2/hzhao11/training/oxford-cnn/output/resnet18_flowers_bs128 by HardDiskBackend.
2024-03-07 23:27:05,113 - mmcls - INFO - Saving checkpoint at 1 epochs
2024-03-07 23:27:09,014 - mmcls - INFO - Epoch(val) [1][6]	accuracy_top-1: 23.5294, accuracy_top-5: 72.3529
2024-03-07 23:27:20,812 - mmcls - INFO - Saving checkpoint at 2 epochs
2024-03-07 23:27:22,907 - mmcls - INFO - Epoch(val) [2][6]	accuracy_top-1: 34.7059, accuracy_top-5: 91.7647
2024-03-07 23:27:33,650 - mmcls - INFO - Saving checkpoint at 3 epochs
2024-03-07 23:27:35,829 - mmcls - INFO - Epoch(val) [3][6]	accuracy_top-1: 45.8824, accuracy_top-5: 92.3529
2024-03-07 23:27:46,715 - mmcls - INFO - Saving checkpoint at 4 epochs
2024-03-07 23:27:48,824 - mmcls - INFO - Epoch(val) [4][6]	accuracy_top-1: 50.5882, accuracy_top-5: 95.2941
2024-03-07 23:27:59,314 - mmcls - INFO - Saving checkpoint at 5 epochs
2024-03-07 23:28:01,387 - mmcls - INFO - Epoch(val) [5][6]	accuracy_top-1: 57.6471, accuracy_top-5: 94.1176
2024-03-07 23:28:11,862 - mmcls - INFO - Saving checkpoint at 6 epochs
2024-03-07 23:28:13,927 - mmcls - INFO - Epoch(val) [6][6]	accuracy_top-1: 56.4706, accuracy_top-5: 91.7647
2024-03-07 23:28:24,562 - mmcls - INFO - Saving checkpoint at 7 epochs
2024-03-07 23:28:26,664 - mmcls - INFO - Epoch(val) [7][6]	accuracy_top-1: 42.9412, accuracy_top-5: 90.5882
2024-03-07 23:28:37,063 - mmcls - INFO - Saving checkpoint at 8 epochs
2024-03-07 23:28:39,089 - mmcls - INFO - Epoch(val) [8][6]	accuracy_top-1: 57.6471, accuracy_top-5: 94.1176
2024-03-07 23:28:49,579 - mmcls - INFO - Saving checkpoint at 9 epochs
2024-03-07 23:28:51,652 - mmcls - INFO - Epoch(val) [9][6]	accuracy_top-1: 59.4118, accuracy_top-5: 96.4706
2024-03-07 23:29:02,221 - mmcls - INFO - Saving checkpoint at 10 epochs
2024-03-07 23:29:04,393 - mmcls - INFO - Epoch(val) [10][6]	accuracy_top-1: 63.5294, accuracy_top-5: 95.2941
2024-03-07 23:29:14,448 - mmcls - INFO - Saving checkpoint at 11 epochs
2024-03-07 23:29:16,455 - mmcls - INFO - Epoch(val) [11][6]	accuracy_top-1: 52.3529, accuracy_top-5: 95.2941
2024-03-07 23:29:27,153 - mmcls - INFO - Saving checkpoint at 12 epochs
2024-03-07 23:29:29,146 - mmcls - INFO - Epoch(val) [12][6]	accuracy_top-1: 60.0000, accuracy_top-5: 97.0588
2024-03-07 23:29:39,607 - mmcls - INFO - Saving checkpoint at 13 epochs
2024-03-07 23:29:41,598 - mmcls - INFO - Epoch(val) [13][6]	accuracy_top-1: 71.7647, accuracy_top-5: 97.0588
2024-03-07 23:29:52,011 - mmcls - INFO - Saving checkpoint at 14 epochs
2024-03-07 23:29:54,297 - mmcls - INFO - Epoch(val) [14][6]	accuracy_top-1: 72.9412, accuracy_top-5: 97.0588
2024-03-07 23:30:05,031 - mmcls - INFO - Saving checkpoint at 15 epochs
2024-03-07 23:30:07,069 - mmcls - INFO - Epoch(val) [15][6]	accuracy_top-1: 65.8824, accuracy_top-5: 96.4706
2024-03-07 23:30:18,077 - mmcls - INFO - Saving checkpoint at 16 epochs
2024-03-07 23:30:20,117 - mmcls - INFO - Epoch(val) [16][6]	accuracy_top-1: 69.4118, accuracy_top-5: 97.0588
2024-03-07 23:30:30,727 - mmcls - INFO - Saving checkpoint at 17 epochs
2024-03-07 23:30:32,920 - mmcls - INFO - Epoch(val) [17][6]	accuracy_top-1: 73.5294, accuracy_top-5: 95.8824
2024-03-07 23:30:43,528 - mmcls - INFO - Saving checkpoint at 18 epochs
2024-03-07 23:30:45,539 - mmcls - INFO - Epoch(val) [18][6]	accuracy_top-1: 69.4118, accuracy_top-5: 95.2941
2024-03-07 23:30:56,248 - mmcls - INFO - Saving checkpoint at 19 epochs
2024-03-07 23:30:58,300 - mmcls - INFO - Epoch(val) [19][6]	accuracy_top-1: 79.4118, accuracy_top-5: 98.2353
2024-03-07 23:31:09,292 - mmcls - INFO - Saving checkpoint at 20 epochs
2024-03-07 23:31:11,269 - mmcls - INFO - Epoch(val) [20][6]	accuracy_top-1: 71.7647, accuracy_top-5: 97.0588
2024-03-07 23:31:22,072 - mmcls - INFO - Saving checkpoint at 21 epochs
2024-03-07 23:31:24,131 - mmcls - INFO - Epoch(val) [21][6]	accuracy_top-1: 77.6471, accuracy_top-5: 98.2353
2024-03-07 23:31:34,808 - mmcls - INFO - Saving checkpoint at 22 epochs
2024-03-07 23:31:36,809 - mmcls - INFO - Epoch(val) [22][6]	accuracy_top-1: 78.2353, accuracy_top-5: 99.4118
2024-03-07 23:31:47,319 - mmcls - INFO - Saving checkpoint at 23 epochs
2024-03-07 23:31:49,274 - mmcls - INFO - Epoch(val) [23][6]	accuracy_top-1: 71.1765, accuracy_top-5: 98.2353
2024-03-07 23:31:59,547 - mmcls - INFO - Saving checkpoint at 24 epochs
2024-03-07 23:32:01,771 - mmcls - INFO - Epoch(val) [24][6]	accuracy_top-1: 72.3529, accuracy_top-5: 98.8235
2024-03-07 23:32:12,679 - mmcls - INFO - Saving checkpoint at 25 epochs
2024-03-07 23:32:14,826 - mmcls - INFO - Epoch(val) [25][6]	accuracy_top-1: 76.4706, accuracy_top-5: 98.8235
2024-03-07 23:32:25,379 - mmcls - INFO - Saving checkpoint at 26 epochs
2024-03-07 23:32:27,408 - mmcls - INFO - Epoch(val) [26][6]	accuracy_top-1: 61.7647, accuracy_top-5: 92.9412
2024-03-07 23:32:38,258 - mmcls - INFO - Saving checkpoint at 27 epochs
2024-03-07 23:32:40,206 - mmcls - INFO - Epoch(val) [27][6]	accuracy_top-1: 80.5882, accuracy_top-5: 98.8235
2024-03-07 23:32:50,957 - mmcls - INFO - Saving checkpoint at 28 epochs
2024-03-07 23:32:52,920 - mmcls - INFO - Epoch(val) [28][6]	accuracy_top-1: 78.8235, accuracy_top-5: 98.8235
2024-03-07 23:33:03,276 - mmcls - INFO - Saving checkpoint at 29 epochs
2024-03-07 23:33:05,654 - mmcls - INFO - Epoch(val) [29][6]	accuracy_top-1: 80.5882, accuracy_top-5: 98.2353
2024-03-07 23:33:16,059 - mmcls - INFO - Saving checkpoint at 30 epochs
2024-03-07 23:33:18,428 - mmcls - INFO - Epoch(val) [30][6]	accuracy_top-1: 84.7059, accuracy_top-5: 98.8235
2024-03-07 23:33:28,600 - mmcls - INFO - Saving checkpoint at 31 epochs
2024-03-07 23:33:30,738 - mmcls - INFO - Epoch(val) [31][6]	accuracy_top-1: 84.1176, accuracy_top-5: 99.4118
2024-03-07 23:33:41,661 - mmcls - INFO - Saving checkpoint at 32 epochs
2024-03-07 23:33:43,766 - mmcls - INFO - Epoch(val) [32][6]	accuracy_top-1: 82.3529, accuracy_top-5: 98.8235
2024-03-07 23:33:54,148 - mmcls - INFO - Saving checkpoint at 33 epochs
2024-03-07 23:33:56,438 - mmcls - INFO - Epoch(val) [33][6]	accuracy_top-1: 84.1176, accuracy_top-5: 100.0000
2024-03-07 23:34:06,897 - mmcls - INFO - Saving checkpoint at 34 epochs
2024-03-07 23:34:09,003 - mmcls - INFO - Epoch(val) [34][6]	accuracy_top-1: 84.1176, accuracy_top-5: 99.4118
2024-03-07 23:34:19,563 - mmcls - INFO - Saving checkpoint at 35 epochs
2024-03-07 23:34:21,683 - mmcls - INFO - Epoch(val) [35][6]	accuracy_top-1: 81.1765, accuracy_top-5: 98.8235
2024-03-07 23:34:32,191 - mmcls - INFO - Saving checkpoint at 36 epochs
2024-03-07 23:34:34,198 - mmcls - INFO - Epoch(val) [36][6]	accuracy_top-1: 81.1765, accuracy_top-5: 99.4118
2024-03-07 23:34:44,478 - mmcls - INFO - Saving checkpoint at 37 epochs
2024-03-07 23:34:46,534 - mmcls - INFO - Epoch(val) [37][6]	accuracy_top-1: 87.0588, accuracy_top-5: 99.4118
2024-03-07 23:34:56,982 - mmcls - INFO - Saving checkpoint at 38 epochs
2024-03-07 23:34:59,046 - mmcls - INFO - Epoch(val) [38][6]	accuracy_top-1: 86.4706, accuracy_top-5: 100.0000
2024-03-07 23:35:09,472 - mmcls - INFO - Saving checkpoint at 39 epochs
2024-03-07 23:35:11,458 - mmcls - INFO - Epoch(val) [39][6]	accuracy_top-1: 84.1176, accuracy_top-5: 98.2353
2024-03-07 23:35:22,022 - mmcls - INFO - Saving checkpoint at 40 epochs
2024-03-07 23:35:24,098 - mmcls - INFO - Epoch(val) [40][6]	accuracy_top-1: 88.8235, accuracy_top-5: 99.4118
2024-03-07 23:35:34,472 - mmcls - INFO - Saving checkpoint at 41 epochs
2024-03-07 23:35:36,498 - mmcls - INFO - Epoch(val) [41][6]	accuracy_top-1: 87.0588, accuracy_top-5: 100.0000
2024-03-07 23:35:46,885 - mmcls - INFO - Saving checkpoint at 42 epochs
2024-03-07 23:35:49,013 - mmcls - INFO - Epoch(val) [42][6]	accuracy_top-1: 86.4706, accuracy_top-5: 98.8235
2024-03-07 23:35:59,185 - mmcls - INFO - Saving checkpoint at 43 epochs
2024-03-07 23:36:01,294 - mmcls - INFO - Epoch(val) [43][6]	accuracy_top-1: 84.7059, accuracy_top-5: 99.4118
2024-03-07 23:36:11,823 - mmcls - INFO - Saving checkpoint at 44 epochs
2024-03-07 23:36:13,816 - mmcls - INFO - Epoch(val) [44][6]	accuracy_top-1: 79.4118, accuracy_top-5: 99.4118
2024-03-07 23:36:24,118 - mmcls - INFO - Saving checkpoint at 45 epochs
2024-03-07 23:36:26,241 - mmcls - INFO - Epoch(val) [45][6]	accuracy_top-1: 86.4706, accuracy_top-5: 99.4118
2024-03-07 23:36:36,826 - mmcls - INFO - Saving checkpoint at 46 epochs
2024-03-07 23:36:38,907 - mmcls - INFO - Epoch(val) [46][6]	accuracy_top-1: 85.2941, accuracy_top-5: 100.0000
2024-03-07 23:36:49,607 - mmcls - INFO - Saving checkpoint at 47 epochs
2024-03-07 23:36:51,754 - mmcls - INFO - Epoch(val) [47][6]	accuracy_top-1: 87.0588, accuracy_top-5: 99.4118
2024-03-07 23:37:02,272 - mmcls - INFO - Saving checkpoint at 48 epochs
2024-03-07 23:37:04,392 - mmcls - INFO - Epoch(val) [48][6]	accuracy_top-1: 83.5294, accuracy_top-5: 98.8235
2024-03-07 23:37:14,726 - mmcls - INFO - Saving checkpoint at 49 epochs
2024-03-07 23:37:16,993 - mmcls - INFO - Epoch(val) [49][6]	accuracy_top-1: 79.4118, accuracy_top-5: 99.4118
2024-03-07 23:37:27,302 - mmcls - INFO - Saving checkpoint at 50 epochs
2024-03-07 23:37:29,327 - mmcls - INFO - Epoch(val) [50][6]	accuracy_top-1: 85.8824, accuracy_top-5: 99.4118
2024-03-07 23:37:39,679 - mmcls - INFO - Saving checkpoint at 51 epochs
2024-03-07 23:37:41,813 - mmcls - INFO - Epoch(val) [51][6]	accuracy_top-1: 88.2353, accuracy_top-5: 98.8235
2024-03-07 23:37:52,355 - mmcls - INFO - Saving checkpoint at 52 epochs
2024-03-07 23:37:54,382 - mmcls - INFO - Epoch(val) [52][6]	accuracy_top-1: 91.1765, accuracy_top-5: 99.4118
2024-03-07 23:38:04,825 - mmcls - INFO - Saving checkpoint at 53 epochs
2024-03-07 23:38:06,822 - mmcls - INFO - Epoch(val) [53][6]	accuracy_top-1: 88.8235, accuracy_top-5: 100.0000
2024-03-07 23:38:17,255 - mmcls - INFO - Saving checkpoint at 54 epochs
2024-03-07 23:38:19,324 - mmcls - INFO - Epoch(val) [54][6]	accuracy_top-1: 89.4118, accuracy_top-5: 100.0000
2024-03-07 23:38:29,562 - mmcls - INFO - Saving checkpoint at 55 epochs
2024-03-07 23:38:31,567 - mmcls - INFO - Epoch(val) [55][6]	accuracy_top-1: 77.6471, accuracy_top-5: 98.2353
2024-03-07 23:38:41,923 - mmcls - INFO - Saving checkpoint at 56 epochs
2024-03-07 23:38:43,968 - mmcls - INFO - Epoch(val) [56][6]	accuracy_top-1: 90.0000, accuracy_top-5: 99.4118
2024-03-07 23:38:54,448 - mmcls - INFO - Saving checkpoint at 57 epochs
2024-03-07 23:38:56,497 - mmcls - INFO - Epoch(val) [57][6]	accuracy_top-1: 90.5882, accuracy_top-5: 99.4118
2024-03-07 23:39:07,036 - mmcls - INFO - Saving checkpoint at 58 epochs
2024-03-07 23:39:09,305 - mmcls - INFO - Epoch(val) [58][6]	accuracy_top-1: 90.5882, accuracy_top-5: 99.4118
2024-03-07 23:39:19,820 - mmcls - INFO - Saving checkpoint at 59 epochs
2024-03-07 23:39:22,235 - mmcls - INFO - Epoch(val) [59][6]	accuracy_top-1: 88.8235, accuracy_top-5: 100.0000
2024-03-07 23:39:32,994 - mmcls - INFO - Saving checkpoint at 60 epochs
2024-03-07 23:39:35,336 - mmcls - INFO - Epoch(val) [60][6]	accuracy_top-1: 88.2353, accuracy_top-5: 99.4118
2024-03-07 23:39:46,024 - mmcls - INFO - Saving checkpoint at 61 epochs
2024-03-07 23:39:48,028 - mmcls - INFO - Epoch(val) [61][6]	accuracy_top-1: 87.0588, accuracy_top-5: 99.4118
2024-03-07 23:39:58,419 - mmcls - INFO - Saving checkpoint at 62 epochs
2024-03-07 23:40:00,653 - mmcls - INFO - Epoch(val) [62][6]	accuracy_top-1: 95.8824, accuracy_top-5: 100.0000
2024-03-07 23:40:11,065 - mmcls - INFO - Saving checkpoint at 63 epochs
2024-03-07 23:40:13,572 - mmcls - INFO - Epoch(val) [63][6]	accuracy_top-1: 85.8824, accuracy_top-5: 99.4118
2024-03-07 23:40:23,971 - mmcls - INFO - Saving checkpoint at 64 epochs
2024-03-07 23:40:25,963 - mmcls - INFO - Epoch(val) [64][6]	accuracy_top-1: 82.9412, accuracy_top-5: 100.0000
2024-03-07 23:40:36,341 - mmcls - INFO - Saving checkpoint at 65 epochs
2024-03-07 23:40:38,328 - mmcls - INFO - Epoch(val) [65][6]	accuracy_top-1: 88.2353, accuracy_top-5: 100.0000
2024-03-07 23:40:48,841 - mmcls - INFO - Saving checkpoint at 66 epochs
2024-03-07 23:40:50,929 - mmcls - INFO - Epoch(val) [66][6]	accuracy_top-1: 95.2941, accuracy_top-5: 100.0000
2024-03-07 23:41:01,539 - mmcls - INFO - Saving checkpoint at 67 epochs
2024-03-07 23:41:03,459 - mmcls - INFO - Epoch(val) [67][6]	accuracy_top-1: 91.7647, accuracy_top-5: 100.0000
2024-03-07 23:41:13,904 - mmcls - INFO - Saving checkpoint at 68 epochs
2024-03-07 23:41:15,956 - mmcls - INFO - Epoch(val) [68][6]	accuracy_top-1: 92.3529, accuracy_top-5: 99.4118
2024-03-07 23:41:26,323 - mmcls - INFO - Saving checkpoint at 69 epochs
2024-03-07 23:41:28,392 - mmcls - INFO - Epoch(val) [69][6]	accuracy_top-1: 91.7647, accuracy_top-5: 100.0000
2024-03-07 23:41:38,971 - mmcls - INFO - Saving checkpoint at 70 epochs
2024-03-07 23:41:41,162 - mmcls - INFO - Epoch(val) [70][6]	accuracy_top-1: 92.3529, accuracy_top-5: 99.4118
2024-03-07 23:41:51,597 - mmcls - INFO - Saving checkpoint at 71 epochs
2024-03-07 23:41:53,727 - mmcls - INFO - Epoch(val) [71][6]	accuracy_top-1: 92.9412, accuracy_top-5: 100.0000
2024-03-07 23:42:04,092 - mmcls - INFO - Saving checkpoint at 72 epochs
2024-03-07 23:42:06,383 - mmcls - INFO - Epoch(val) [72][6]	accuracy_top-1: 88.8235, accuracy_top-5: 100.0000
2024-03-07 23:42:16,851 - mmcls - INFO - Saving checkpoint at 73 epochs
2024-03-07 23:42:18,982 - mmcls - INFO - Epoch(val) [73][6]	accuracy_top-1: 91.1765, accuracy_top-5: 100.0000
2024-03-07 23:42:29,425 - mmcls - INFO - Saving checkpoint at 74 epochs
2024-03-07 23:42:31,548 - mmcls - INFO - Epoch(val) [74][6]	accuracy_top-1: 94.1176, accuracy_top-5: 99.4118
2024-03-07 23:42:42,133 - mmcls - INFO - Saving checkpoint at 75 epochs
2024-03-07 23:42:44,239 - mmcls - INFO - Epoch(val) [75][6]	accuracy_top-1: 94.1176, accuracy_top-5: 100.0000
2024-03-07 23:42:54,841 - mmcls - INFO - Saving checkpoint at 76 epochs
2024-03-07 23:42:56,947 - mmcls - INFO - Epoch(val) [76][6]	accuracy_top-1: 93.5294, accuracy_top-5: 100.0000
2024-03-07 23:43:07,534 - mmcls - INFO - Saving checkpoint at 77 epochs
2024-03-07 23:43:09,573 - mmcls - INFO - Epoch(val) [77][6]	accuracy_top-1: 91.1765, accuracy_top-5: 100.0000
2024-03-07 23:43:19,853 - mmcls - INFO - Saving checkpoint at 78 epochs
2024-03-07 23:43:22,133 - mmcls - INFO - Epoch(val) [78][6]	accuracy_top-1: 91.7647, accuracy_top-5: 99.4118
2024-03-07 23:43:32,730 - mmcls - INFO - Saving checkpoint at 79 epochs
2024-03-07 23:43:34,825 - mmcls - INFO - Epoch(val) [79][6]	accuracy_top-1: 89.4118, accuracy_top-5: 99.4118
2024-03-07 23:43:45,300 - mmcls - INFO - Saving checkpoint at 80 epochs
2024-03-07 23:43:47,324 - mmcls - INFO - Epoch(val) [80][6]	accuracy_top-1: 91.7647, accuracy_top-5: 100.0000
2024-03-07 23:43:57,808 - mmcls - INFO - Saving checkpoint at 81 epochs
2024-03-07 23:43:59,893 - mmcls - INFO - Epoch(val) [81][6]	accuracy_top-1: 94.1176, accuracy_top-5: 100.0000
2024-03-07 23:44:10,663 - mmcls - INFO - Saving checkpoint at 82 epochs
2024-03-07 23:44:12,628 - mmcls - INFO - Epoch(val) [82][6]	accuracy_top-1: 90.0000, accuracy_top-5: 100.0000
2024-03-07 23:44:22,961 - mmcls - INFO - Saving checkpoint at 83 epochs
2024-03-07 23:44:25,071 - mmcls - INFO - Epoch(val) [83][6]	accuracy_top-1: 94.7059, accuracy_top-5: 99.4118
2024-03-07 23:44:35,563 - mmcls - INFO - Saving checkpoint at 84 epochs
2024-03-07 23:44:37,993 - mmcls - INFO - Epoch(val) [84][6]	accuracy_top-1: 92.3529, accuracy_top-5: 99.4118
2024-03-07 23:44:48,711 - mmcls - INFO - Saving checkpoint at 85 epochs
2024-03-07 23:44:50,807 - mmcls - INFO - Epoch(val) [85][6]	accuracy_top-1: 92.9412, accuracy_top-5: 99.4118
2024-03-07 23:45:01,328 - mmcls - INFO - Saving checkpoint at 86 epochs
2024-03-07 23:45:03,373 - mmcls - INFO - Epoch(val) [86][6]	accuracy_top-1: 94.7059, accuracy_top-5: 99.4118
2024-03-07 23:45:14,051 - mmcls - INFO - Saving checkpoint at 87 epochs
2024-03-07 23:45:16,082 - mmcls - INFO - Epoch(val) [87][6]	accuracy_top-1: 94.1176, accuracy_top-5: 100.0000
2024-03-07 23:45:26,318 - mmcls - INFO - Saving checkpoint at 88 epochs
2024-03-07 23:45:28,326 - mmcls - INFO - Epoch(val) [88][6]	accuracy_top-1: 93.5294, accuracy_top-5: 100.0000
2024-03-07 23:45:38,476 - mmcls - INFO - Saving checkpoint at 89 epochs
2024-03-07 23:45:40,552 - mmcls - INFO - Epoch(val) [89][6]	accuracy_top-1: 90.5882, accuracy_top-5: 99.4118
2024-03-07 23:45:51,113 - mmcls - INFO - Saving checkpoint at 90 epochs
2024-03-07 23:45:53,111 - mmcls - INFO - Epoch(val) [90][6]	accuracy_top-1: 92.9412, accuracy_top-5: 99.4118
2024-03-07 23:46:03,554 - mmcls - INFO - Saving checkpoint at 91 epochs
2024-03-07 23:46:05,673 - mmcls - INFO - Epoch(val) [91][6]	accuracy_top-1: 95.8824, accuracy_top-5: 100.0000
2024-03-07 23:46:16,091 - mmcls - INFO - Saving checkpoint at 92 epochs
2024-03-07 23:46:18,090 - mmcls - INFO - Epoch(val) [92][6]	accuracy_top-1: 80.0000, accuracy_top-5: 98.2353
2024-03-07 23:46:28,887 - mmcls - INFO - Saving checkpoint at 93 epochs
2024-03-07 23:46:30,996 - mmcls - INFO - Epoch(val) [93][6]	accuracy_top-1: 94.7059, accuracy_top-5: 99.4118
2024-03-07 23:46:41,408 - mmcls - INFO - Saving checkpoint at 94 epochs
2024-03-07 23:46:43,668 - mmcls - INFO - Epoch(val) [94][6]	accuracy_top-1: 92.9412, accuracy_top-5: 99.4118
2024-03-07 23:46:54,211 - mmcls - INFO - Saving checkpoint at 95 epochs
2024-03-07 23:46:56,385 - mmcls - INFO - Epoch(val) [95][6]	accuracy_top-1: 92.9412, accuracy_top-5: 100.0000
2024-03-07 23:47:06,980 - mmcls - INFO - Saving checkpoint at 96 epochs
2024-03-07 23:47:09,335 - mmcls - INFO - Epoch(val) [96][6]	accuracy_top-1: 95.2941, accuracy_top-5: 99.4118
2024-03-07 23:47:20,021 - mmcls - INFO - Saving checkpoint at 97 epochs
2024-03-07 23:47:22,289 - mmcls - INFO - Epoch(val) [97][6]	accuracy_top-1: 95.8824, accuracy_top-5: 99.4118
2024-03-07 23:47:32,743 - mmcls - INFO - Saving checkpoint at 98 epochs
2024-03-07 23:47:34,968 - mmcls - INFO - Epoch(val) [98][6]	accuracy_top-1: 84.7059, accuracy_top-5: 99.4118
2024-03-07 23:47:45,519 - mmcls - INFO - Saving checkpoint at 99 epochs
2024-03-07 23:47:47,908 - mmcls - INFO - Epoch(val) [99][6]	accuracy_top-1: 89.4118, accuracy_top-5: 99.4118
2024-03-07 23:47:58,318 - mmcls - INFO - Saving checkpoint at 100 epochs
2024-03-07 23:48:00,223 - mmcls - INFO - Epoch(val) [100][6]	accuracy_top-1: 95.2941, accuracy_top-5: 100.0000
2024-03-07 23:48:11,057 - mmcls - INFO - Saving checkpoint at 101 epochs
2024-03-07 23:48:13,121 - mmcls - INFO - Epoch(val) [101][6]	accuracy_top-1: 97.0588, accuracy_top-5: 100.0000
2024-03-07 23:48:23,841 - mmcls - INFO - Saving checkpoint at 102 epochs
2024-03-07 23:48:25,996 - mmcls - INFO - Epoch(val) [102][6]	accuracy_top-1: 97.6471, accuracy_top-5: 100.0000
