2024-04-21 00:40:13,569 - mmcls - INFO - Environment info:
------------------------------------------------------------
sys.platform: linux
Python: 3.7.16 (default, Jan 17 2023, 22:20:44) [GCC 11.2.0]
CUDA available: True
GPU 0: NVIDIA GeForce RTX 2080 Ti
CUDA_HOME: /usr/local/cuda
NVCC: Cuda compilation tools, release 11.8, V11.8.89
GCC: gcc (Ubuntu 11.4.0-1ubuntu1~22.04) 11.4.0
PyTorch: 1.7.1
PyTorch compiling details: PyTorch built with:
  - GCC 7.3
  - C++ Version: 201402
  - Intel(R) oneAPI Math Kernel Library Version 2021.4-Product Build 20210904 for Intel(R) 64 architecture applications
  - Intel(R) MKL-DNN v1.6.0 (Git Hash 5ef631a030a6f73131c77892041042805a06064f)
  - OpenMP 201511 (a.k.a. OpenMP 4.5)
  - NNPACK is enabled
  - CPU capability usage: AVX2
  - CUDA Runtime 10.1
  - NVCC architecture flags: -gencode;arch=compute_37,code=sm_37;-gencode;arch=compute_50,code=sm_50;-gencode;arch=compute_60,code=sm_60;-gencode;arch=compute_61,code=sm_61;-gencode;arch=compute_70,code=sm_70;-gencode;arch=compute_75,code=sm_75;-gencode;arch=compute_37,code=compute_37
  - CuDNN 7.6.3
  - Magma 2.5.2
  - Build settings: BLAS=MKL, BUILD_TYPE=Release, CXX_FLAGS= -Wno-deprecated -fvisibility-inlines-hidden -DUSE_PTHREADPOOL -fopenmp -DNDEBUG -DUSE_FBGEMM -DUSE_QNNPACK -DUSE_PYTORCH_QNNPACK -DUSE_XNNPACK -DUSE_VULKAN_WRAPPER -O2 -fPIC -Wno-narrowing -Wall -Wextra -Werror=return-type -Wno-missing-field-initializers -Wno-type-limits -Wno-array-bounds -Wno-unknown-pragmas -Wno-sign-compare -Wno-unused-parameter -Wno-unused-variable -Wno-unused-function -Wno-unused-result -Wno-unused-local-typedefs -Wno-strict-overflow -Wno-strict-aliasing -Wno-error=deprecated-declarations -Wno-stringop-overflow -Wno-psabi -Wno-error=pedantic -Wno-error=redundant-decls -Wno-error=old-style-cast -fdiagnostics-color=always -faligned-new -Wno-unused-but-set-variable -Wno-maybe-uninitialized -fno-math-errno -fno-trapping-math -Werror=format -Wno-stringop-overflow, PERF_WITH_AVX=1, PERF_WITH_AVX2=1, PERF_WITH_AVX512=1, USE_CUDA=ON, USE_EXCEPTION_PTR=1, USE_GFLAGS=OFF, USE_GLOG=OFF, USE_MKL=ON, USE_MKLDNN=ON, USE_MPI=OFF, USE_NCCL=ON, USE_NNPACK=ON, USE_OPENMP=ON, 

TorchVision: 0.8.2
OpenCV: 4.9.0
MMCV: 1.5.0
MMCV Compiler: GCC 11.4
MMCV CUDA Compiler: 11.8
MMClassification: 0.15.0+b156bf5
------------------------------------------------------------

2024-04-21 00:40:13,570 - mmcls - INFO - Distributed training: False
2024-04-21 00:40:14,654 - mmcls - INFO - Config:
model = dict(
    type='ImageClassifier',
    backbone=dict(
        type='ResNet_AllTern',
        depth=18,
        num_stages=4,
        out_indices=(3, ),
        style='pytorch',
        init_cfg=dict(
            type='Pretrained',
            checkpoint=
            'https://download.openmmlab.com/mmclassification/v0/resnet/resnet18_batch256_imagenet_20200708-34ab8f90.pth',
            prefix='backbone')),
    neck=dict(type='GlobalAveragePooling'),
    head=dict(
        type='TernLinearClsHead',
        num_classes=17,
        in_channels=512,
        loss=dict(type='CrossEntropyLoss', loss_weight=1.0)))
dataset_type = 'Flowers'
img_norm_cfg = dict(
    mean=[123.675, 116.28, 103.53], std=[58.395, 57.12, 57.375], to_rgb=True)
train_pipeline = [
    dict(type='LoadImageFromFile'),
    dict(type='RandomResizedCrop', size=224),
    dict(type='RandomFlip', flip_prob=0.5, direction='horizontal'),
    dict(
        type='Normalize',
        mean=[123.675, 116.28, 103.53],
        std=[58.395, 57.12, 57.375],
        to_rgb=True),
    dict(type='ImageToTensor', keys=['img']),
    dict(type='ToTensor', keys=['gt_label']),
    dict(type='Collect', keys=['img', 'gt_label'])
]
test_pipeline = [
    dict(type='LoadImageFromFile'),
    dict(type='Resize', size=(256, -1)),
    dict(type='CenterCrop', crop_size=224),
    dict(
        type='Normalize',
        mean=[123.675, 116.28, 103.53],
        std=[58.395, 57.12, 57.375],
        to_rgb=True),
    dict(type='ImageToTensor', keys=['img']),
    dict(type='Collect', keys=['img'])
]
data = dict(
    samples_per_gpu=32,
    workers_per_gpu=1,
    train=dict(
        type='Flowers',
        data_prefix='data/flowers/train',
        ann_file='data/flowers/meta/train.txt',
        pipeline=[
            dict(type='LoadImageFromFile'),
            dict(type='RandomResizedCrop', size=224),
            dict(type='RandomFlip', flip_prob=0.5, direction='horizontal'),
            dict(
                type='Normalize',
                mean=[123.675, 116.28, 103.53],
                std=[58.395, 57.12, 57.375],
                to_rgb=True),
            dict(type='ImageToTensor', keys=['img']),
            dict(type='ToTensor', keys=['gt_label']),
            dict(type='Collect', keys=['img', 'gt_label'])
        ]),
    val=dict(
        type='Flowers',
        data_prefix='data/flowers/val',
        ann_file='data/flowers/meta/val.txt',
        pipeline=[
            dict(type='LoadImageFromFile'),
            dict(type='Resize', size=(256, -1)),
            dict(type='CenterCrop', crop_size=224),
            dict(
                type='Normalize',
                mean=[123.675, 116.28, 103.53],
                std=[58.395, 57.12, 57.375],
                to_rgb=True),
            dict(type='ImageToTensor', keys=['img']),
            dict(type='Collect', keys=['img'])
        ]),
    test=dict(
        type='Flowers',
        data_prefix='data/flowers/val',
        ann_file='data/flowers/meta/val.txt',
        pipeline=[
            dict(type='LoadImageFromFile'),
            dict(type='Resize', size=(256, -1)),
            dict(type='CenterCrop', crop_size=224),
            dict(
                type='Normalize',
                mean=[123.675, 116.28, 103.53],
                std=[58.395, 57.12, 57.375],
                to_rgb=True),
            dict(type='ImageToTensor', keys=['img']),
            dict(type='Collect', keys=['img'])
        ]))
evaluation = dict(interval=1, metric='accuracy')
optimizer = dict(type='SGD', lr=0.1, momentum=0.9, weight_decay=0.0001)
optimizer_config = dict(grad_clip=None)
lr_config = dict(policy='step', step=[100, 150])
runner = dict(type='EpochBasedRunner', max_epochs=100)
checkpoint_config = dict(interval=1)
log_config = dict(interval=100, hooks=[dict(type='TextLoggerHook')])
dist_params = dict(backend='nccl')
log_level = 'INFO'
load_from = None
resume_from = None
workflow = [('train', 1)]
work_dir = 'output/resnet18_flowers_bs128_alltern'
gpu_ids = range(0, 1)

2024-04-21 00:40:14,768 - mmcls - INFO - initialize ResNet_AllTern with init_cfg {'type': 'Pretrained', 'checkpoint': 'https://download.openmmlab.com/mmclassification/v0/resnet/resnet18_batch256_imagenet_20200708-34ab8f90.pth', 'prefix': 'backbone'}
2024-04-21 00:40:14,832 - mmcls - INFO - initialize TernLinearClsHead with init_cfg {'type': 'Normal', 'layer': 'Linear', 'std': 0.01}
Name of parameter - Initialization information

backbone.conv1.weight - torch.Size([64, 3, 7, 7]): 
PretrainedInit: load from https://download.openmmlab.com/mmclassification/v0/resnet/resnet18_batch256_imagenet_20200708-34ab8f90.pth 

backbone.bn1.weight - torch.Size([64]): 
PretrainedInit: load from https://download.openmmlab.com/mmclassification/v0/resnet/resnet18_batch256_imagenet_20200708-34ab8f90.pth 

backbone.bn1.bias - torch.Size([64]): 
PretrainedInit: load from https://download.openmmlab.com/mmclassification/v0/resnet/resnet18_batch256_imagenet_20200708-34ab8f90.pth 

backbone.layer1.0.conv1.weight - torch.Size([64, 64, 3, 3]): 
PretrainedInit: load from https://download.openmmlab.com/mmclassification/v0/resnet/resnet18_batch256_imagenet_20200708-34ab8f90.pth 

backbone.layer1.0.bn1.weight - torch.Size([64]): 
PretrainedInit: load from https://download.openmmlab.com/mmclassification/v0/resnet/resnet18_batch256_imagenet_20200708-34ab8f90.pth 

backbone.layer1.0.bn1.bias - torch.Size([64]): 
PretrainedInit: load from https://download.openmmlab.com/mmclassification/v0/resnet/resnet18_batch256_imagenet_20200708-34ab8f90.pth 

backbone.layer1.0.conv2.weight - torch.Size([64, 64, 3, 3]): 
PretrainedInit: load from https://download.openmmlab.com/mmclassification/v0/resnet/resnet18_batch256_imagenet_20200708-34ab8f90.pth 

backbone.layer1.0.bn2.weight - torch.Size([64]): 
PretrainedInit: load from https://download.openmmlab.com/mmclassification/v0/resnet/resnet18_batch256_imagenet_20200708-34ab8f90.pth 

backbone.layer1.0.bn2.bias - torch.Size([64]): 
PretrainedInit: load from https://download.openmmlab.com/mmclassification/v0/resnet/resnet18_batch256_imagenet_20200708-34ab8f90.pth 

backbone.layer1.1.conv1.weight - torch.Size([64, 64, 3, 3]): 
PretrainedInit: load from https://download.openmmlab.com/mmclassification/v0/resnet/resnet18_batch256_imagenet_20200708-34ab8f90.pth 

backbone.layer1.1.bn1.weight - torch.Size([64]): 
PretrainedInit: load from https://download.openmmlab.com/mmclassification/v0/resnet/resnet18_batch256_imagenet_20200708-34ab8f90.pth 

backbone.layer1.1.bn1.bias - torch.Size([64]): 
PretrainedInit: load from https://download.openmmlab.com/mmclassification/v0/resnet/resnet18_batch256_imagenet_20200708-34ab8f90.pth 

backbone.layer1.1.conv2.weight - torch.Size([64, 64, 3, 3]): 
PretrainedInit: load from https://download.openmmlab.com/mmclassification/v0/resnet/resnet18_batch256_imagenet_20200708-34ab8f90.pth 

backbone.layer1.1.bn2.weight - torch.Size([64]): 
PretrainedInit: load from https://download.openmmlab.com/mmclassification/v0/resnet/resnet18_batch256_imagenet_20200708-34ab8f90.pth 

backbone.layer1.1.bn2.bias - torch.Size([64]): 
PretrainedInit: load from https://download.openmmlab.com/mmclassification/v0/resnet/resnet18_batch256_imagenet_20200708-34ab8f90.pth 

backbone.layer2.0.conv1.weight - torch.Size([128, 64, 3, 3]): 
PretrainedInit: load from https://download.openmmlab.com/mmclassification/v0/resnet/resnet18_batch256_imagenet_20200708-34ab8f90.pth 

backbone.layer2.0.bn1.weight - torch.Size([128]): 
PretrainedInit: load from https://download.openmmlab.com/mmclassification/v0/resnet/resnet18_batch256_imagenet_20200708-34ab8f90.pth 

backbone.layer2.0.bn1.bias - torch.Size([128]): 
PretrainedInit: load from https://download.openmmlab.com/mmclassification/v0/resnet/resnet18_batch256_imagenet_20200708-34ab8f90.pth 

backbone.layer2.0.conv2.weight - torch.Size([128, 128, 3, 3]): 
PretrainedInit: load from https://download.openmmlab.com/mmclassification/v0/resnet/resnet18_batch256_imagenet_20200708-34ab8f90.pth 

backbone.layer2.0.bn2.weight - torch.Size([128]): 
PretrainedInit: load from https://download.openmmlab.com/mmclassification/v0/resnet/resnet18_batch256_imagenet_20200708-34ab8f90.pth 

backbone.layer2.0.bn2.bias - torch.Size([128]): 
PretrainedInit: load from https://download.openmmlab.com/mmclassification/v0/resnet/resnet18_batch256_imagenet_20200708-34ab8f90.pth 

backbone.layer2.0.downsample.0.weight - torch.Size([128, 64, 1, 1]): 
PretrainedInit: load from https://download.openmmlab.com/mmclassification/v0/resnet/resnet18_batch256_imagenet_20200708-34ab8f90.pth 

backbone.layer2.0.downsample.1.weight - torch.Size([128]): 
PretrainedInit: load from https://download.openmmlab.com/mmclassification/v0/resnet/resnet18_batch256_imagenet_20200708-34ab8f90.pth 

backbone.layer2.0.downsample.1.bias - torch.Size([128]): 
PretrainedInit: load from https://download.openmmlab.com/mmclassification/v0/resnet/resnet18_batch256_imagenet_20200708-34ab8f90.pth 

backbone.layer2.1.conv1.weight - torch.Size([128, 128, 3, 3]): 
PretrainedInit: load from https://download.openmmlab.com/mmclassification/v0/resnet/resnet18_batch256_imagenet_20200708-34ab8f90.pth 

backbone.layer2.1.bn1.weight - torch.Size([128]): 
PretrainedInit: load from https://download.openmmlab.com/mmclassification/v0/resnet/resnet18_batch256_imagenet_20200708-34ab8f90.pth 

backbone.layer2.1.bn1.bias - torch.Size([128]): 
PretrainedInit: load from https://download.openmmlab.com/mmclassification/v0/resnet/resnet18_batch256_imagenet_20200708-34ab8f90.pth 

backbone.layer2.1.conv2.weight - torch.Size([128, 128, 3, 3]): 
PretrainedInit: load from https://download.openmmlab.com/mmclassification/v0/resnet/resnet18_batch256_imagenet_20200708-34ab8f90.pth 

backbone.layer2.1.bn2.weight - torch.Size([128]): 
PretrainedInit: load from https://download.openmmlab.com/mmclassification/v0/resnet/resnet18_batch256_imagenet_20200708-34ab8f90.pth 

backbone.layer2.1.bn2.bias - torch.Size([128]): 
PretrainedInit: load from https://download.openmmlab.com/mmclassification/v0/resnet/resnet18_batch256_imagenet_20200708-34ab8f90.pth 

backbone.layer3.0.conv1.weight - torch.Size([256, 128, 3, 3]): 
PretrainedInit: load from https://download.openmmlab.com/mmclassification/v0/resnet/resnet18_batch256_imagenet_20200708-34ab8f90.pth 

backbone.layer3.0.bn1.weight - torch.Size([256]): 
PretrainedInit: load from https://download.openmmlab.com/mmclassification/v0/resnet/resnet18_batch256_imagenet_20200708-34ab8f90.pth 

backbone.layer3.0.bn1.bias - torch.Size([256]): 
PretrainedInit: load from https://download.openmmlab.com/mmclassification/v0/resnet/resnet18_batch256_imagenet_20200708-34ab8f90.pth 

backbone.layer3.0.conv2.weight - torch.Size([256, 256, 3, 3]): 
PretrainedInit: load from https://download.openmmlab.com/mmclassification/v0/resnet/resnet18_batch256_imagenet_20200708-34ab8f90.pth 

backbone.layer3.0.bn2.weight - torch.Size([256]): 
PretrainedInit: load from https://download.openmmlab.com/mmclassification/v0/resnet/resnet18_batch256_imagenet_20200708-34ab8f90.pth 

backbone.layer3.0.bn2.bias - torch.Size([256]): 
PretrainedInit: load from https://download.openmmlab.com/mmclassification/v0/resnet/resnet18_batch256_imagenet_20200708-34ab8f90.pth 

backbone.layer3.0.downsample.0.weight - torch.Size([256, 128, 1, 1]): 
PretrainedInit: load from https://download.openmmlab.com/mmclassification/v0/resnet/resnet18_batch256_imagenet_20200708-34ab8f90.pth 

backbone.layer3.0.downsample.1.weight - torch.Size([256]): 
PretrainedInit: load from https://download.openmmlab.com/mmclassification/v0/resnet/resnet18_batch256_imagenet_20200708-34ab8f90.pth 

backbone.layer3.0.downsample.1.bias - torch.Size([256]): 
PretrainedInit: load from https://download.openmmlab.com/mmclassification/v0/resnet/resnet18_batch256_imagenet_20200708-34ab8f90.pth 

backbone.layer3.1.conv1.weight - torch.Size([256, 256, 3, 3]): 
PretrainedInit: load from https://download.openmmlab.com/mmclassification/v0/resnet/resnet18_batch256_imagenet_20200708-34ab8f90.pth 

backbone.layer3.1.bn1.weight - torch.Size([256]): 
PretrainedInit: load from https://download.openmmlab.com/mmclassification/v0/resnet/resnet18_batch256_imagenet_20200708-34ab8f90.pth 

backbone.layer3.1.bn1.bias - torch.Size([256]): 
PretrainedInit: load from https://download.openmmlab.com/mmclassification/v0/resnet/resnet18_batch256_imagenet_20200708-34ab8f90.pth 

backbone.layer3.1.conv2.weight - torch.Size([256, 256, 3, 3]): 
PretrainedInit: load from https://download.openmmlab.com/mmclassification/v0/resnet/resnet18_batch256_imagenet_20200708-34ab8f90.pth 

backbone.layer3.1.bn2.weight - torch.Size([256]): 
PretrainedInit: load from https://download.openmmlab.com/mmclassification/v0/resnet/resnet18_batch256_imagenet_20200708-34ab8f90.pth 

backbone.layer3.1.bn2.bias - torch.Size([256]): 
PretrainedInit: load from https://download.openmmlab.com/mmclassification/v0/resnet/resnet18_batch256_imagenet_20200708-34ab8f90.pth 

backbone.layer4.0.conv1.weight - torch.Size([512, 256, 3, 3]): 
PretrainedInit: load from https://download.openmmlab.com/mmclassification/v0/resnet/resnet18_batch256_imagenet_20200708-34ab8f90.pth 

backbone.layer4.0.bn1.weight - torch.Size([512]): 
PretrainedInit: load from https://download.openmmlab.com/mmclassification/v0/resnet/resnet18_batch256_imagenet_20200708-34ab8f90.pth 

backbone.layer4.0.bn1.bias - torch.Size([512]): 
PretrainedInit: load from https://download.openmmlab.com/mmclassification/v0/resnet/resnet18_batch256_imagenet_20200708-34ab8f90.pth 

backbone.layer4.0.conv2.weight - torch.Size([512, 512, 3, 3]): 
PretrainedInit: load from https://download.openmmlab.com/mmclassification/v0/resnet/resnet18_batch256_imagenet_20200708-34ab8f90.pth 

backbone.layer4.0.bn2.weight - torch.Size([512]): 
PretrainedInit: load from https://download.openmmlab.com/mmclassification/v0/resnet/resnet18_batch256_imagenet_20200708-34ab8f90.pth 

backbone.layer4.0.bn2.bias - torch.Size([512]): 
PretrainedInit: load from https://download.openmmlab.com/mmclassification/v0/resnet/resnet18_batch256_imagenet_20200708-34ab8f90.pth 

backbone.layer4.0.downsample.0.weight - torch.Size([512, 256, 1, 1]): 
PretrainedInit: load from https://download.openmmlab.com/mmclassification/v0/resnet/resnet18_batch256_imagenet_20200708-34ab8f90.pth 

backbone.layer4.0.downsample.1.weight - torch.Size([512]): 
PretrainedInit: load from https://download.openmmlab.com/mmclassification/v0/resnet/resnet18_batch256_imagenet_20200708-34ab8f90.pth 

backbone.layer4.0.downsample.1.bias - torch.Size([512]): 
PretrainedInit: load from https://download.openmmlab.com/mmclassification/v0/resnet/resnet18_batch256_imagenet_20200708-34ab8f90.pth 

backbone.layer4.1.conv1.weight - torch.Size([512, 512, 3, 3]): 
PretrainedInit: load from https://download.openmmlab.com/mmclassification/v0/resnet/resnet18_batch256_imagenet_20200708-34ab8f90.pth 

backbone.layer4.1.bn1.weight - torch.Size([512]): 
PretrainedInit: load from https://download.openmmlab.com/mmclassification/v0/resnet/resnet18_batch256_imagenet_20200708-34ab8f90.pth 

backbone.layer4.1.bn1.bias - torch.Size([512]): 
PretrainedInit: load from https://download.openmmlab.com/mmclassification/v0/resnet/resnet18_batch256_imagenet_20200708-34ab8f90.pth 

backbone.layer4.1.conv2.weight - torch.Size([512, 512, 3, 3]): 
PretrainedInit: load from https://download.openmmlab.com/mmclassification/v0/resnet/resnet18_batch256_imagenet_20200708-34ab8f90.pth 

backbone.layer4.1.bn2.weight - torch.Size([512]): 
PretrainedInit: load from https://download.openmmlab.com/mmclassification/v0/resnet/resnet18_batch256_imagenet_20200708-34ab8f90.pth 

backbone.layer4.1.bn2.bias - torch.Size([512]): 
PretrainedInit: load from https://download.openmmlab.com/mmclassification/v0/resnet/resnet18_batch256_imagenet_20200708-34ab8f90.pth 

head.fc.weight - torch.Size([17, 512]): 
NormalInit: mean=0, std=0.01, bias=0 

head.fc.bias - torch.Size([17]): 
NormalInit: mean=0, std=0.01, bias=0 
2024-04-21 00:40:18,930 - mmcls - INFO - Start running, host: robby42@gpu2-comp-105, work_dir: /userhome/cs2/robby42/anaconda3/oxford-cnn/output/resnet18_flowers_bs128_alltern
2024-04-21 00:40:18,930 - mmcls - INFO - Hooks will be executed in the following order:
before_run:
(VERY_HIGH   ) StepLrUpdaterHook                  
(NORMAL      ) CheckpointHook                     
(NORMAL      ) EvalHook                           
(VERY_LOW    ) TextLoggerHook                     
 -------------------- 
before_train_epoch:
(VERY_HIGH   ) StepLrUpdaterHook                  
(NORMAL      ) EvalHook                           
(LOW         ) IterTimerHook                      
(VERY_LOW    ) TextLoggerHook                     
 -------------------- 
before_train_iter:
(VERY_HIGH   ) StepLrUpdaterHook                  
(NORMAL      ) EvalHook                           
(LOW         ) IterTimerHook                      
 -------------------- 
after_train_iter:
(ABOVE_NORMAL) OptimizerHook                      
(NORMAL      ) CheckpointHook                     
(NORMAL      ) EvalHook                           
(LOW         ) IterTimerHook                      
(VERY_LOW    ) TextLoggerHook                     
 -------------------- 
after_train_epoch:
(NORMAL      ) CheckpointHook                     
(NORMAL      ) EvalHook                           
(VERY_LOW    ) TextLoggerHook                     
 -------------------- 
before_val_epoch:
(LOW         ) IterTimerHook                      
(VERY_LOW    ) TextLoggerHook                     
 -------------------- 
before_val_iter:
(LOW         ) IterTimerHook                      
 -------------------- 
after_val_iter:
(LOW         ) IterTimerHook                      
 -------------------- 
after_val_epoch:
(VERY_LOW    ) TextLoggerHook                     
 -------------------- 
after_run:
(VERY_LOW    ) TextLoggerHook                     
 -------------------- 
2024-04-21 00:40:18,931 - mmcls - INFO - workflow: [('train', 1)], max: 100 epochs
2024-04-21 00:40:18,931 - mmcls - INFO - Checkpoints will be saved to /userhome/cs2/robby42/anaconda3/oxford-cnn/output/resnet18_flowers_bs128_alltern by HardDiskBackend.
2024-04-21 00:41:05,989 - mmcls - INFO - Saving checkpoint at 1 epochs
2024-04-21 00:41:12,041 - mmcls - INFO - Epoch(val) [1][6]	accuracy_top-1: 5.8824, accuracy_top-5: 6.4706
2024-04-21 00:41:23,846 - mmcls - INFO - Saving checkpoint at 2 epochs
2024-04-21 00:41:26,063 - mmcls - INFO - Epoch(val) [2][6]	accuracy_top-1: 9.4118, accuracy_top-5: 40.5882
2024-04-21 00:41:36,720 - mmcls - INFO - Saving checkpoint at 3 epochs
2024-04-21 00:41:38,883 - mmcls - INFO - Epoch(val) [3][6]	accuracy_top-1: 7.6471, accuracy_top-5: 14.1176
2024-04-21 00:41:49,810 - mmcls - INFO - Saving checkpoint at 4 epochs
2024-04-21 00:41:51,892 - mmcls - INFO - Epoch(val) [4][6]	accuracy_top-1: 9.4118, accuracy_top-5: 48.8235
2024-04-21 00:42:02,163 - mmcls - INFO - Saving checkpoint at 5 epochs
2024-04-21 00:42:04,427 - mmcls - INFO - Epoch(val) [5][6]	accuracy_top-1: 17.0588, accuracy_top-5: 54.7059
2024-04-21 00:42:14,814 - mmcls - INFO - Saving checkpoint at 6 epochs
2024-04-21 00:42:17,087 - mmcls - INFO - Epoch(val) [6][6]	accuracy_top-1: 20.5882, accuracy_top-5: 65.8824
2024-04-21 00:42:27,852 - mmcls - INFO - Saving checkpoint at 7 epochs
2024-04-21 00:42:29,975 - mmcls - INFO - Epoch(val) [7][6]	accuracy_top-1: 21.7647, accuracy_top-5: 65.8824
2024-04-21 00:42:40,409 - mmcls - INFO - Saving checkpoint at 8 epochs
2024-04-21 00:42:42,703 - mmcls - INFO - Epoch(val) [8][6]	accuracy_top-1: 20.0000, accuracy_top-5: 71.7647
2024-04-21 00:42:53,668 - mmcls - INFO - Saving checkpoint at 9 epochs
2024-04-21 00:42:56,068 - mmcls - INFO - Epoch(val) [9][6]	accuracy_top-1: 4.1176, accuracy_top-5: 13.5294
2024-04-21 00:43:06,645 - mmcls - INFO - Saving checkpoint at 10 epochs
2024-04-21 00:43:08,779 - mmcls - INFO - Epoch(val) [10][6]	accuracy_top-1: 21.1765, accuracy_top-5: 77.6471
2024-04-21 00:43:19,229 - mmcls - INFO - Saving checkpoint at 11 epochs
2024-04-21 00:43:21,325 - mmcls - INFO - Epoch(val) [11][6]	accuracy_top-1: 27.0588, accuracy_top-5: 74.7059
2024-04-21 00:43:31,863 - mmcls - INFO - Saving checkpoint at 12 epochs
2024-04-21 00:43:33,961 - mmcls - INFO - Epoch(val) [12][6]	accuracy_top-1: 30.5882, accuracy_top-5: 82.9412
2024-04-21 00:43:44,411 - mmcls - INFO - Saving checkpoint at 13 epochs
2024-04-21 00:43:46,482 - mmcls - INFO - Epoch(val) [13][6]	accuracy_top-1: 29.4118, accuracy_top-5: 78.8235
2024-04-21 00:43:57,050 - mmcls - INFO - Saving checkpoint at 14 epochs
2024-04-21 00:43:59,145 - mmcls - INFO - Epoch(val) [14][6]	accuracy_top-1: 25.2941, accuracy_top-5: 83.5294
2024-04-21 00:44:09,803 - mmcls - INFO - Saving checkpoint at 15 epochs
2024-04-21 00:44:12,294 - mmcls - INFO - Epoch(val) [15][6]	accuracy_top-1: 34.7059, accuracy_top-5: 81.7647
2024-04-21 00:44:22,905 - mmcls - INFO - Saving checkpoint at 16 epochs
2024-04-21 00:44:25,090 - mmcls - INFO - Epoch(val) [16][6]	accuracy_top-1: 33.5294, accuracy_top-5: 86.4706
2024-04-21 00:44:35,475 - mmcls - INFO - Saving checkpoint at 17 epochs
2024-04-21 00:44:37,789 - mmcls - INFO - Epoch(val) [17][6]	accuracy_top-1: 30.0000, accuracy_top-5: 80.0000
2024-04-21 00:44:48,159 - mmcls - INFO - Saving checkpoint at 18 epochs
2024-04-21 00:44:50,312 - mmcls - INFO - Epoch(val) [18][6]	accuracy_top-1: 32.9412, accuracy_top-5: 85.2941
2024-04-21 00:45:00,849 - mmcls - INFO - Saving checkpoint at 19 epochs
2024-04-21 00:45:03,020 - mmcls - INFO - Epoch(val) [19][6]	accuracy_top-1: 32.9412, accuracy_top-5: 83.5294
2024-04-21 00:45:13,659 - mmcls - INFO - Saving checkpoint at 20 epochs
2024-04-21 00:45:15,807 - mmcls - INFO - Epoch(val) [20][6]	accuracy_top-1: 35.2941, accuracy_top-5: 84.7059
2024-04-21 00:45:26,486 - mmcls - INFO - Saving checkpoint at 21 epochs
2024-04-21 00:45:29,016 - mmcls - INFO - Epoch(val) [21][6]	accuracy_top-1: 40.5882, accuracy_top-5: 88.2353
2024-04-21 00:45:40,585 - mmcls - INFO - Saving checkpoint at 22 epochs
2024-04-21 00:45:42,676 - mmcls - INFO - Epoch(val) [22][6]	accuracy_top-1: 38.2353, accuracy_top-5: 92.9412
2024-04-21 00:45:52,895 - mmcls - INFO - Saving checkpoint at 23 epochs
2024-04-21 00:45:55,064 - mmcls - INFO - Epoch(val) [23][6]	accuracy_top-1: 40.5882, accuracy_top-5: 87.6471
2024-04-21 00:46:05,496 - mmcls - INFO - Saving checkpoint at 24 epochs
2024-04-21 00:46:07,857 - mmcls - INFO - Epoch(val) [24][6]	accuracy_top-1: 40.0000, accuracy_top-5: 91.7647
2024-04-21 00:46:18,359 - mmcls - INFO - Saving checkpoint at 25 epochs
2024-04-21 00:46:20,514 - mmcls - INFO - Epoch(val) [25][6]	accuracy_top-1: 40.0000, accuracy_top-5: 91.7647
2024-04-21 00:46:31,089 - mmcls - INFO - Saving checkpoint at 26 epochs
2024-04-21 00:46:33,162 - mmcls - INFO - Epoch(val) [26][6]	accuracy_top-1: 40.5882, accuracy_top-5: 91.1765
2024-04-21 00:46:43,536 - mmcls - INFO - Saving checkpoint at 27 epochs
2024-04-21 00:46:45,957 - mmcls - INFO - Epoch(val) [27][6]	accuracy_top-1: 44.7059, accuracy_top-5: 93.5294
2024-04-21 00:46:56,397 - mmcls - INFO - Saving checkpoint at 28 epochs
2024-04-21 00:46:58,511 - mmcls - INFO - Epoch(val) [28][6]	accuracy_top-1: 48.2353, accuracy_top-5: 91.7647
2024-04-21 00:47:08,726 - mmcls - INFO - Saving checkpoint at 29 epochs
2024-04-21 00:47:10,917 - mmcls - INFO - Epoch(val) [29][6]	accuracy_top-1: 40.5882, accuracy_top-5: 90.5882
2024-04-21 00:47:21,489 - mmcls - INFO - Saving checkpoint at 30 epochs
2024-04-21 00:47:23,622 - mmcls - INFO - Epoch(val) [30][6]	accuracy_top-1: 46.4706, accuracy_top-5: 90.5882
2024-04-21 00:47:34,168 - mmcls - INFO - Saving checkpoint at 31 epochs
2024-04-21 00:47:36,228 - mmcls - INFO - Epoch(val) [31][6]	accuracy_top-1: 48.8235, accuracy_top-5: 93.5294
2024-04-21 00:47:46,772 - mmcls - INFO - Saving checkpoint at 32 epochs
2024-04-21 00:47:48,848 - mmcls - INFO - Epoch(val) [32][6]	accuracy_top-1: 44.1176, accuracy_top-5: 94.1176
2024-04-21 00:47:59,206 - mmcls - INFO - Saving checkpoint at 33 epochs
2024-04-21 00:48:01,512 - mmcls - INFO - Epoch(val) [33][6]	accuracy_top-1: 48.8235, accuracy_top-5: 91.7647
2024-04-21 00:48:11,849 - mmcls - INFO - Saving checkpoint at 34 epochs
2024-04-21 00:48:14,360 - mmcls - INFO - Epoch(val) [34][6]	accuracy_top-1: 45.8824, accuracy_top-5: 91.1765
2024-04-21 00:48:24,674 - mmcls - INFO - Saving checkpoint at 35 epochs
2024-04-21 00:48:26,746 - mmcls - INFO - Epoch(val) [35][6]	accuracy_top-1: 52.9412, accuracy_top-5: 92.9412
2024-04-21 00:48:37,367 - mmcls - INFO - Saving checkpoint at 36 epochs
2024-04-21 00:48:39,489 - mmcls - INFO - Epoch(val) [36][6]	accuracy_top-1: 48.2353, accuracy_top-5: 91.7647
2024-04-21 00:48:49,761 - mmcls - INFO - Saving checkpoint at 37 epochs
2024-04-21 00:48:51,821 - mmcls - INFO - Epoch(val) [37][6]	accuracy_top-1: 50.0000, accuracy_top-5: 92.9412
2024-04-21 00:49:02,381 - mmcls - INFO - Saving checkpoint at 38 epochs
2024-04-21 00:49:04,684 - mmcls - INFO - Epoch(val) [38][6]	accuracy_top-1: 55.8824, accuracy_top-5: 91.1765
2024-04-21 00:49:15,011 - mmcls - INFO - Saving checkpoint at 39 epochs
2024-04-21 00:49:17,281 - mmcls - INFO - Epoch(val) [39][6]	accuracy_top-1: 57.0588, accuracy_top-5: 93.5294
2024-04-21 00:49:27,641 - mmcls - INFO - Saving checkpoint at 40 epochs
2024-04-21 00:49:30,051 - mmcls - INFO - Epoch(val) [40][6]	accuracy_top-1: 54.1176, accuracy_top-5: 94.7059
2024-04-21 00:49:40,540 - mmcls - INFO - Saving checkpoint at 41 epochs
2024-04-21 00:49:42,815 - mmcls - INFO - Epoch(val) [41][6]	accuracy_top-1: 50.5882, accuracy_top-5: 95.2941
2024-04-21 00:49:53,353 - mmcls - INFO - Saving checkpoint at 42 epochs
2024-04-21 00:49:55,652 - mmcls - INFO - Epoch(val) [42][6]	accuracy_top-1: 50.5882, accuracy_top-5: 93.5294
2024-04-21 00:50:05,994 - mmcls - INFO - Saving checkpoint at 43 epochs
2024-04-21 00:50:08,047 - mmcls - INFO - Epoch(val) [43][6]	accuracy_top-1: 52.3529, accuracy_top-5: 97.0588
2024-04-21 00:50:18,354 - mmcls - INFO - Saving checkpoint at 44 epochs
2024-04-21 00:50:20,642 - mmcls - INFO - Epoch(val) [44][6]	accuracy_top-1: 42.3529, accuracy_top-5: 87.6471
2024-04-21 00:50:31,273 - mmcls - INFO - Saving checkpoint at 45 epochs
2024-04-21 00:50:33,599 - mmcls - INFO - Epoch(val) [45][6]	accuracy_top-1: 56.4706, accuracy_top-5: 95.8824
2024-04-21 00:50:44,046 - mmcls - INFO - Saving checkpoint at 46 epochs
2024-04-21 00:50:46,300 - mmcls - INFO - Epoch(val) [46][6]	accuracy_top-1: 55.2941, accuracy_top-5: 94.1176
2024-04-21 00:50:56,740 - mmcls - INFO - Saving checkpoint at 47 epochs
2024-04-21 00:50:59,112 - mmcls - INFO - Epoch(val) [47][6]	accuracy_top-1: 57.0588, accuracy_top-5: 96.4706
2024-04-21 00:51:09,450 - mmcls - INFO - Saving checkpoint at 48 epochs
2024-04-21 00:51:11,743 - mmcls - INFO - Epoch(val) [48][6]	accuracy_top-1: 20.0000, accuracy_top-5: 60.5882
2024-04-21 00:51:22,467 - mmcls - INFO - Saving checkpoint at 49 epochs
2024-04-21 00:51:24,474 - mmcls - INFO - Epoch(val) [49][6]	accuracy_top-1: 45.2941, accuracy_top-5: 87.6471
2024-04-21 00:51:34,952 - mmcls - INFO - Saving checkpoint at 50 epochs
2024-04-21 00:51:36,982 - mmcls - INFO - Epoch(val) [50][6]	accuracy_top-1: 50.5882, accuracy_top-5: 95.2941
2024-04-21 00:51:47,365 - mmcls - INFO - Saving checkpoint at 51 epochs
2024-04-21 00:51:49,404 - mmcls - INFO - Epoch(val) [51][6]	accuracy_top-1: 52.3529, accuracy_top-5: 94.7059
2024-04-21 00:51:59,640 - mmcls - INFO - Saving checkpoint at 52 epochs
2024-04-21 00:52:01,721 - mmcls - INFO - Epoch(val) [52][6]	accuracy_top-1: 57.6471, accuracy_top-5: 97.6471
2024-04-21 00:52:12,430 - mmcls - INFO - Saving checkpoint at 53 epochs
2024-04-21 00:52:14,564 - mmcls - INFO - Epoch(val) [53][6]	accuracy_top-1: 54.7059, accuracy_top-5: 95.2941
2024-04-21 00:52:24,874 - mmcls - INFO - Saving checkpoint at 54 epochs
2024-04-21 00:52:26,948 - mmcls - INFO - Epoch(val) [54][6]	accuracy_top-1: 59.4118, accuracy_top-5: 95.2941
2024-04-21 00:52:37,380 - mmcls - INFO - Saving checkpoint at 55 epochs
2024-04-21 00:52:39,453 - mmcls - INFO - Epoch(val) [55][6]	accuracy_top-1: 61.1765, accuracy_top-5: 97.0588
2024-04-21 00:52:49,971 - mmcls - INFO - Saving checkpoint at 56 epochs
2024-04-21 00:52:51,948 - mmcls - INFO - Epoch(val) [56][6]	accuracy_top-1: 51.1765, accuracy_top-5: 92.3529
2024-04-21 00:53:02,201 - mmcls - INFO - Saving checkpoint at 57 epochs
2024-04-21 00:53:04,261 - mmcls - INFO - Epoch(val) [57][6]	accuracy_top-1: 56.4706, accuracy_top-5: 96.4706
2024-04-21 00:53:14,753 - mmcls - INFO - Saving checkpoint at 58 epochs
2024-04-21 00:53:17,016 - mmcls - INFO - Epoch(val) [58][6]	accuracy_top-1: 56.4706, accuracy_top-5: 94.1176
2024-04-21 00:53:27,294 - mmcls - INFO - Saving checkpoint at 59 epochs
2024-04-21 00:53:29,661 - mmcls - INFO - Epoch(val) [59][6]	accuracy_top-1: 55.8824, accuracy_top-5: 95.2941
2024-04-21 00:53:40,065 - mmcls - INFO - Saving checkpoint at 60 epochs
2024-04-21 00:53:42,029 - mmcls - INFO - Epoch(val) [60][6]	accuracy_top-1: 61.1765, accuracy_top-5: 97.0588
2024-04-21 00:53:52,204 - mmcls - INFO - Saving checkpoint at 61 epochs
2024-04-21 00:53:54,172 - mmcls - INFO - Epoch(val) [61][6]	accuracy_top-1: 64.1176, accuracy_top-5: 97.6471
2024-04-21 00:54:04,294 - mmcls - INFO - Saving checkpoint at 62 epochs
2024-04-21 00:54:06,337 - mmcls - INFO - Epoch(val) [62][6]	accuracy_top-1: 60.5882, accuracy_top-5: 88.8235
2024-04-21 00:54:16,719 - mmcls - INFO - Saving checkpoint at 63 epochs
2024-04-21 00:54:19,000 - mmcls - INFO - Epoch(val) [63][6]	accuracy_top-1: 68.8235, accuracy_top-5: 97.6471
2024-04-21 00:54:29,263 - mmcls - INFO - Saving checkpoint at 64 epochs
2024-04-21 00:54:31,566 - mmcls - INFO - Epoch(val) [64][6]	accuracy_top-1: 70.5882, accuracy_top-5: 98.2353
2024-04-21 00:54:42,146 - mmcls - INFO - Saving checkpoint at 65 epochs
2024-04-21 00:54:44,231 - mmcls - INFO - Epoch(val) [65][6]	accuracy_top-1: 72.9412, accuracy_top-5: 95.8824
2024-04-21 00:54:54,582 - mmcls - INFO - Saving checkpoint at 66 epochs
2024-04-21 00:54:56,623 - mmcls - INFO - Epoch(val) [66][6]	accuracy_top-1: 59.4118, accuracy_top-5: 96.4706
2024-04-21 00:55:07,033 - mmcls - INFO - Saving checkpoint at 67 epochs
2024-04-21 00:55:09,107 - mmcls - INFO - Epoch(val) [67][6]	accuracy_top-1: 66.4706, accuracy_top-5: 95.8824
2024-04-21 00:55:19,558 - mmcls - INFO - Saving checkpoint at 68 epochs
2024-04-21 00:55:21,791 - mmcls - INFO - Epoch(val) [68][6]	accuracy_top-1: 70.0000, accuracy_top-5: 97.6471
2024-04-21 00:55:32,345 - mmcls - INFO - Saving checkpoint at 69 epochs
2024-04-21 00:55:34,427 - mmcls - INFO - Epoch(val) [69][6]	accuracy_top-1: 70.0000, accuracy_top-5: 97.6471
2024-04-21 00:55:44,911 - mmcls - INFO - Saving checkpoint at 70 epochs
2024-04-21 00:55:46,972 - mmcls - INFO - Epoch(val) [70][6]	accuracy_top-1: 70.5882, accuracy_top-5: 98.2353
2024-04-21 00:55:57,278 - mmcls - INFO - Saving checkpoint at 71 epochs
2024-04-21 00:55:59,323 - mmcls - INFO - Epoch(val) [71][6]	accuracy_top-1: 74.7059, accuracy_top-5: 96.4706
2024-04-21 00:56:09,571 - mmcls - INFO - Saving checkpoint at 72 epochs
2024-04-21 00:56:11,973 - mmcls - INFO - Epoch(val) [72][6]	accuracy_top-1: 30.0000, accuracy_top-5: 47.6471
2024-04-21 00:56:22,491 - mmcls - INFO - Saving checkpoint at 73 epochs
2024-04-21 00:56:24,495 - mmcls - INFO - Epoch(val) [73][6]	accuracy_top-1: 34.1176, accuracy_top-5: 70.0000
2024-04-21 00:56:34,841 - mmcls - INFO - Saving checkpoint at 74 epochs
2024-04-21 00:56:36,829 - mmcls - INFO - Epoch(val) [74][6]	accuracy_top-1: 72.9412, accuracy_top-5: 97.0588
2024-04-21 00:56:47,058 - mmcls - INFO - Saving checkpoint at 75 epochs
2024-04-21 00:56:49,398 - mmcls - INFO - Epoch(val) [75][6]	accuracy_top-1: 67.0588, accuracy_top-5: 97.0588
2024-04-21 00:56:59,780 - mmcls - INFO - Saving checkpoint at 76 epochs
2024-04-21 00:57:01,853 - mmcls - INFO - Epoch(val) [76][6]	accuracy_top-1: 75.2941, accuracy_top-5: 99.4118
2024-04-21 00:57:12,070 - mmcls - INFO - Saving checkpoint at 77 epochs
2024-04-21 00:57:14,155 - mmcls - INFO - Epoch(val) [77][6]	accuracy_top-1: 68.8235, accuracy_top-5: 97.6471
2024-04-21 00:57:24,621 - mmcls - INFO - Saving checkpoint at 78 epochs
2024-04-21 00:57:27,025 - mmcls - INFO - Epoch(val) [78][6]	accuracy_top-1: 70.5882, accuracy_top-5: 97.6471
2024-04-21 00:57:37,576 - mmcls - INFO - Saving checkpoint at 79 epochs
2024-04-21 00:57:39,648 - mmcls - INFO - Epoch(val) [79][6]	accuracy_top-1: 78.8235, accuracy_top-5: 97.6471
2024-04-21 00:57:50,081 - mmcls - INFO - Saving checkpoint at 80 epochs
2024-04-21 00:57:52,156 - mmcls - INFO - Epoch(val) [80][6]	accuracy_top-1: 71.7647, accuracy_top-5: 99.4118
2024-04-21 00:58:02,330 - mmcls - INFO - Saving checkpoint at 81 epochs
2024-04-21 00:58:04,808 - mmcls - INFO - Epoch(val) [81][6]	accuracy_top-1: 71.1765, accuracy_top-5: 99.4118
2024-04-21 00:58:15,198 - mmcls - INFO - Saving checkpoint at 82 epochs
2024-04-21 00:58:17,329 - mmcls - INFO - Epoch(val) [82][6]	accuracy_top-1: 65.2941, accuracy_top-5: 98.2353
2024-04-21 00:58:27,814 - mmcls - INFO - Saving checkpoint at 83 epochs
2024-04-21 00:58:29,865 - mmcls - INFO - Epoch(val) [83][6]	accuracy_top-1: 72.3529, accuracy_top-5: 100.0000
2024-04-21 00:58:40,172 - mmcls - INFO - Saving checkpoint at 84 epochs
2024-04-21 00:58:42,311 - mmcls - INFO - Epoch(val) [84][6]	accuracy_top-1: 72.3529, accuracy_top-5: 97.6471
2024-04-21 00:58:52,854 - mmcls - INFO - Saving checkpoint at 85 epochs
2024-04-21 00:58:54,915 - mmcls - INFO - Epoch(val) [85][6]	accuracy_top-1: 78.2353, accuracy_top-5: 98.8235
2024-04-21 00:59:05,221 - mmcls - INFO - Saving checkpoint at 86 epochs
2024-04-21 00:59:07,254 - mmcls - INFO - Epoch(val) [86][6]	accuracy_top-1: 75.2941, accuracy_top-5: 98.2353
2024-04-21 00:59:17,600 - mmcls - INFO - Saving checkpoint at 87 epochs
2024-04-21 00:59:19,678 - mmcls - INFO - Epoch(val) [87][6]	accuracy_top-1: 79.4118, accuracy_top-5: 99.4118
2024-04-21 00:59:30,121 - mmcls - INFO - Saving checkpoint at 88 epochs
2024-04-21 00:59:32,423 - mmcls - INFO - Epoch(val) [88][6]	accuracy_top-1: 76.4706, accuracy_top-5: 98.2353
2024-04-21 00:59:43,081 - mmcls - INFO - Saving checkpoint at 89 epochs
2024-04-21 00:59:45,393 - mmcls - INFO - Epoch(val) [89][6]	accuracy_top-1: 76.4706, accuracy_top-5: 97.6471
2024-04-21 00:59:56,032 - mmcls - INFO - Saving checkpoint at 90 epochs
2024-04-21 00:59:58,306 - mmcls - INFO - Epoch(val) [90][6]	accuracy_top-1: 78.2353, accuracy_top-5: 97.0588
2024-04-21 01:00:08,738 - mmcls - INFO - Saving checkpoint at 91 epochs
2024-04-21 01:00:11,024 - mmcls - INFO - Epoch(val) [91][6]	accuracy_top-1: 82.3529, accuracy_top-5: 98.8235
2024-04-21 01:00:21,238 - mmcls - INFO - Saving checkpoint at 92 epochs
2024-04-21 01:00:23,323 - mmcls - INFO - Epoch(val) [92][6]	accuracy_top-1: 76.4706, accuracy_top-5: 98.8235
2024-04-21 01:00:33,482 - mmcls - INFO - Saving checkpoint at 93 epochs
2024-04-21 01:00:35,809 - mmcls - INFO - Epoch(val) [93][6]	accuracy_top-1: 69.4118, accuracy_top-5: 97.0588
2024-04-21 01:00:46,046 - mmcls - INFO - Saving checkpoint at 94 epochs
2024-04-21 01:00:48,169 - mmcls - INFO - Epoch(val) [94][6]	accuracy_top-1: 83.5294, accuracy_top-5: 98.2353
2024-04-21 01:00:58,675 - mmcls - INFO - Saving checkpoint at 95 epochs
2024-04-21 01:01:00,693 - mmcls - INFO - Epoch(val) [95][6]	accuracy_top-1: 74.7059, accuracy_top-5: 97.0588
2024-04-21 01:01:11,130 - mmcls - INFO - Saving checkpoint at 96 epochs
2024-04-21 01:01:13,265 - mmcls - INFO - Epoch(val) [96][6]	accuracy_top-1: 81.1765, accuracy_top-5: 97.6471
2024-04-21 01:01:23,879 - mmcls - INFO - Saving checkpoint at 97 epochs
2024-04-21 01:01:25,945 - mmcls - INFO - Epoch(val) [97][6]	accuracy_top-1: 77.6471, accuracy_top-5: 98.8235
2024-04-21 01:01:36,337 - mmcls - INFO - Saving checkpoint at 98 epochs
2024-04-21 01:01:38,390 - mmcls - INFO - Epoch(val) [98][6]	accuracy_top-1: 70.0000, accuracy_top-5: 98.8235
2024-04-21 01:01:48,885 - mmcls - INFO - Saving checkpoint at 99 epochs
2024-04-21 01:01:50,944 - mmcls - INFO - Epoch(val) [99][6]	accuracy_top-1: 74.1176, accuracy_top-5: 96.4706
2024-04-21 01:02:01,443 - mmcls - INFO - Saving checkpoint at 100 epochs
2024-04-21 01:02:03,456 - mmcls - INFO - Epoch(val) [100][6]	accuracy_top-1: 81.1765, accuracy_top-5: 98.8235
