2024-03-04 00:21:56,715 - mmcls - INFO - Environment info:
------------------------------------------------------------
sys.platform: linux
Python: 3.7.16 (default, Jan 17 2023, 22:20:44) [GCC 11.2.0]
CUDA available: True
GPU 0: NVIDIA GeForce RTX 2080 Ti
CUDA_HOME: /usr/local/cuda
NVCC: Cuda compilation tools, release 11.8, V11.8.89
GCC: gcc (Ubuntu 11.4.0-1ubuntu1~22.04) 11.4.0
PyTorch: 1.7.1
PyTorch compiling details: PyTorch built with:
  - GCC 7.3
  - C++ Version: 201402
  - Intel(R) oneAPI Math Kernel Library Version 2021.4-Product Build 20210904 for Intel(R) 64 architecture applications
  - Intel(R) MKL-DNN v1.6.0 (Git Hash 5ef631a030a6f73131c77892041042805a06064f)
  - OpenMP 201511 (a.k.a. OpenMP 4.5)
  - NNPACK is enabled
  - CPU capability usage: AVX2
  - CUDA Runtime 10.1
  - NVCC architecture flags: -gencode;arch=compute_37,code=sm_37;-gencode;arch=compute_50,code=sm_50;-gencode;arch=compute_60,code=sm_60;-gencode;arch=compute_61,code=sm_61;-gencode;arch=compute_70,code=sm_70;-gencode;arch=compute_75,code=sm_75;-gencode;arch=compute_37,code=compute_37
  - CuDNN 7.6.3
  - Magma 2.5.2
  - Build settings: BLAS=MKL, BUILD_TYPE=Release, CXX_FLAGS= -Wno-deprecated -fvisibility-inlines-hidden -DUSE_PTHREADPOOL -fopenmp -DNDEBUG -DUSE_FBGEMM -DUSE_QNNPACK -DUSE_PYTORCH_QNNPACK -DUSE_XNNPACK -DUSE_VULKAN_WRAPPER -O2 -fPIC -Wno-narrowing -Wall -Wextra -Werror=return-type -Wno-missing-field-initializers -Wno-type-limits -Wno-array-bounds -Wno-unknown-pragmas -Wno-sign-compare -Wno-unused-parameter -Wno-unused-variable -Wno-unused-function -Wno-unused-result -Wno-unused-local-typedefs -Wno-strict-overflow -Wno-strict-aliasing -Wno-error=deprecated-declarations -Wno-stringop-overflow -Wno-psabi -Wno-error=pedantic -Wno-error=redundant-decls -Wno-error=old-style-cast -fdiagnostics-color=always -faligned-new -Wno-unused-but-set-variable -Wno-maybe-uninitialized -fno-math-errno -fno-trapping-math -Werror=format -Wno-stringop-overflow, PERF_WITH_AVX=1, PERF_WITH_AVX2=1, PERF_WITH_AVX512=1, USE_CUDA=ON, USE_EXCEPTION_PTR=1, USE_GFLAGS=OFF, USE_GLOG=OFF, USE_MKL=ON, USE_MKLDNN=ON, USE_MPI=OFF, USE_NCCL=ON, USE_NNPACK=ON, USE_OPENMP=ON, 

TorchVision: 0.8.2
OpenCV: 4.9.0
MMCV: 1.5.0
MMCV Compiler: GCC 11.4
MMCV CUDA Compiler: 11.8
MMClassification: 0.15.0+2d2583a
------------------------------------------------------------

2024-03-04 00:21:56,723 - mmcls - INFO - Distributed training: False
2024-03-04 00:21:56,917 - mmcls - INFO - Config:
model = dict(
    type='ImageClassifier',
    backbone=dict(
        type='ResNet',
        depth=50,
        num_stages=4,
        out_indices=(3, ),
        style='pytorch'),
    neck=dict(type='GlobalAveragePooling'),
    head=dict(
        type='LinearClsHead',
        num_classes=17,
        in_channels=2048,
        loss=dict(type='CrossEntropyLoss', loss_weight=1.0)))
dataset_type = 'Flowers'
img_norm_cfg = dict(
    mean=[123.675, 116.28, 103.53], std=[58.395, 57.12, 57.375], to_rgb=True)
train_pipeline = [
    dict(type='LoadImageFromFile'),
    dict(type='RandomResizedCrop', size=224),
    dict(type='RandomFlip', flip_prob=0.5, direction='horizontal'),
    dict(
        type='Normalize',
        mean=[123.675, 116.28, 103.53],
        std=[58.395, 57.12, 57.375],
        to_rgb=True),
    dict(type='ImageToTensor', keys=['img']),
    dict(type='ToTensor', keys=['gt_label']),
    dict(type='Collect', keys=['img', 'gt_label'])
]
test_pipeline = [
    dict(type='LoadImageFromFile'),
    dict(type='Resize', size=(256, -1)),
    dict(type='CenterCrop', crop_size=224),
    dict(
        type='Normalize',
        mean=[123.675, 116.28, 103.53],
        std=[58.395, 57.12, 57.375],
        to_rgb=True),
    dict(type='ImageToTensor', keys=['img']),
    dict(type='Collect', keys=['img'])
]
data = dict(
    samples_per_gpu=32,
    workers_per_gpu=1,
    train=dict(
        type='Flowers',
        data_prefix='data/flowers/train',
        ann_file='data/flowers/meta/train.txt',
        pipeline=[
            dict(type='LoadImageFromFile'),
            dict(type='RandomResizedCrop', size=224),
            dict(type='RandomFlip', flip_prob=0.5, direction='horizontal'),
            dict(
                type='Normalize',
                mean=[123.675, 116.28, 103.53],
                std=[58.395, 57.12, 57.375],
                to_rgb=True),
            dict(type='ImageToTensor', keys=['img']),
            dict(type='ToTensor', keys=['gt_label']),
            dict(type='Collect', keys=['img', 'gt_label'])
        ]),
    val=dict(
        type='Flowers',
        data_prefix='data/flowers/val',
        ann_file='data/flowers/meta/val.txt',
        pipeline=[
            dict(type='LoadImageFromFile'),
            dict(type='Resize', size=(256, -1)),
            dict(type='CenterCrop', crop_size=224),
            dict(
                type='Normalize',
                mean=[123.675, 116.28, 103.53],
                std=[58.395, 57.12, 57.375],
                to_rgb=True),
            dict(type='ImageToTensor', keys=['img']),
            dict(type='Collect', keys=['img'])
        ]),
    test=dict(
        type='Flowers',
        data_prefix='data/flowers/val',
        ann_file='data/flowers/meta/val.txt',
        pipeline=[
            dict(type='LoadImageFromFile'),
            dict(type='Resize', size=(256, -1)),
            dict(type='CenterCrop', crop_size=224),
            dict(
                type='Normalize',
                mean=[123.675, 116.28, 103.53],
                std=[58.395, 57.12, 57.375],
                to_rgb=True),
            dict(type='ImageToTensor', keys=['img']),
            dict(type='Collect', keys=['img'])
        ]))
evaluation = dict(interval=1, metric='accuracy')
optimizer = dict(type='SGD', lr=0.1, momentum=0.9, weight_decay=0.0001)
optimizer_config = dict(grad_clip=None)
lr_config = dict(policy='step', step=[100, 150])
runner = dict(type='EpochBasedRunner', max_epochs=100)
checkpoint_config = dict(interval=1)
log_config = dict(interval=100, hooks=[dict(type='TextLoggerHook')])
dist_params = dict(backend='nccl')
log_level = 'INFO'
load_from = None
resume_from = None
workflow = [('train', 1)]
work_dir = 'output/resnet50_b16x8_flowers'
gpu_ids = range(0, 1)

2024-03-04 00:21:57,269 - mmcls - INFO - initialize ResNet with init_cfg [{'type': 'Kaiming', 'layer': ['Conv2d']}, {'type': 'Constant', 'val': 1, 'layer': ['_BatchNorm', 'GroupNorm']}]
2024-03-04 00:21:57,618 - mmcls - INFO - initialize LinearClsHead with init_cfg {'type': 'Normal', 'layer': 'Linear', 'std': 0.01}
Name of parameter - Initialization information

backbone.conv1.weight - torch.Size([64, 3, 7, 7]): 
KaimingInit: a=0, mode=fan_out, nonlinearity=relu, distribution =normal, bias=0 

backbone.bn1.weight - torch.Size([64]): 
The value is the same before and after calling `init_weights` of ImageClassifier  

backbone.bn1.bias - torch.Size([64]): 
The value is the same before and after calling `init_weights` of ImageClassifier  

backbone.layer1.0.conv1.weight - torch.Size([64, 64, 1, 1]): 
KaimingInit: a=0, mode=fan_out, nonlinearity=relu, distribution =normal, bias=0 

backbone.layer1.0.bn1.weight - torch.Size([64]): 
The value is the same before and after calling `init_weights` of ImageClassifier  

backbone.layer1.0.bn1.bias - torch.Size([64]): 
The value is the same before and after calling `init_weights` of ImageClassifier  

backbone.layer1.0.conv2.weight - torch.Size([64, 64, 3, 3]): 
KaimingInit: a=0, mode=fan_out, nonlinearity=relu, distribution =normal, bias=0 

backbone.layer1.0.bn2.weight - torch.Size([64]): 
The value is the same before and after calling `init_weights` of ImageClassifier  

backbone.layer1.0.bn2.bias - torch.Size([64]): 
The value is the same before and after calling `init_weights` of ImageClassifier  

backbone.layer1.0.conv3.weight - torch.Size([256, 64, 1, 1]): 
KaimingInit: a=0, mode=fan_out, nonlinearity=relu, distribution =normal, bias=0 

backbone.layer1.0.bn3.weight - torch.Size([256]): 
Initialized by user-defined `init_weights` in ResNet  

backbone.layer1.0.bn3.bias - torch.Size([256]): 
The value is the same before and after calling `init_weights` of ImageClassifier  

backbone.layer1.0.downsample.0.weight - torch.Size([256, 64, 1, 1]): 
KaimingInit: a=0, mode=fan_out, nonlinearity=relu, distribution =normal, bias=0 

backbone.layer1.0.downsample.1.weight - torch.Size([256]): 
The value is the same before and after calling `init_weights` of ImageClassifier  

backbone.layer1.0.downsample.1.bias - torch.Size([256]): 
The value is the same before and after calling `init_weights` of ImageClassifier  

backbone.layer1.1.conv1.weight - torch.Size([64, 256, 1, 1]): 
KaimingInit: a=0, mode=fan_out, nonlinearity=relu, distribution =normal, bias=0 

backbone.layer1.1.bn1.weight - torch.Size([64]): 
The value is the same before and after calling `init_weights` of ImageClassifier  

backbone.layer1.1.bn1.bias - torch.Size([64]): 
The value is the same before and after calling `init_weights` of ImageClassifier  

backbone.layer1.1.conv2.weight - torch.Size([64, 64, 3, 3]): 
KaimingInit: a=0, mode=fan_out, nonlinearity=relu, distribution =normal, bias=0 

backbone.layer1.1.bn2.weight - torch.Size([64]): 
The value is the same before and after calling `init_weights` of ImageClassifier  

backbone.layer1.1.bn2.bias - torch.Size([64]): 
The value is the same before and after calling `init_weights` of ImageClassifier  

backbone.layer1.1.conv3.weight - torch.Size([256, 64, 1, 1]): 
KaimingInit: a=0, mode=fan_out, nonlinearity=relu, distribution =normal, bias=0 

backbone.layer1.1.bn3.weight - torch.Size([256]): 
Initialized by user-defined `init_weights` in ResNet  

backbone.layer1.1.bn3.bias - torch.Size([256]): 
The value is the same before and after calling `init_weights` of ImageClassifier  

backbone.layer1.2.conv1.weight - torch.Size([64, 256, 1, 1]): 
KaimingInit: a=0, mode=fan_out, nonlinearity=relu, distribution =normal, bias=0 

backbone.layer1.2.bn1.weight - torch.Size([64]): 
The value is the same before and after calling `init_weights` of ImageClassifier  

backbone.layer1.2.bn1.bias - torch.Size([64]): 
The value is the same before and after calling `init_weights` of ImageClassifier  

backbone.layer1.2.conv2.weight - torch.Size([64, 64, 3, 3]): 
KaimingInit: a=0, mode=fan_out, nonlinearity=relu, distribution =normal, bias=0 

backbone.layer1.2.bn2.weight - torch.Size([64]): 
The value is the same before and after calling `init_weights` of ImageClassifier  

backbone.layer1.2.bn2.bias - torch.Size([64]): 
The value is the same before and after calling `init_weights` of ImageClassifier  

backbone.layer1.2.conv3.weight - torch.Size([256, 64, 1, 1]): 
KaimingInit: a=0, mode=fan_out, nonlinearity=relu, distribution =normal, bias=0 

backbone.layer1.2.bn3.weight - torch.Size([256]): 
Initialized by user-defined `init_weights` in ResNet  

backbone.layer1.2.bn3.bias - torch.Size([256]): 
The value is the same before and after calling `init_weights` of ImageClassifier  

backbone.layer2.0.conv1.weight - torch.Size([128, 256, 1, 1]): 
KaimingInit: a=0, mode=fan_out, nonlinearity=relu, distribution =normal, bias=0 

backbone.layer2.0.bn1.weight - torch.Size([128]): 
The value is the same before and after calling `init_weights` of ImageClassifier  

backbone.layer2.0.bn1.bias - torch.Size([128]): 
The value is the same before and after calling `init_weights` of ImageClassifier  

backbone.layer2.0.conv2.weight - torch.Size([128, 128, 3, 3]): 
KaimingInit: a=0, mode=fan_out, nonlinearity=relu, distribution =normal, bias=0 

backbone.layer2.0.bn2.weight - torch.Size([128]): 
The value is the same before and after calling `init_weights` of ImageClassifier  

backbone.layer2.0.bn2.bias - torch.Size([128]): 
The value is the same before and after calling `init_weights` of ImageClassifier  

backbone.layer2.0.conv3.weight - torch.Size([512, 128, 1, 1]): 
KaimingInit: a=0, mode=fan_out, nonlinearity=relu, distribution =normal, bias=0 

backbone.layer2.0.bn3.weight - torch.Size([512]): 
Initialized by user-defined `init_weights` in ResNet  

backbone.layer2.0.bn3.bias - torch.Size([512]): 
The value is the same before and after calling `init_weights` of ImageClassifier  

backbone.layer2.0.downsample.0.weight - torch.Size([512, 256, 1, 1]): 
KaimingInit: a=0, mode=fan_out, nonlinearity=relu, distribution =normal, bias=0 

backbone.layer2.0.downsample.1.weight - torch.Size([512]): 
The value is the same before and after calling `init_weights` of ImageClassifier  

backbone.layer2.0.downsample.1.bias - torch.Size([512]): 
The value is the same before and after calling `init_weights` of ImageClassifier  

backbone.layer2.1.conv1.weight - torch.Size([128, 512, 1, 1]): 
KaimingInit: a=0, mode=fan_out, nonlinearity=relu, distribution =normal, bias=0 

backbone.layer2.1.bn1.weight - torch.Size([128]): 
The value is the same before and after calling `init_weights` of ImageClassifier  

backbone.layer2.1.bn1.bias - torch.Size([128]): 
The value is the same before and after calling `init_weights` of ImageClassifier  

backbone.layer2.1.conv2.weight - torch.Size([128, 128, 3, 3]): 
KaimingInit: a=0, mode=fan_out, nonlinearity=relu, distribution =normal, bias=0 

backbone.layer2.1.bn2.weight - torch.Size([128]): 
The value is the same before and after calling `init_weights` of ImageClassifier  

backbone.layer2.1.bn2.bias - torch.Size([128]): 
The value is the same before and after calling `init_weights` of ImageClassifier  

backbone.layer2.1.conv3.weight - torch.Size([512, 128, 1, 1]): 
KaimingInit: a=0, mode=fan_out, nonlinearity=relu, distribution =normal, bias=0 

backbone.layer2.1.bn3.weight - torch.Size([512]): 
Initialized by user-defined `init_weights` in ResNet  

backbone.layer2.1.bn3.bias - torch.Size([512]): 
The value is the same before and after calling `init_weights` of ImageClassifier  

backbone.layer2.2.conv1.weight - torch.Size([128, 512, 1, 1]): 
KaimingInit: a=0, mode=fan_out, nonlinearity=relu, distribution =normal, bias=0 

backbone.layer2.2.bn1.weight - torch.Size([128]): 
The value is the same before and after calling `init_weights` of ImageClassifier  

backbone.layer2.2.bn1.bias - torch.Size([128]): 
The value is the same before and after calling `init_weights` of ImageClassifier  

backbone.layer2.2.conv2.weight - torch.Size([128, 128, 3, 3]): 
KaimingInit: a=0, mode=fan_out, nonlinearity=relu, distribution =normal, bias=0 

backbone.layer2.2.bn2.weight - torch.Size([128]): 
The value is the same before and after calling `init_weights` of ImageClassifier  

backbone.layer2.2.bn2.bias - torch.Size([128]): 
The value is the same before and after calling `init_weights` of ImageClassifier  

backbone.layer2.2.conv3.weight - torch.Size([512, 128, 1, 1]): 
KaimingInit: a=0, mode=fan_out, nonlinearity=relu, distribution =normal, bias=0 

backbone.layer2.2.bn3.weight - torch.Size([512]): 
Initialized by user-defined `init_weights` in ResNet  

backbone.layer2.2.bn3.bias - torch.Size([512]): 
The value is the same before and after calling `init_weights` of ImageClassifier  

backbone.layer2.3.conv1.weight - torch.Size([128, 512, 1, 1]): 
KaimingInit: a=0, mode=fan_out, nonlinearity=relu, distribution =normal, bias=0 

backbone.layer2.3.bn1.weight - torch.Size([128]): 
The value is the same before and after calling `init_weights` of ImageClassifier  

backbone.layer2.3.bn1.bias - torch.Size([128]): 
The value is the same before and after calling `init_weights` of ImageClassifier  

backbone.layer2.3.conv2.weight - torch.Size([128, 128, 3, 3]): 
KaimingInit: a=0, mode=fan_out, nonlinearity=relu, distribution =normal, bias=0 

backbone.layer2.3.bn2.weight - torch.Size([128]): 
The value is the same before and after calling `init_weights` of ImageClassifier  

backbone.layer2.3.bn2.bias - torch.Size([128]): 
The value is the same before and after calling `init_weights` of ImageClassifier  

backbone.layer2.3.conv3.weight - torch.Size([512, 128, 1, 1]): 
KaimingInit: a=0, mode=fan_out, nonlinearity=relu, distribution =normal, bias=0 

backbone.layer2.3.bn3.weight - torch.Size([512]): 
Initialized by user-defined `init_weights` in ResNet  

backbone.layer2.3.bn3.bias - torch.Size([512]): 
The value is the same before and after calling `init_weights` of ImageClassifier  

backbone.layer3.0.conv1.weight - torch.Size([256, 512, 1, 1]): 
KaimingInit: a=0, mode=fan_out, nonlinearity=relu, distribution =normal, bias=0 

backbone.layer3.0.bn1.weight - torch.Size([256]): 
The value is the same before and after calling `init_weights` of ImageClassifier  

backbone.layer3.0.bn1.bias - torch.Size([256]): 
The value is the same before and after calling `init_weights` of ImageClassifier  

backbone.layer3.0.conv2.weight - torch.Size([256, 256, 3, 3]): 
KaimingInit: a=0, mode=fan_out, nonlinearity=relu, distribution =normal, bias=0 

backbone.layer3.0.bn2.weight - torch.Size([256]): 
The value is the same before and after calling `init_weights` of ImageClassifier  

backbone.layer3.0.bn2.bias - torch.Size([256]): 
The value is the same before and after calling `init_weights` of ImageClassifier  

backbone.layer3.0.conv3.weight - torch.Size([1024, 256, 1, 1]): 
KaimingInit: a=0, mode=fan_out, nonlinearity=relu, distribution =normal, bias=0 

backbone.layer3.0.bn3.weight - torch.Size([1024]): 
Initialized by user-defined `init_weights` in ResNet  

backbone.layer3.0.bn3.bias - torch.Size([1024]): 
The value is the same before and after calling `init_weights` of ImageClassifier  

backbone.layer3.0.downsample.0.weight - torch.Size([1024, 512, 1, 1]): 
KaimingInit: a=0, mode=fan_out, nonlinearity=relu, distribution =normal, bias=0 

backbone.layer3.0.downsample.1.weight - torch.Size([1024]): 
The value is the same before and after calling `init_weights` of ImageClassifier  

backbone.layer3.0.downsample.1.bias - torch.Size([1024]): 
The value is the same before and after calling `init_weights` of ImageClassifier  

backbone.layer3.1.conv1.weight - torch.Size([256, 1024, 1, 1]): 
KaimingInit: a=0, mode=fan_out, nonlinearity=relu, distribution =normal, bias=0 

backbone.layer3.1.bn1.weight - torch.Size([256]): 
The value is the same before and after calling `init_weights` of ImageClassifier  

backbone.layer3.1.bn1.bias - torch.Size([256]): 
The value is the same before and after calling `init_weights` of ImageClassifier  

backbone.layer3.1.conv2.weight - torch.Size([256, 256, 3, 3]): 
KaimingInit: a=0, mode=fan_out, nonlinearity=relu, distribution =normal, bias=0 

backbone.layer3.1.bn2.weight - torch.Size([256]): 
The value is the same before and after calling `init_weights` of ImageClassifier  

backbone.layer3.1.bn2.bias - torch.Size([256]): 
The value is the same before and after calling `init_weights` of ImageClassifier  

backbone.layer3.1.conv3.weight - torch.Size([1024, 256, 1, 1]): 
KaimingInit: a=0, mode=fan_out, nonlinearity=relu, distribution =normal, bias=0 

backbone.layer3.1.bn3.weight - torch.Size([1024]): 
Initialized by user-defined `init_weights` in ResNet  

backbone.layer3.1.bn3.bias - torch.Size([1024]): 
The value is the same before and after calling `init_weights` of ImageClassifier  

backbone.layer3.2.conv1.weight - torch.Size([256, 1024, 1, 1]): 
KaimingInit: a=0, mode=fan_out, nonlinearity=relu, distribution =normal, bias=0 

backbone.layer3.2.bn1.weight - torch.Size([256]): 
The value is the same before and after calling `init_weights` of ImageClassifier  

backbone.layer3.2.bn1.bias - torch.Size([256]): 
The value is the same before and after calling `init_weights` of ImageClassifier  

backbone.layer3.2.conv2.weight - torch.Size([256, 256, 3, 3]): 
KaimingInit: a=0, mode=fan_out, nonlinearity=relu, distribution =normal, bias=0 

backbone.layer3.2.bn2.weight - torch.Size([256]): 
The value is the same before and after calling `init_weights` of ImageClassifier  

backbone.layer3.2.bn2.bias - torch.Size([256]): 
The value is the same before and after calling `init_weights` of ImageClassifier  

backbone.layer3.2.conv3.weight - torch.Size([1024, 256, 1, 1]): 
KaimingInit: a=0, mode=fan_out, nonlinearity=relu, distribution =normal, bias=0 

backbone.layer3.2.bn3.weight - torch.Size([1024]): 
Initialized by user-defined `init_weights` in ResNet  

backbone.layer3.2.bn3.bias - torch.Size([1024]): 
The value is the same before and after calling `init_weights` of ImageClassifier  

backbone.layer3.3.conv1.weight - torch.Size([256, 1024, 1, 1]): 
KaimingInit: a=0, mode=fan_out, nonlinearity=relu, distribution =normal, bias=0 

backbone.layer3.3.bn1.weight - torch.Size([256]): 
The value is the same before and after calling `init_weights` of ImageClassifier  

backbone.layer3.3.bn1.bias - torch.Size([256]): 
The value is the same before and after calling `init_weights` of ImageClassifier  

backbone.layer3.3.conv2.weight - torch.Size([256, 256, 3, 3]): 
KaimingInit: a=0, mode=fan_out, nonlinearity=relu, distribution =normal, bias=0 

backbone.layer3.3.bn2.weight - torch.Size([256]): 
The value is the same before and after calling `init_weights` of ImageClassifier  

backbone.layer3.3.bn2.bias - torch.Size([256]): 
The value is the same before and after calling `init_weights` of ImageClassifier  

backbone.layer3.3.conv3.weight - torch.Size([1024, 256, 1, 1]): 
KaimingInit: a=0, mode=fan_out, nonlinearity=relu, distribution =normal, bias=0 

backbone.layer3.3.bn3.weight - torch.Size([1024]): 
Initialized by user-defined `init_weights` in ResNet  

backbone.layer3.3.bn3.bias - torch.Size([1024]): 
The value is the same before and after calling `init_weights` of ImageClassifier  

backbone.layer3.4.conv1.weight - torch.Size([256, 1024, 1, 1]): 
KaimingInit: a=0, mode=fan_out, nonlinearity=relu, distribution =normal, bias=0 

backbone.layer3.4.bn1.weight - torch.Size([256]): 
The value is the same before and after calling `init_weights` of ImageClassifier  

backbone.layer3.4.bn1.bias - torch.Size([256]): 
The value is the same before and after calling `init_weights` of ImageClassifier  

backbone.layer3.4.conv2.weight - torch.Size([256, 256, 3, 3]): 
KaimingInit: a=0, mode=fan_out, nonlinearity=relu, distribution =normal, bias=0 

backbone.layer3.4.bn2.weight - torch.Size([256]): 
The value is the same before and after calling `init_weights` of ImageClassifier  

backbone.layer3.4.bn2.bias - torch.Size([256]): 
The value is the same before and after calling `init_weights` of ImageClassifier  

backbone.layer3.4.conv3.weight - torch.Size([1024, 256, 1, 1]): 
KaimingInit: a=0, mode=fan_out, nonlinearity=relu, distribution =normal, bias=0 

backbone.layer3.4.bn3.weight - torch.Size([1024]): 
Initialized by user-defined `init_weights` in ResNet  

backbone.layer3.4.bn3.bias - torch.Size([1024]): 
The value is the same before and after calling `init_weights` of ImageClassifier  

backbone.layer3.5.conv1.weight - torch.Size([256, 1024, 1, 1]): 
KaimingInit: a=0, mode=fan_out, nonlinearity=relu, distribution =normal, bias=0 

backbone.layer3.5.bn1.weight - torch.Size([256]): 
The value is the same before and after calling `init_weights` of ImageClassifier  

backbone.layer3.5.bn1.bias - torch.Size([256]): 
The value is the same before and after calling `init_weights` of ImageClassifier  

backbone.layer3.5.conv2.weight - torch.Size([256, 256, 3, 3]): 
KaimingInit: a=0, mode=fan_out, nonlinearity=relu, distribution =normal, bias=0 

backbone.layer3.5.bn2.weight - torch.Size([256]): 
The value is the same before and after calling `init_weights` of ImageClassifier  

backbone.layer3.5.bn2.bias - torch.Size([256]): 
The value is the same before and after calling `init_weights` of ImageClassifier  

backbone.layer3.5.conv3.weight - torch.Size([1024, 256, 1, 1]): 
KaimingInit: a=0, mode=fan_out, nonlinearity=relu, distribution =normal, bias=0 

backbone.layer3.5.bn3.weight - torch.Size([1024]): 
Initialized by user-defined `init_weights` in ResNet  

backbone.layer3.5.bn3.bias - torch.Size([1024]): 
The value is the same before and after calling `init_weights` of ImageClassifier  

backbone.layer4.0.conv1.weight - torch.Size([512, 1024, 1, 1]): 
KaimingInit: a=0, mode=fan_out, nonlinearity=relu, distribution =normal, bias=0 

backbone.layer4.0.bn1.weight - torch.Size([512]): 
The value is the same before and after calling `init_weights` of ImageClassifier  

backbone.layer4.0.bn1.bias - torch.Size([512]): 
The value is the same before and after calling `init_weights` of ImageClassifier  

backbone.layer4.0.conv2.weight - torch.Size([512, 512, 3, 3]): 
KaimingInit: a=0, mode=fan_out, nonlinearity=relu, distribution =normal, bias=0 

backbone.layer4.0.bn2.weight - torch.Size([512]): 
The value is the same before and after calling `init_weights` of ImageClassifier  

backbone.layer4.0.bn2.bias - torch.Size([512]): 
The value is the same before and after calling `init_weights` of ImageClassifier  

backbone.layer4.0.conv3.weight - torch.Size([2048, 512, 1, 1]): 
KaimingInit: a=0, mode=fan_out, nonlinearity=relu, distribution =normal, bias=0 

backbone.layer4.0.bn3.weight - torch.Size([2048]): 
Initialized by user-defined `init_weights` in ResNet  

backbone.layer4.0.bn3.bias - torch.Size([2048]): 
The value is the same before and after calling `init_weights` of ImageClassifier  

backbone.layer4.0.downsample.0.weight - torch.Size([2048, 1024, 1, 1]): 
KaimingInit: a=0, mode=fan_out, nonlinearity=relu, distribution =normal, bias=0 

backbone.layer4.0.downsample.1.weight - torch.Size([2048]): 
The value is the same before and after calling `init_weights` of ImageClassifier  

backbone.layer4.0.downsample.1.bias - torch.Size([2048]): 
The value is the same before and after calling `init_weights` of ImageClassifier  

backbone.layer4.1.conv1.weight - torch.Size([512, 2048, 1, 1]): 
KaimingInit: a=0, mode=fan_out, nonlinearity=relu, distribution =normal, bias=0 

backbone.layer4.1.bn1.weight - torch.Size([512]): 
The value is the same before and after calling `init_weights` of ImageClassifier  

backbone.layer4.1.bn1.bias - torch.Size([512]): 
The value is the same before and after calling `init_weights` of ImageClassifier  

backbone.layer4.1.conv2.weight - torch.Size([512, 512, 3, 3]): 
KaimingInit: a=0, mode=fan_out, nonlinearity=relu, distribution =normal, bias=0 

backbone.layer4.1.bn2.weight - torch.Size([512]): 
The value is the same before and after calling `init_weights` of ImageClassifier  

backbone.layer4.1.bn2.bias - torch.Size([512]): 
The value is the same before and after calling `init_weights` of ImageClassifier  

backbone.layer4.1.conv3.weight - torch.Size([2048, 512, 1, 1]): 
KaimingInit: a=0, mode=fan_out, nonlinearity=relu, distribution =normal, bias=0 

backbone.layer4.1.bn3.weight - torch.Size([2048]): 
Initialized by user-defined `init_weights` in ResNet  

backbone.layer4.1.bn3.bias - torch.Size([2048]): 
The value is the same before and after calling `init_weights` of ImageClassifier  

backbone.layer4.2.conv1.weight - torch.Size([512, 2048, 1, 1]): 
KaimingInit: a=0, mode=fan_out, nonlinearity=relu, distribution =normal, bias=0 

backbone.layer4.2.bn1.weight - torch.Size([512]): 
The value is the same before and after calling `init_weights` of ImageClassifier  

backbone.layer4.2.bn1.bias - torch.Size([512]): 
The value is the same before and after calling `init_weights` of ImageClassifier  

backbone.layer4.2.conv2.weight - torch.Size([512, 512, 3, 3]): 
KaimingInit: a=0, mode=fan_out, nonlinearity=relu, distribution =normal, bias=0 

backbone.layer4.2.bn2.weight - torch.Size([512]): 
The value is the same before and after calling `init_weights` of ImageClassifier  

backbone.layer4.2.bn2.bias - torch.Size([512]): 
The value is the same before and after calling `init_weights` of ImageClassifier  

backbone.layer4.2.conv3.weight - torch.Size([2048, 512, 1, 1]): 
KaimingInit: a=0, mode=fan_out, nonlinearity=relu, distribution =normal, bias=0 

backbone.layer4.2.bn3.weight - torch.Size([2048]): 
Initialized by user-defined `init_weights` in ResNet  

backbone.layer4.2.bn3.bias - torch.Size([2048]): 
The value is the same before and after calling `init_weights` of ImageClassifier  

head.fc.weight - torch.Size([17, 2048]): 
NormalInit: mean=0, std=0.01, bias=0 

head.fc.bias - torch.Size([17]): 
NormalInit: mean=0, std=0.01, bias=0 
2024-03-04 00:22:01,007 - mmcls - INFO - Start running, host: hzhao11@gpu2-comp-101, work_dir: /userhome/cs2/hzhao11/training/oxford-cnn/output/resnet50_b16x8_flowers
2024-03-04 00:22:01,008 - mmcls - INFO - Hooks will be executed in the following order:
before_run:
(VERY_HIGH   ) StepLrUpdaterHook                  
(NORMAL      ) CheckpointHook                     
(NORMAL      ) EvalHook                           
(VERY_LOW    ) TextLoggerHook                     
 -------------------- 
before_train_epoch:
(VERY_HIGH   ) StepLrUpdaterHook                  
(NORMAL      ) EvalHook                           
(LOW         ) IterTimerHook                      
(VERY_LOW    ) TextLoggerHook                     
 -------------------- 
before_train_iter:
(VERY_HIGH   ) StepLrUpdaterHook                  
(NORMAL      ) EvalHook                           
(LOW         ) IterTimerHook                      
 -------------------- 
after_train_iter:
(ABOVE_NORMAL) OptimizerHook                      
(NORMAL      ) CheckpointHook                     
(NORMAL      ) EvalHook                           
(LOW         ) IterTimerHook                      
(VERY_LOW    ) TextLoggerHook                     
 -------------------- 
after_train_epoch:
(NORMAL      ) CheckpointHook                     
(NORMAL      ) EvalHook                           
(VERY_LOW    ) TextLoggerHook                     
 -------------------- 
before_val_epoch:
(LOW         ) IterTimerHook                      
(VERY_LOW    ) TextLoggerHook                     
 -------------------- 
before_val_iter:
(LOW         ) IterTimerHook                      
 -------------------- 
after_val_iter:
(LOW         ) IterTimerHook                      
 -------------------- 
after_val_epoch:
(VERY_LOW    ) TextLoggerHook                     
 -------------------- 
after_run:
(VERY_LOW    ) TextLoggerHook                     
 -------------------- 
2024-03-04 00:22:01,008 - mmcls - INFO - workflow: [('train', 1)], max: 100 epochs
2024-03-04 00:22:01,008 - mmcls - INFO - Checkpoints will be saved to /userhome/cs2/hzhao11/training/oxford-cnn/output/resnet50_b16x8_flowers by HardDiskBackend.
2024-03-04 00:22:12,468 - mmcls - INFO - Saving checkpoint at 1 epochs
2024-03-04 00:22:15,056 - mmcls - INFO - Epoch(val) [1][6]	accuracy_top-1: 17.0588, accuracy_top-5: 57.6471
2024-03-04 00:22:25,525 - mmcls - INFO - Saving checkpoint at 2 epochs
2024-03-04 00:22:27,999 - mmcls - INFO - Epoch(val) [2][6]	accuracy_top-1: 34.7059, accuracy_top-5: 86.4706
2024-03-04 00:22:38,746 - mmcls - INFO - Saving checkpoint at 3 epochs
2024-03-04 00:22:41,302 - mmcls - INFO - Epoch(val) [3][6]	accuracy_top-1: 31.7647, accuracy_top-5: 81.7647
2024-03-04 00:22:52,046 - mmcls - INFO - Saving checkpoint at 4 epochs
2024-03-04 00:22:54,603 - mmcls - INFO - Epoch(val) [4][6]	accuracy_top-1: 41.1765, accuracy_top-5: 91.7647
2024-03-04 00:23:05,448 - mmcls - INFO - Saving checkpoint at 5 epochs
2024-03-04 00:23:08,147 - mmcls - INFO - Epoch(val) [5][6]	accuracy_top-1: 41.7647, accuracy_top-5: 87.0588
2024-03-04 00:23:18,845 - mmcls - INFO - Saving checkpoint at 6 epochs
2024-03-04 00:23:21,322 - mmcls - INFO - Epoch(val) [6][6]	accuracy_top-1: 40.5882, accuracy_top-5: 88.8235
2024-03-04 00:23:31,941 - mmcls - INFO - Saving checkpoint at 7 epochs
2024-03-04 00:23:34,483 - mmcls - INFO - Epoch(val) [7][6]	accuracy_top-1: 44.7059, accuracy_top-5: 88.2353
2024-03-04 00:23:45,189 - mmcls - INFO - Saving checkpoint at 8 epochs
2024-03-04 00:23:47,964 - mmcls - INFO - Epoch(val) [8][6]	accuracy_top-1: 48.2353, accuracy_top-5: 91.7647
2024-03-04 00:23:58,687 - mmcls - INFO - Saving checkpoint at 9 epochs
2024-03-04 00:24:01,129 - mmcls - INFO - Epoch(val) [9][6]	accuracy_top-1: 54.7059, accuracy_top-5: 94.1176
2024-03-04 00:24:12,070 - mmcls - INFO - Saving checkpoint at 10 epochs
2024-03-04 00:24:14,760 - mmcls - INFO - Epoch(val) [10][6]	accuracy_top-1: 57.0588, accuracy_top-5: 95.2941
2024-03-04 00:24:25,370 - mmcls - INFO - Saving checkpoint at 11 epochs
2024-03-04 00:24:27,943 - mmcls - INFO - Epoch(val) [11][6]	accuracy_top-1: 55.2941, accuracy_top-5: 94.7059
2024-03-04 00:24:38,675 - mmcls - INFO - Saving checkpoint at 12 epochs
2024-03-04 00:24:41,090 - mmcls - INFO - Epoch(val) [12][6]	accuracy_top-1: 57.0588, accuracy_top-5: 92.9412
2024-03-04 00:24:51,957 - mmcls - INFO - Saving checkpoint at 13 epochs
2024-03-04 00:24:54,449 - mmcls - INFO - Epoch(val) [13][6]	accuracy_top-1: 61.1765, accuracy_top-5: 94.1176
2024-03-04 00:25:05,149 - mmcls - INFO - Saving checkpoint at 14 epochs
2024-03-04 00:25:07,754 - mmcls - INFO - Epoch(val) [14][6]	accuracy_top-1: 60.5882, accuracy_top-5: 97.0588
2024-03-04 00:25:18,696 - mmcls - INFO - Saving checkpoint at 15 epochs
2024-03-04 00:25:21,114 - mmcls - INFO - Epoch(val) [15][6]	accuracy_top-1: 67.0588, accuracy_top-5: 95.8824
2024-03-04 00:25:31,640 - mmcls - INFO - Saving checkpoint at 16 epochs
2024-03-04 00:25:34,415 - mmcls - INFO - Epoch(val) [16][6]	accuracy_top-1: 62.9412, accuracy_top-5: 96.4706
2024-03-04 00:25:45,320 - mmcls - INFO - Saving checkpoint at 17 epochs
2024-03-04 00:25:47,766 - mmcls - INFO - Epoch(val) [17][6]	accuracy_top-1: 62.9412, accuracy_top-5: 94.1176
2024-03-04 00:25:58,750 - mmcls - INFO - Saving checkpoint at 18 epochs
2024-03-04 00:26:01,202 - mmcls - INFO - Epoch(val) [18][6]	accuracy_top-1: 63.5294, accuracy_top-5: 96.4706
2024-03-04 00:26:12,628 - mmcls - INFO - Saving checkpoint at 19 epochs
2024-03-04 00:26:15,063 - mmcls - INFO - Epoch(val) [19][6]	accuracy_top-1: 58.2353, accuracy_top-5: 97.6471
2024-03-04 00:26:26,457 - mmcls - INFO - Saving checkpoint at 20 epochs
2024-03-04 00:26:29,115 - mmcls - INFO - Epoch(val) [20][6]	accuracy_top-1: 56.4706, accuracy_top-5: 95.8824
2024-03-04 00:26:40,295 - mmcls - INFO - Saving checkpoint at 21 epochs
2024-03-04 00:26:42,900 - mmcls - INFO - Epoch(val) [21][6]	accuracy_top-1: 68.8235, accuracy_top-5: 96.4706
2024-03-04 00:26:53,843 - mmcls - INFO - Saving checkpoint at 22 epochs
2024-03-04 00:26:56,514 - mmcls - INFO - Epoch(val) [22][6]	accuracy_top-1: 64.1176, accuracy_top-5: 97.6471
2024-03-04 00:27:07,428 - mmcls - INFO - Saving checkpoint at 23 epochs
2024-03-04 00:27:09,961 - mmcls - INFO - Epoch(val) [23][6]	accuracy_top-1: 61.1765, accuracy_top-5: 96.4706
2024-03-04 00:27:20,898 - mmcls - INFO - Saving checkpoint at 24 epochs
2024-03-04 00:27:23,454 - mmcls - INFO - Epoch(val) [24][6]	accuracy_top-1: 68.2353, accuracy_top-5: 97.6471
2024-03-04 00:27:34,790 - mmcls - INFO - Saving checkpoint at 25 epochs
2024-03-04 00:27:37,368 - mmcls - INFO - Epoch(val) [25][6]	accuracy_top-1: 64.1176, accuracy_top-5: 94.1176
2024-03-04 00:27:48,159 - mmcls - INFO - Saving checkpoint at 26 epochs
2024-03-04 00:27:50,724 - mmcls - INFO - Epoch(val) [26][6]	accuracy_top-1: 71.7647, accuracy_top-5: 97.0588
2024-03-04 00:28:01,692 - mmcls - INFO - Saving checkpoint at 27 epochs
2024-03-04 00:28:04,201 - mmcls - INFO - Epoch(val) [27][6]	accuracy_top-1: 71.1765, accuracy_top-5: 99.4118
2024-03-04 00:28:15,079 - mmcls - INFO - Saving checkpoint at 28 epochs
2024-03-04 00:28:17,864 - mmcls - INFO - Epoch(val) [28][6]	accuracy_top-1: 76.4706, accuracy_top-5: 97.0588
2024-03-04 00:28:29,271 - mmcls - INFO - Saving checkpoint at 29 epochs
2024-03-04 00:28:31,831 - mmcls - INFO - Epoch(val) [29][6]	accuracy_top-1: 65.2941, accuracy_top-5: 96.4706
2024-03-04 00:28:42,596 - mmcls - INFO - Saving checkpoint at 30 epochs
2024-03-04 00:28:45,394 - mmcls - INFO - Epoch(val) [30][6]	accuracy_top-1: 76.4706, accuracy_top-5: 98.2353
2024-03-04 00:28:56,910 - mmcls - INFO - Saving checkpoint at 31 epochs
2024-03-04 00:28:59,767 - mmcls - INFO - Epoch(val) [31][6]	accuracy_top-1: 77.0588, accuracy_top-5: 98.8235
2024-03-04 00:29:10,594 - mmcls - INFO - Saving checkpoint at 32 epochs
2024-03-04 00:29:13,352 - mmcls - INFO - Epoch(val) [32][6]	accuracy_top-1: 75.8824, accuracy_top-5: 99.4118
2024-03-04 00:29:24,025 - mmcls - INFO - Saving checkpoint at 33 epochs
2024-03-04 00:29:26,973 - mmcls - INFO - Epoch(val) [33][6]	accuracy_top-1: 68.8235, accuracy_top-5: 100.0000
2024-03-04 00:29:37,594 - mmcls - INFO - Saving checkpoint at 34 epochs
2024-03-04 00:29:40,138 - mmcls - INFO - Epoch(val) [34][6]	accuracy_top-1: 62.3529, accuracy_top-5: 88.2353
2024-03-04 00:29:51,329 - mmcls - INFO - Saving checkpoint at 35 epochs
2024-03-04 00:29:54,009 - mmcls - INFO - Epoch(val) [35][6]	accuracy_top-1: 74.1176, accuracy_top-5: 97.6471
2024-03-04 00:30:04,951 - mmcls - INFO - Saving checkpoint at 36 epochs
2024-03-04 00:30:07,904 - mmcls - INFO - Epoch(val) [36][6]	accuracy_top-1: 82.9412, accuracy_top-5: 98.8235
2024-03-04 00:30:19,116 - mmcls - INFO - Saving checkpoint at 37 epochs
2024-03-04 00:30:21,751 - mmcls - INFO - Epoch(val) [37][6]	accuracy_top-1: 82.9412, accuracy_top-5: 98.8235
2024-03-04 00:30:32,930 - mmcls - INFO - Saving checkpoint at 38 epochs
2024-03-04 00:30:35,440 - mmcls - INFO - Epoch(val) [38][6]	accuracy_top-1: 80.0000, accuracy_top-5: 99.4118
2024-03-04 00:30:46,435 - mmcls - INFO - Saving checkpoint at 39 epochs
2024-03-04 00:30:49,032 - mmcls - INFO - Epoch(val) [39][6]	accuracy_top-1: 74.1176, accuracy_top-5: 97.6471
2024-03-04 00:31:00,135 - mmcls - INFO - Saving checkpoint at 40 epochs
2024-03-04 00:31:02,718 - mmcls - INFO - Epoch(val) [40][6]	accuracy_top-1: 80.5882, accuracy_top-5: 99.4118
2024-03-04 00:31:13,667 - mmcls - INFO - Saving checkpoint at 41 epochs
2024-03-04 00:31:16,358 - mmcls - INFO - Epoch(val) [41][6]	accuracy_top-1: 86.4706, accuracy_top-5: 99.4118
2024-03-04 00:31:27,219 - mmcls - INFO - Saving checkpoint at 42 epochs
2024-03-04 00:31:29,778 - mmcls - INFO - Epoch(val) [42][6]	accuracy_top-1: 77.6471, accuracy_top-5: 97.6471
2024-03-04 00:31:40,794 - mmcls - INFO - Saving checkpoint at 43 epochs
2024-03-04 00:31:43,338 - mmcls - INFO - Epoch(val) [43][6]	accuracy_top-1: 86.4706, accuracy_top-5: 99.4118
2024-03-04 00:31:54,347 - mmcls - INFO - Saving checkpoint at 44 epochs
2024-03-04 00:31:56,851 - mmcls - INFO - Epoch(val) [44][6]	accuracy_top-1: 81.1765, accuracy_top-5: 100.0000
2024-03-04 00:32:07,859 - mmcls - INFO - Saving checkpoint at 45 epochs
2024-03-04 00:32:10,415 - mmcls - INFO - Epoch(val) [45][6]	accuracy_top-1: 78.8235, accuracy_top-5: 98.8235
2024-03-04 00:32:21,613 - mmcls - INFO - Saving checkpoint at 46 epochs
2024-03-04 00:32:24,136 - mmcls - INFO - Epoch(val) [46][6]	accuracy_top-1: 80.0000, accuracy_top-5: 99.4118
2024-03-04 00:32:35,207 - mmcls - INFO - Saving checkpoint at 47 epochs
2024-03-04 00:32:38,195 - mmcls - INFO - Epoch(val) [47][6]	accuracy_top-1: 82.9412, accuracy_top-5: 99.4118
2024-03-04 00:32:49,439 - mmcls - INFO - Saving checkpoint at 48 epochs
2024-03-04 00:32:52,051 - mmcls - INFO - Epoch(val) [48][6]	accuracy_top-1: 75.2941, accuracy_top-5: 97.0588
2024-03-04 00:33:03,635 - mmcls - INFO - Saving checkpoint at 49 epochs
2024-03-04 00:33:06,300 - mmcls - INFO - Epoch(val) [49][6]	accuracy_top-1: 74.1176, accuracy_top-5: 97.0588
2024-03-04 00:33:18,143 - mmcls - INFO - Saving checkpoint at 50 epochs
2024-03-04 00:33:20,699 - mmcls - INFO - Epoch(val) [50][6]	accuracy_top-1: 79.4118, accuracy_top-5: 98.2353
2024-03-04 00:33:32,635 - mmcls - INFO - Saving checkpoint at 51 epochs
2024-03-04 00:33:35,232 - mmcls - INFO - Epoch(val) [51][6]	accuracy_top-1: 82.9412, accuracy_top-5: 97.6471
2024-03-04 00:33:47,245 - mmcls - INFO - Saving checkpoint at 52 epochs
2024-03-04 00:33:50,054 - mmcls - INFO - Epoch(val) [52][6]	accuracy_top-1: 78.8235, accuracy_top-5: 98.2353
2024-03-04 00:34:01,807 - mmcls - INFO - Saving checkpoint at 53 epochs
2024-03-04 00:34:04,309 - mmcls - INFO - Epoch(val) [53][6]	accuracy_top-1: 85.8824, accuracy_top-5: 98.2353
2024-03-04 00:34:16,045 - mmcls - INFO - Saving checkpoint at 54 epochs
2024-03-04 00:34:18,825 - mmcls - INFO - Epoch(val) [54][6]	accuracy_top-1: 85.8824, accuracy_top-5: 98.2353
2024-03-04 00:34:30,835 - mmcls - INFO - Saving checkpoint at 55 epochs
2024-03-04 00:34:33,161 - mmcls - INFO - Epoch(val) [55][6]	accuracy_top-1: 80.5882, accuracy_top-5: 100.0000
2024-03-04 00:34:44,803 - mmcls - INFO - Saving checkpoint at 56 epochs
2024-03-04 00:34:47,656 - mmcls - INFO - Epoch(val) [56][6]	accuracy_top-1: 85.2941, accuracy_top-5: 98.8235
2024-03-04 00:34:59,676 - mmcls - INFO - Saving checkpoint at 57 epochs
2024-03-04 00:35:02,528 - mmcls - INFO - Epoch(val) [57][6]	accuracy_top-1: 88.8235, accuracy_top-5: 99.4118
2024-03-04 00:35:14,137 - mmcls - INFO - Saving checkpoint at 58 epochs
2024-03-04 00:35:16,829 - mmcls - INFO - Epoch(val) [58][6]	accuracy_top-1: 81.7647, accuracy_top-5: 99.4118
2024-03-04 00:35:28,807 - mmcls - INFO - Saving checkpoint at 59 epochs
2024-03-04 00:35:31,554 - mmcls - INFO - Epoch(val) [59][6]	accuracy_top-1: 85.2941, accuracy_top-5: 99.4118
2024-03-04 00:35:42,660 - mmcls - INFO - Saving checkpoint at 60 epochs
2024-03-04 00:35:45,251 - mmcls - INFO - Epoch(val) [60][6]	accuracy_top-1: 88.8235, accuracy_top-5: 100.0000
2024-03-04 00:35:57,017 - mmcls - INFO - Saving checkpoint at 61 epochs
2024-03-04 00:35:59,616 - mmcls - INFO - Epoch(val) [61][6]	accuracy_top-1: 86.4706, accuracy_top-5: 99.4118
2024-03-04 00:36:11,291 - mmcls - INFO - Saving checkpoint at 62 epochs
2024-03-04 00:36:13,821 - mmcls - INFO - Epoch(val) [62][6]	accuracy_top-1: 85.8824, accuracy_top-5: 99.4118
2024-03-04 00:36:25,988 - mmcls - INFO - Saving checkpoint at 63 epochs
2024-03-04 00:36:28,820 - mmcls - INFO - Epoch(val) [63][6]	accuracy_top-1: 82.3529, accuracy_top-5: 100.0000
2024-03-04 00:36:40,525 - mmcls - INFO - Saving checkpoint at 64 epochs
2024-03-04 00:36:42,995 - mmcls - INFO - Epoch(val) [64][6]	accuracy_top-1: 81.1765, accuracy_top-5: 99.4118
2024-03-04 00:36:55,533 - mmcls - INFO - Saving checkpoint at 65 epochs
2024-03-04 00:36:58,119 - mmcls - INFO - Epoch(val) [65][6]	accuracy_top-1: 83.5294, accuracy_top-5: 99.4118
2024-03-04 00:37:09,653 - mmcls - INFO - Saving checkpoint at 66 epochs
2024-03-04 00:37:12,631 - mmcls - INFO - Epoch(val) [66][6]	accuracy_top-1: 85.2941, accuracy_top-5: 100.0000
2024-03-04 00:37:24,561 - mmcls - INFO - Saving checkpoint at 67 epochs
2024-03-04 00:37:27,246 - mmcls - INFO - Epoch(val) [67][6]	accuracy_top-1: 87.0588, accuracy_top-5: 99.4118
2024-03-04 00:37:38,775 - mmcls - INFO - Saving checkpoint at 68 epochs
2024-03-04 00:37:41,498 - mmcls - INFO - Epoch(val) [68][6]	accuracy_top-1: 87.0588, accuracy_top-5: 99.4118
2024-03-04 00:37:53,156 - mmcls - INFO - Saving checkpoint at 69 epochs
2024-03-04 00:37:55,626 - mmcls - INFO - Epoch(val) [69][6]	accuracy_top-1: 88.8235, accuracy_top-5: 99.4118
2024-03-04 00:38:07,153 - mmcls - INFO - Saving checkpoint at 70 epochs
2024-03-04 00:38:09,981 - mmcls - INFO - Epoch(val) [70][6]	accuracy_top-1: 82.9412, accuracy_top-5: 97.0588
2024-03-04 00:38:22,049 - mmcls - INFO - Saving checkpoint at 71 epochs
2024-03-04 00:38:24,686 - mmcls - INFO - Epoch(val) [71][6]	accuracy_top-1: 90.5882, accuracy_top-5: 99.4118
2024-03-04 00:38:36,329 - mmcls - INFO - Saving checkpoint at 72 epochs
2024-03-04 00:38:38,910 - mmcls - INFO - Epoch(val) [72][6]	accuracy_top-1: 90.5882, accuracy_top-5: 99.4118
2024-03-04 00:38:50,459 - mmcls - INFO - Saving checkpoint at 73 epochs
2024-03-04 00:38:53,122 - mmcls - INFO - Epoch(val) [73][6]	accuracy_top-1: 84.7059, accuracy_top-5: 99.4118
2024-03-04 00:39:04,764 - mmcls - INFO - Saving checkpoint at 74 epochs
2024-03-04 00:39:07,341 - mmcls - INFO - Epoch(val) [74][6]	accuracy_top-1: 80.0000, accuracy_top-5: 99.4118
2024-03-04 00:39:19,041 - mmcls - INFO - Saving checkpoint at 75 epochs
2024-03-04 00:39:21,621 - mmcls - INFO - Epoch(val) [75][6]	accuracy_top-1: 76.4706, accuracy_top-5: 98.2353
2024-03-04 00:39:33,278 - mmcls - INFO - Saving checkpoint at 76 epochs
2024-03-04 00:39:35,984 - mmcls - INFO - Epoch(val) [76][6]	accuracy_top-1: 90.5882, accuracy_top-5: 99.4118
2024-03-04 00:39:47,361 - mmcls - INFO - Saving checkpoint at 77 epochs
2024-03-04 00:39:50,215 - mmcls - INFO - Epoch(val) [77][6]	accuracy_top-1: 88.2353, accuracy_top-5: 99.4118
2024-03-04 00:40:01,749 - mmcls - INFO - Saving checkpoint at 78 epochs
2024-03-04 00:40:04,195 - mmcls - INFO - Epoch(val) [78][6]	accuracy_top-1: 89.4118, accuracy_top-5: 99.4118
2024-03-04 00:40:15,847 - mmcls - INFO - Saving checkpoint at 79 epochs
2024-03-04 00:40:18,645 - mmcls - INFO - Epoch(val) [79][6]	accuracy_top-1: 86.4706, accuracy_top-5: 100.0000
2024-03-04 00:40:29,834 - mmcls - INFO - Saving checkpoint at 80 epochs
2024-03-04 00:40:32,295 - mmcls - INFO - Epoch(val) [80][6]	accuracy_top-1: 91.1765, accuracy_top-5: 99.4118
2024-03-04 00:40:43,201 - mmcls - INFO - Saving checkpoint at 81 epochs
2024-03-04 00:40:45,568 - mmcls - INFO - Epoch(val) [81][6]	accuracy_top-1: 90.0000, accuracy_top-5: 100.0000
2024-03-04 00:40:56,774 - mmcls - INFO - Saving checkpoint at 82 epochs
2024-03-04 00:40:59,371 - mmcls - INFO - Epoch(val) [82][6]	accuracy_top-1: 80.5882, accuracy_top-5: 99.4118
2024-03-04 00:41:11,071 - mmcls - INFO - Saving checkpoint at 83 epochs
2024-03-04 00:41:13,590 - mmcls - INFO - Epoch(val) [83][6]	accuracy_top-1: 88.8235, accuracy_top-5: 99.4118
2024-03-04 00:41:24,686 - mmcls - INFO - Saving checkpoint at 84 epochs
2024-03-04 00:41:27,241 - mmcls - INFO - Epoch(val) [84][6]	accuracy_top-1: 89.4118, accuracy_top-5: 99.4118
2024-03-04 00:41:38,462 - mmcls - INFO - Saving checkpoint at 85 epochs
2024-03-04 00:41:41,060 - mmcls - INFO - Epoch(val) [85][6]	accuracy_top-1: 87.6471, accuracy_top-5: 98.8235
2024-03-04 00:41:52,198 - mmcls - INFO - Saving checkpoint at 86 epochs
2024-03-04 00:41:54,781 - mmcls - INFO - Epoch(val) [86][6]	accuracy_top-1: 82.3529, accuracy_top-5: 100.0000
2024-03-04 00:42:06,325 - mmcls - INFO - Saving checkpoint at 87 epochs
2024-03-04 00:42:09,090 - mmcls - INFO - Epoch(val) [87][6]	accuracy_top-1: 92.3529, accuracy_top-5: 98.8235
2024-03-04 00:42:20,468 - mmcls - INFO - Saving checkpoint at 88 epochs
2024-03-04 00:42:23,388 - mmcls - INFO - Epoch(val) [88][6]	accuracy_top-1: 91.7647, accuracy_top-5: 99.4118
2024-03-04 00:42:34,347 - mmcls - INFO - Saving checkpoint at 89 epochs
2024-03-04 00:42:36,872 - mmcls - INFO - Epoch(val) [89][6]	accuracy_top-1: 82.9412, accuracy_top-5: 97.6471
2024-03-04 00:42:48,020 - mmcls - INFO - Saving checkpoint at 90 epochs
2024-03-04 00:42:50,556 - mmcls - INFO - Epoch(val) [90][6]	accuracy_top-1: 84.1176, accuracy_top-5: 98.2353
2024-03-04 00:43:01,512 - mmcls - INFO - Saving checkpoint at 91 epochs
2024-03-04 00:43:04,434 - mmcls - INFO - Epoch(val) [91][6]	accuracy_top-1: 90.0000, accuracy_top-5: 99.4118
2024-03-04 00:43:15,165 - mmcls - INFO - Saving checkpoint at 92 epochs
2024-03-04 00:43:17,814 - mmcls - INFO - Epoch(val) [92][6]	accuracy_top-1: 88.8235, accuracy_top-5: 99.4118
2024-03-04 00:43:28,831 - mmcls - INFO - Saving checkpoint at 93 epochs
2024-03-04 00:43:31,340 - mmcls - INFO - Epoch(val) [93][6]	accuracy_top-1: 90.0000, accuracy_top-5: 99.4118
2024-03-04 00:43:42,303 - mmcls - INFO - Saving checkpoint at 94 epochs
2024-03-04 00:43:44,906 - mmcls - INFO - Epoch(val) [94][6]	accuracy_top-1: 94.7059, accuracy_top-5: 100.0000
2024-03-04 00:43:55,829 - mmcls - INFO - Saving checkpoint at 95 epochs
2024-03-04 00:43:58,588 - mmcls - INFO - Epoch(val) [95][6]	accuracy_top-1: 85.2941, accuracy_top-5: 98.8235
2024-03-04 00:44:09,395 - mmcls - INFO - Saving checkpoint at 96 epochs
2024-03-04 00:44:11,960 - mmcls - INFO - Epoch(val) [96][6]	accuracy_top-1: 90.0000, accuracy_top-5: 99.4118
2024-03-04 00:44:22,829 - mmcls - INFO - Saving checkpoint at 97 epochs
2024-03-04 00:44:25,483 - mmcls - INFO - Epoch(val) [97][6]	accuracy_top-1: 90.0000, accuracy_top-5: 98.8235
2024-03-04 00:44:36,714 - mmcls - INFO - Saving checkpoint at 98 epochs
2024-03-04 00:44:39,671 - mmcls - INFO - Epoch(val) [98][6]	accuracy_top-1: 90.0000, accuracy_top-5: 98.8235
2024-03-04 00:44:50,721 - mmcls - INFO - Saving checkpoint at 99 epochs
2024-03-04 00:44:53,238 - mmcls - INFO - Epoch(val) [99][6]	accuracy_top-1: 88.2353, accuracy_top-5: 98.8235
2024-03-04 00:45:03,952 - mmcls - INFO - Saving checkpoint at 100 epochs
2024-03-04 00:45:06,512 - mmcls - INFO - Epoch(val) [100][6]	accuracy_top-1: 90.0000, accuracy_top-5: 99.4118
